






Started logging.
I[21:53:20.244] clangd version 12.0.0 (https://github.com/llvm/llvm-project e841bd5f335864b8c4d81cbf4df08460ef39f2ae)
I[21:53:20.245] PID: 20180
I[21:53:20.245] Working directory: d:\arduino codes\alt_gyro_datalogger\sketch_oct14a
I[21:53:20.245] argv[0]: e:\arduino 2.0\Arduino IDE\resources\app\node_modules\arduino-ide-extension\build\bin\clangd.exe
I[21:53:20.245] argv[1]: -log=verbose
I[21:53:20.245] argv[2]: --compile-commands-dir=C:\Users\Anniesh\AppData\Local\Temp\arduino-language-server605359791
I[21:53:20.245] argv[3]: -query-driver=C:\Users\Anniesh\AppData\Local\Arduino15\packages\**
V[21:53:20.251] User config file is C:\Users\Anniesh\AppData\Local\clangd\config.yaml
I[21:53:20.251] Starting LSP over stdin/stdout
V[21:53:20.251] <<< {"id":0,"jsonrpc":"2.0","method":"initialize","params":{"capabilities":{"textDocument":{"codeAction":{"codeActionLiteralSupport":{"codeActionKind":{"valueSet":["","quickfix","refactor","refactor.extract","refactor.inline","refactor.rewrite","source","source.organizeImports"]}},"dynamicRegistration":true,"isPreferredSupport":true},"colorProvider":{"dynamicRegistration":true},"completion":{"completionItem":{"documentationFormat":["markdown","plaintext"],"snippetSupport":true},"completionItemKind":{"valueSet":[1,2,3,4,5,6,7,8,9,10,11,12,13,14,15,16,17,18,19,20,21,22,23,24,25]},"contextSupport":true},"declaration":{"linkSupport":true},"definition":{"linkSupport":true},"documentLink":{"dynamicRegistration":true,"tooltipSupport":true},"documentSymbol":{"hierarchicalDocumentSymbolSupport":true,"symbolKind":{"valueSet":[1,2,3,4,5,6,7,8,9,10,11,12,13,14,15,16,17,18,19,20,21,22,23,24,25,26]}},"foldingRange":{"dynamicRegistration":true,"lineFoldingOnly":true,"rangeLimit":5000},"formatting":{"dynamicRegistration":true},"hover":{"contentFormat":["markdown","plaintext"]},"implementation":{"dynamicRegistration":true,"linkSupport":true},"rangeFormatting":{"dynamicRegistration":true},"rename":{"dynamicRegistration":true,"prepareSupport":true},"signatureHelp":{"signatureInformation":{"parameterInformation":{"labelOffsetSupport":true}}},"synchronization":{"didSave":true,"willSave":true,"willSaveWaitUntil":true},"typeDefinition":{"linkSupport":true}},"window":{"workDoneProgress":true},"workspace":{"applyEdit":true,"configuration":true,"didChangeWatchedFiles":{"dynamicRegistration":true},"executeCommand":{"dynamicRegistration":true},"symbol":{"symbolKind":{"valueSet":[1,2,3,4,5,6,7,8,9,10,11,12,13,14,15,16,17,18,19,20,21,22,23,24,25,26]}},"workspaceEdit":{"documentChanges":true,"resourceOperations":["create","rename","delete"]},"workspaceFolders":true}},"clientInfo":{"name":"vscode","version":"1.50.0"},"initializationOptions":{},"processId":23816,"rootPath":"C:\\Users\\Anniesh\\AppData\\Local\\Temp\\arduino-language-server605359791\\sketch","rootUri":"file:///C:/Users/Anniesh/AppData/Local/Temp/arduino-language-server605359791/sketch","trace":"off"}}

I[21:53:20.251] <-- initialize(0)
I[21:53:20.273] --> reply:initialize(0) 22 ms
V[21:53:20.273] >>> {"id":0,"jsonrpc":"2.0","result":{"capabilities":{"astProvider":true,"callHierarchyProvider":true,"codeActionProvider":{"codeActionKinds":["quickfix","refactor","info"]},"compilationDatabase":{"automaticReload":true},"completionProvider":{"allCommitCharacters":[" ","\t","(",")","[","]","{","}","<",">",":",";",",","+","-","/","*","%","^","&","#","?",".","=","\"","'","|"],"resolveProvider":false,"triggerCharacters":[".","<",">",":","\"","/"]},"declarationProvider":true,"definitionProvider":true,"documentFormattingProvider":true,"documentHighlightProvider":true,"documentLinkProvider":{"resolveProvider":false},"documentOnTypeFormattingProvider":{"firstTriggerCharacter":"\n","moreTriggerCharacter":[]},"documentRangeFormattingProvider":true,"documentSymbolProvider":true,"executeCommandProvider":{"commands":["clangd.applyFix","clangd.applyTweak"]},"hoverProvider":true,"implementationProvider":true,"memoryUsageProvider":true,"referencesProvider":true,"renameProvider":{"prepareProvider":true},"selectionRangeProvider":true,"semanticTokensProvider":{"full":{"delta":true},"legend":{"tokenModifiers":[],"tokenTypes":["variable","variable","parameter","function","method","function","property","variable","class","enum","enumMember","type","dependent","dependent","namespace","typeParameter","concept","type","macro","comment"]},"range":false},"signatureHelpProvider":{"triggerCharacters":["(",","]},"textDocumentSync":{"change":2,"openClose":true,"save":true},"typeHierarchyProvider":true,"workspaceSymbolProvider":true},"serverInfo":{"name":"clangd","version":"clangd version 12.0.0 (https://github.com/llvm/llvm-project e841bd5f335864b8c4d81cbf4df08460ef39f2ae)"}}}

V[21:53:20.274] <<< {"jsonrpc":"2.0","method":"initialized","params":{}}

I[21:53:20.274] <-- initialized
V[21:53:20.276] <<< {"jsonrpc":"2.0","method":"textDocument/didOpen","params":{"textDocument":{"languageId":"cpp","text":"#include <Arduino.h>\n#line 1 \"D:\\\\arduino codes\\\\alt_gyro_datalogger\\\\sketch_oct14a\\\\sketch_oct14a.ino\"\n#include <SPI.h>\r\n#include <SD.h>\r\n#include <Wire.h>\r\n#include \"i2c.h\"\r\n\r\n#include \"i2c_BMP280.h\"\r\nBMP280 bmp280;\r\n\r\n\r\nconst int ledr = 3;\r\nconst int ledg = 5;\r\nconst int ledb = 6;\r\n\r\n\r\nvoid setup() \r\n{\r\n  pinMode(ledr,OUTPUT);\r\n  pinMode(ledg,OUTPUT);\r\n  pinMode(ledb,OUTPUT);\r\n  \r\n  \r\n  \r\n  \r\n  if (bmp280.initialize())\r\n  {\r\n    ledstatus(10,237,245,100);\r\n  }\r\n  else\r\n  ledstatus(9,147,228,404);\r\n\r\n}\r\n\r\nvoid loop() {\r\n \r\n\r\n}\r\n\r\n\r\n\r\n\r\n\r\n\r\nvoid ledstatus(int val1, int val2, int val3, int mes)\r\n{ int n = 10;\r\n  if(mes = 404){\r\n    while(n!=0){\r\n    digitalWrite(ledr,val1);\r\n    digitalWrite(ledg,val2);\r\n    digitalWrite(ledb,val3);\r\n    delay(500);\r\n    n--;\r\n  }}\r\n  if(mes = 100)\r\n  {\r\n   \r\n    digitalWrite(ledr,val1);\r\n    digitalWrite(ledg,val2);\r\n    digitalWrite(ledb,val3);\r\n    delay(2000);\r\n  \r\n}\r\n}\r\n\n","uri":"file:///C:/Users/Anniesh/AppData/Local/Temp/arduino-language-server605359791/sketch/sketch_oct14a.ino.cpp","version":1}}}

I[21:53:20.276] <-- textDocument/didOpen
V[21:53:20.276] <<< {"id":1,"jsonrpc":"2.0","method":"textDocument/documentSymbol","params":{"textDocument":{"uri":"file:///C:/Users/Anniesh/AppData/Local/Temp/arduino-language-server605359791/sketch/sketch_oct14a.ino.cpp"}}}

I[21:53:20.276] <-- textDocument/documentSymbol(1)
I[21:53:20.280] Loaded compilation database from C:\Users\Anniesh\AppData\Local\Temp\arduino-language-server605359791\compile_commands.json
I[21:53:20.280] ASTWorker building file C:\Users\Anniesh\AppData\Local\Temp\arduino-language-server605359791\sketch\sketch_oct14a.ino.cpp version 1 with command clangd fallback
[C:\Users\Anniesh\AppData\Local\Temp\arduino-language-server605359791\sketch]
C:\MinGW\bin\clang C:\Users\Anniesh\AppData\Local\Temp\arduino-language-server605359791\sketch\sketch_oct14a.ino.cpp -fsyntax-only -resource-dir=e:\arduino 2.0\Arduino IDE\resources\app\node_modules\arduino-ide-extension\build\lib\clang\12.0.0
V[21:53:20.280] Broadcasting compilation database from C:\Users\Anniesh\AppData\Local\Temp\arduino-language-server605359791
I[21:53:20.280] --> window/workDoneProgress/create(0)
V[21:53:20.280] >>> {"id":0,"jsonrpc":"2.0","method":"window/workDoneProgress/create","params":{"token":"backgroundIndexProgress"}}

I[21:53:20.280] Enqueueing 0 commands for indexing
V[21:53:20.280] <<< {"id":0,"jsonrpc":"2.0","result":null}

I[21:53:20.280] <-- reply(0)
I[21:53:20.280] --> $/progress
V[21:53:20.280] >>> {"jsonrpc":"2.0","method":"$/progress","params":{"token":"backgroundIndexProgress","value":{"kind":"begin","percentage":0,"title":"indexing"}}}

I[21:53:20.280] --> $/progress
V[21:53:20.280] >>> {"jsonrpc":"2.0","method":"$/progress","params":{"token":"backgroundIndexProgress","value":{"kind":"report","message":"0/1","percentage":0}}}

I[21:53:20.281] --> $/progress
V[21:53:20.281] >>> {"jsonrpc":"2.0","method":"$/progress","params":{"token":"backgroundIndexProgress","value":{"kind":"report","message":"0/1","percentage":0}}}

I[21:53:20.281] --> $/progress
V[21:53:20.281] >>> {"jsonrpc":"2.0","method":"$/progress","params":{"token":"backgroundIndexProgress","value":{"kind":"end"}}}

V[21:53:20.283] <<< {"id":2,"jsonrpc":"2.0","method":"textDocument/codeAction","params":{"context":{"diagnostics":[]},"range":{"end":{"character":0,"line":2},"start":{"character":0,"line":2}},"textDocument":{"uri":"file:///C:/Users/Anniesh/AppData/Local/Temp/arduino-language-server605359791/sketch/sketch_oct14a.ino.cpp"}}}

I[21:53:20.283] <-- textDocument/codeAction(2)
V[21:53:20.301] Driver produced command: cc1 -cc1 -triple x86_64-pc-windows-msvc19.11.0 -fsyntax-only -disable-free -disable-llvm-verifier -discard-value-names -main-file-name sketch_oct14a.ino.cpp -mrelocation-model pic -pic-level 2 -mframe-pointer=none -fmath-errno -fno-rounding-math -mconstructor-aliases -munwind-tables -target-cpu x86-64 -tune-cpu generic -resource-dir e:\arduino 2.0\Arduino IDE\resources\app\node_modules\arduino-ide-extension\build\lib\clang\12.0.0 -internal-isystem e:\arduino 2.0\Arduino IDE\resources\app\node_modules\arduino-ide-extension\build\lib\clang\12.0.0\include -internal-isystem C:/Program Files/Microsoft Visual Studio 10.0/VC/include -internal-isystem C:/Program Files/Microsoft Visual Studio 9.0/VC/include -internal-isystem C:/Program Files/Microsoft Visual Studio 9.0/VC/PlatformSDK/Include -internal-isystem C:/Program Files/Microsoft Visual Studio 8/VC/include -internal-isystem C:/Program Files/Microsoft Visual Studio 8/VC/PlatformSDK/Include -fdeprecated-macro -fdebug-compilation-dir C:\Users\Anniesh\AppData\Local\Temp\arduino-language-server605359791\sketch -ferror-limit 19 -fno-use-cxa-atexit -fms-extensions -fms-compatibility -fms-compatibility-version=19.11 -std=c++14 -fdelayed-template-parsing -fcxx-exceptions -fexceptions -faddrsig -x c++ C:\Users\Anniesh\AppData\Local\Temp\arduino-language-server605359791\sketch\sketch_oct14a.ino.cpp
V[21:53:20.301] Building first preamble for C:\Users\Anniesh\AppData\Local\Temp\arduino-language-server605359791\sketch\sketch_oct14a.ino.cpp version 1
V[21:53:20.319] indexed preamble AST for C:\Users\Anniesh\AppData\Local\Temp\arduino-language-server605359791\sketch\sketch_oct14a.ino.cpp version 1:
  symbol slab: 0 symbols, 128 bytes
  ref slab: 0 symbols, 0 refs, 136 bytes
  relations slab: 0 relations, 24 bytes
V[21:53:20.327] Built preamble of size 222068 for file C:\Users\Anniesh\AppData\Local\Temp\arduino-language-server605359791\sketch\sketch_oct14a.ino.cpp version 1
V[21:53:20.359] Trying to fix unresolved name "BMP280" in scopes: []
V[21:53:20.366] Trying to fix unresolved name "OUTPUT" in scopes: []
V[21:53:20.367] Trying to fix unresolved name "OUTPUT" in scopes: []
V[21:53:20.367] Trying to fix unresolved name "OUTPUT" in scopes: []
V[21:53:20.368] Trying to fix unresolved name "ledstatus" in scopes: []
V[21:53:20.369] Trying to fix unresolved name "ledstatus" in scopes: []
V[21:53:20.373] Trying to fix unresolved name "digitalWrite" in scopes: []
V[21:53:20.373] Trying to fix unresolved name "digitalWrite" in scopes: []
V[21:53:20.374] Trying to fix unresolved name "digitalWrite" in scopes: []
V[21:53:20.374] Trying to fix unresolved name "delay" in scopes: []
V[21:53:20.374] Trying to fix unresolved name "digitalWrite" in scopes: []
V[21:53:20.375] Trying to fix unresolved name "digitalWrite" in scopes: []
V[21:53:20.375] Trying to fix unresolved name "digitalWrite" in scopes: []
V[21:53:20.375] Trying to fix unresolved name "delay" in scopes: []
V[21:53:20.380] indexed file AST for C:\Users\Anniesh\AppData\Local\Temp\arduino-language-server605359791\sketch\sketch_oct14a.ino.cpp version 1:
  symbol slab: 7 symbols, 5848 bytes
  ref slab: 7 symbols, 16 refs, 4448 bytes
  relations slab: 0 relations, 24 bytes
V[21:53:20.380] Build dynamic index for main-file symbols with estimated memory usage of 14992 bytes
I[21:53:20.381] --> textDocument/publishDiagnostics
V[21:53:20.381] >>> {"jsonrpc":"2.0","method":"textDocument/publishDiagnostics","params":{"diagnostics":[{"code":"pp_file_not_found","message":"'Arduino.h' file not found","range":{"end":{"character":20,"line":0},"start":{"character":9,"line":0}},"severity":1,"source":"clang"},{"code":"unknown_typename","message":"Unknown type name 'BMP280'","range":{"end":{"character":6,"line":8},"start":{"character":0,"line":8}},"severity":1,"source":"clang"},{"code":"undeclared_var_use","message":"Use of undeclared identifier 'OUTPUT'","range":{"end":{"character":21,"line":18},"start":{"character":15,"line":18}},"severity":1,"source":"clang"},{"code":"undeclared_var_use","message":"Use of undeclared identifier 'OUTPUT'","range":{"end":{"character":21,"line":19},"start":{"character":15,"line":19}},"severity":1,"source":"clang"},{"code":"undeclared_var_use","message":"Use of undeclared identifier 'OUTPUT'","range":{"end":{"character":21,"line":20},"start":{"character":15,"line":20}},"severity":1,"source":"clang"},{"code":"undeclared_var_use","message":"Use of undeclared identifier 'ledstatus'","range":{"end":{"character":13,"line":27},"start":{"character":4,"line":27}},"severity":1,"source":"clang"},{"code":"undeclared_var_use","message":"Use of undeclared identifier 'ledstatus'","range":{"end":{"character":11,"line":30},"start":{"character":2,"line":30}},"severity":1,"source":"clang"},{"code":"-Wparentheses","message":"Using the result of an assignment as a condition without parentheses (fixes available)","range":{"end":{"character":14,"line":46},"start":{"character":5,"line":46}},"severity":2,"source":"clang"},{"code":"undeclared_var_use","message":"Use of undeclared identifier 'digitalWrite'","range":{"end":{"character":16,"line":48},"start":{"character":4,"line":48}},"severity":1,"source":"clang"},{"code":"undeclared_var_use","message":"Use of undeclared identifier 'digitalWrite'","range":{"end":{"character":16,"line":49},"start":{"character":4,"line":49}},"severity":1,"source":"clang"},{"code":"undeclared_var_use","message":"Use of undeclared identifier 'digitalWrite'","range":{"end":{"character":16,"line":50},"start":{"character":4,"line":50}},"severity":1,"source":"clang"},{"code":"undeclared_var_use","message":"Use of undeclared identifier 'delay'","range":{"end":{"character":9,"line":51},"start":{"character":4,"line":51}},"severity":1,"source":"clang"},{"code":"-Wparentheses","message":"Using the result of an assignment as a condition without parentheses (fixes available)","range":{"end":{"character":14,"line":54},"start":{"character":5,"line":54}},"severity":2,"source":"clang"},{"code":"undeclared_var_use","message":"Use of undeclared identifier 'digitalWrite'","range":{"end":{"character":16,"line":57},"start":{"character":4,"line":57}},"severity":1,"source":"clang"},{"code":"undeclared_var_use","message":"Use of undeclared identifier 'digitalWrite'","range":{"end":{"character":16,"line":58},"start":{"character":4,"line":58}},"severity":1,"source":"clang"},{"code":"undeclared_var_use","message":"Use of undeclared identifier 'digitalWrite'","range":{"end":{"character":16,"line":59},"start":{"character":4,"line":59}},"severity":1,"source":"clang"},{"code":"undeclared_var_use","message":"Use of undeclared identifier 'delay'","range":{"end":{"character":9,"line":60},"start":{"character":4,"line":60}},"severity":1,"source":"clang"}],"uri":"file:///C:/Users/Anniesh/AppData/Local/Temp/arduino-language-server605359791/sketch/sketch_oct14a.ino.cpp","version":1}}

V[21:53:20.381] ASTWorker running DocumentSymbols on version 1 of C:\Users\Anniesh\AppData\Local\Temp\arduino-language-server605359791\sketch\sketch_oct14a.ino.cpp
I[21:53:20.381] --> reply:textDocument/documentSymbol(1) 105 ms
V[21:53:20.381] >>> {"id":1,"jsonrpc":"2.0","result":[{"kind":13,"name":"bmp280","range":{"end":{"character":13,"line":8},"start":{"character":0,"line":8}},"selectionRange":{"end":{"character":13,"line":8},"start":{"character":7,"line":8}}},{"kind":13,"name":"ledr","range":{"end":{"character":18,"line":11},"start":{"character":0,"line":11}},"selectionRange":{"end":{"character":14,"line":11},"start":{"character":10,"line":11}}},{"kind":13,"name":"ledg","range":{"end":{"character":18,"line":12},"start":{"character":0,"line":12}},"selectionRange":{"end":{"character":14,"line":12},"start":{"character":10,"line":12}}},{"kind":13,"name":"ledb","range":{"end":{"character":18,"line":13},"start":{"character":0,"line":13}},"selectionRange":{"end":{"character":14,"line":13},"start":{"character":10,"line":13}}},{"kind":12,"name":"setup","range":{"end":{"character":1,"line":32},"start":{"character":0,"line":16}},"selectionRange":{"end":{"character":10,"line":16},"start":{"character":5,"line":16}}},{"kind":12,"name":"loop","range":{"end":{"character":1,"line":37},"start":{"character":0,"line":34}},"selectionRange":{"end":{"character":9,"line":34},"start":{"character":5,"line":34}}},{"kind":12,"name":"ledstatus","range":{"end":{"character":1,"line":63},"start":{"character":0,"line":44}},"selectionRange":{"end":{"character":14,"line":44},"start":{"character":5,"line":44}}}]}

V[21:53:20.382] ASTWorker running EnumerateTweaks on version 1 of C:\Users\Anniesh\AppData\Local\Temp\arduino-language-server605359791\sketch\sketch_oct14a.ino.cpp
I[21:53:20.382] --> reply:textDocument/codeAction(2) 98 ms
V[21:53:20.382] >>> {"id":2,"jsonrpc":"2.0","result":[]}

V[21:53:20.678] <<< {"id":3,"jsonrpc":"2.0","method":"textDocument/codeAction","params":{"context":{"diagnostics":[]},"range":{"end":{"character":0,"line":2},"start":{"character":0,"line":2}},"textDocument":{"uri":"file:///C:/Users/Anniesh/AppData/Local/Temp/arduino-language-server605359791/sketch/sketch_oct14a.ino.cpp"}}}

I[21:53:20.678] <-- textDocument/codeAction(3)
V[21:53:20.678] ASTWorker running EnumerateTweaks on version 1 of C:\Users\Anniesh\AppData\Local\Temp\arduino-language-server605359791\sketch\sketch_oct14a.ino.cpp
I[21:53:20.678] --> reply:textDocument/codeAction(3) 0 ms
V[21:53:20.679] >>> {"id":3,"jsonrpc":"2.0","result":[]}

V[21:53:20.679] <<< {"id":4,"jsonrpc":"2.0","method":"textDocument/documentSymbol","params":{"textDocument":{"uri":"file:///C:/Users/Anniesh/AppData/Local/Temp/arduino-language-server605359791/sketch/sketch_oct14a.ino.cpp"}}}

I[21:53:20.679] <-- textDocument/documentSymbol(4)
V[21:53:20.679] ASTWorker running DocumentSymbols on version 1 of C:\Users\Anniesh\AppData\Local\Temp\arduino-language-server605359791\sketch\sketch_oct14a.ino.cpp
I[21:53:20.679] --> reply:textDocument/documentSymbol(4) 0 ms
V[21:53:20.679] >>> {"id":4,"jsonrpc":"2.0","result":[{"kind":13,"name":"bmp280","range":{"end":{"character":13,"line":8},"start":{"character":0,"line":8}},"selectionRange":{"end":{"character":13,"line":8},"start":{"character":7,"line":8}}},{"kind":13,"name":"ledr","range":{"end":{"character":18,"line":11},"start":{"character":0,"line":11}},"selectionRange":{"end":{"character":14,"line":11},"start":{"character":10,"line":11}}},{"kind":13,"name":"ledg","range":{"end":{"character":18,"line":12},"start":{"character":0,"line":12}},"selectionRange":{"end":{"character":14,"line":12},"start":{"character":10,"line":12}}},{"kind":13,"name":"ledb","range":{"end":{"character":18,"line":13},"start":{"character":0,"line":13}},"selectionRange":{"end":{"character":14,"line":13},"start":{"character":10,"line":13}}},{"kind":12,"name":"setup","range":{"end":{"character":1,"line":32},"start":{"character":0,"line":16}},"selectionRange":{"end":{"character":10,"line":16},"start":{"character":5,"line":16}}},{"kind":12,"name":"loop","range":{"end":{"character":1,"line":37},"start":{"character":0,"line":34}},"selectionRange":{"end":{"character":9,"line":34},"start":{"character":5,"line":34}}},{"kind":12,"name":"ledstatus","range":{"end":{"character":1,"line":63},"start":{"character":0,"line":44}},"selectionRange":{"end":{"character":14,"line":44},"start":{"character":5,"line":44}}}]}

V[21:53:23.809] <<< {"id":5,"jsonrpc":"2.0","method":"shutdown","params":null}

I[21:53:23.809] <-- shutdown(5)
I[21:53:23.809] --> reply:shutdown(5) 0 ms
V[21:53:23.809] >>> {"id":5,"jsonrpc":"2.0","result":null}

V[21:53:23.810] <<< {"jsonrpc":"2.0","method":"exit","params":null}

I[21:53:23.810] <-- exit
I[21:53:23.810] LSP finished, exiting with status 0







Started logging.
I[01:22:18.079] clangd version 12.0.0 (https://github.com/llvm/llvm-project e841bd5f335864b8c4d81cbf4df08460ef39f2ae)
I[01:22:18.080] PID: 20544
I[01:22:18.080] Working directory: d:\arduino codes\alt_gyro_datalogger\sketch_oct14a
I[01:22:18.080] argv[0]: e:\arduino 2.0\Arduino IDE\resources\app\node_modules\arduino-ide-extension\build\bin\clangd.exe
I[01:22:18.080] argv[1]: -log=verbose
I[01:22:18.080] argv[2]: --compile-commands-dir=C:\Users\Anniesh\AppData\Local\Temp\arduino-language-server923849939
I[01:22:18.080] argv[3]: -query-driver=C:\Users\Anniesh\AppData\Local\Arduino15\packages\**
V[01:22:18.086] User config file is C:\Users\Anniesh\AppData\Local\clangd\config.yaml
I[01:22:18.086] Starting LSP over stdin/stdout
V[01:22:18.086] <<< {"id":0,"jsonrpc":"2.0","method":"initialize","params":{"capabilities":{"textDocument":{"codeAction":{"codeActionLiteralSupport":{"codeActionKind":{"valueSet":["","quickfix","refactor","refactor.extract","refactor.inline","refactor.rewrite","source","source.organizeImports"]}},"dynamicRegistration":true,"isPreferredSupport":true},"colorProvider":{"dynamicRegistration":true},"completion":{"completionItem":{"documentationFormat":["markdown","plaintext"],"snippetSupport":true},"completionItemKind":{"valueSet":[1,2,3,4,5,6,7,8,9,10,11,12,13,14,15,16,17,18,19,20,21,22,23,24,25]},"contextSupport":true},"declaration":{"linkSupport":true},"definition":{"linkSupport":true},"documentLink":{"dynamicRegistration":true,"tooltipSupport":true},"documentSymbol":{"hierarchicalDocumentSymbolSupport":true,"symbolKind":{"valueSet":[1,2,3,4,5,6,7,8,9,10,11,12,13,14,15,16,17,18,19,20,21,22,23,24,25,26]}},"foldingRange":{"dynamicRegistration":true,"lineFoldingOnly":true,"rangeLimit":5000},"formatting":{"dynamicRegistration":true},"hover":{"contentFormat":["markdown","plaintext"]},"implementation":{"dynamicRegistration":true,"linkSupport":true},"rangeFormatting":{"dynamicRegistration":true},"rename":{"dynamicRegistration":true,"prepareSupport":true},"signatureHelp":{"signatureInformation":{"parameterInformation":{"labelOffsetSupport":true}}},"synchronization":{"didSave":true,"willSave":true,"willSaveWaitUntil":true},"typeDefinition":{"linkSupport":true}},"window":{"workDoneProgress":true},"workspace":{"applyEdit":true,"configuration":true,"didChangeWatchedFiles":{"dynamicRegistration":true},"executeCommand":{"dynamicRegistration":true},"symbol":{"symbolKind":{"valueSet":[1,2,3,4,5,6,7,8,9,10,11,12,13,14,15,16,17,18,19,20,21,22,23,24,25,26]}},"workspaceEdit":{"documentChanges":true,"resourceOperations":["create","rename","delete"]},"workspaceFolders":true}},"clientInfo":{"name":"vscode","version":"1.50.0"},"initializationOptions":{},"processId":20440,"rootPath":"C:\\Users\\Anniesh\\AppData\\Local\\Temp\\arduino-language-server923849939\\sketch","rootUri":"file:///C:/Users/Anniesh/AppData/Local/Temp/arduino-language-server923849939/sketch","trace":"off"}}

I[01:22:18.086] <-- initialize(0)
I[01:22:18.111] --> reply:initialize(0) 24 ms
V[01:22:18.111] >>> {"id":0,"jsonrpc":"2.0","result":{"capabilities":{"astProvider":true,"callHierarchyProvider":true,"codeActionProvider":{"codeActionKinds":["quickfix","refactor","info"]},"compilationDatabase":{"automaticReload":true},"completionProvider":{"allCommitCharacters":[" ","\t","(",")","[","]","{","}","<",">",":",";",",","+","-","/","*","%","^","&","#","?",".","=","\"","'","|"],"resolveProvider":false,"triggerCharacters":[".","<",">",":","\"","/"]},"declarationProvider":true,"definitionProvider":true,"documentFormattingProvider":true,"documentHighlightProvider":true,"documentLinkProvider":{"resolveProvider":false},"documentOnTypeFormattingProvider":{"firstTriggerCharacter":"\n","moreTriggerCharacter":[]},"documentRangeFormattingProvider":true,"documentSymbolProvider":true,"executeCommandProvider":{"commands":["clangd.applyFix","clangd.applyTweak"]},"hoverProvider":true,"implementationProvider":true,"memoryUsageProvider":true,"referencesProvider":true,"renameProvider":{"prepareProvider":true},"selectionRangeProvider":true,"semanticTokensProvider":{"full":{"delta":true},"legend":{"tokenModifiers":[],"tokenTypes":["variable","variable","parameter","function","method","function","property","variable","class","enum","enumMember","type","dependent","dependent","namespace","typeParameter","concept","type","macro","comment"]},"range":false},"signatureHelpProvider":{"triggerCharacters":["(",","]},"textDocumentSync":{"change":2,"openClose":true,"save":true},"typeHierarchyProvider":true,"workspaceSymbolProvider":true},"serverInfo":{"name":"clangd","version":"clangd version 12.0.0 (https://github.com/llvm/llvm-project e841bd5f335864b8c4d81cbf4df08460ef39f2ae)"}}}

V[01:22:18.115] <<< {"jsonrpc":"2.0","method":"initialized","params":{}}

I[01:22:18.115] <-- initialized
V[01:22:18.118] <<< {"jsonrpc":"2.0","method":"textDocument/didOpen","params":{"textDocument":{"languageId":"cpp","text":"#include <Arduino.h>\n#line 1 \"D:\\\\arduino codes\\\\alt_gyro_datalogger\\\\sketch_oct14a\\\\sketch_oct14a.ino\"\n#include <SPI.h>\n#include <SD.h>\n#include <Wire.h>\n#include \"i2c.h\"\n\n#include \"i2c_BMP280.h\"\nBMP280 bmp280;\n\n\nconst int ledr = 3;\nconst int ledg = 5;\nconst int ledb = 6;\n\n\n#line 15 \"D:\\\\arduino codes\\\\alt_gyro_datalogger\\\\sketch_oct14a\\\\sketch_oct14a.ino\"\nvoid setup();\n#line 33 \"D:\\\\arduino codes\\\\alt_gyro_datalogger\\\\sketch_oct14a\\\\sketch_oct14a.ino\"\nvoid loop();\n#line 43 \"D:\\\\arduino codes\\\\alt_gyro_datalogger\\\\sketch_oct14a\\\\sketch_oct14a.ino\"\nvoid ledstatus(int val1, int val2, int val3, int mes);\n#line 15 \"D:\\\\arduino codes\\\\alt_gyro_datalogger\\\\sketch_oct14a\\\\sketch_oct14a.ino\"\nvoid setup() \n{\n  pinMode(ledr,OUTPUT);\n  pinMode(ledg,OUTPUT);\n  pinMode(ledb,OUTPUT);\n  \n  \n  \n  \n  if (bmp280.initialize())\n  {\n    ledstatus(10,237,245,100);\n  }\n  else\n  ledstatus(9,147,228,404);\n\n}\n\nvoid loop() {\n \n\n}\n\n\n\n\n\n\nvoid ledstatus(int val1, int val2, int val3, int mes)\n{ int n = 10;\n  if(mes = 404){\n    while(n!=0){\n    digitalWrite(ledr,val1);\n    digitalWrite(ledg,val2);\n    digitalWrite(ledb,val3);\n    delay(500);\n    n--;\n  }}\n  if(mes = 100)\n  {\n   \n    digitalWrite(ledr,val1);\n    digitalWrite(ledg,val2);\n    digitalWrite(ledb,val3);\n    delay(2000);\n  \n}\n}\n\n","uri":"file:///C:/Users/Anniesh/AppData/Local/Temp/arduino-language-server923849939/sketch/sketch_oct14a.ino.cpp","version":1}}}

I[01:22:18.118] <-- textDocument/didOpen
V[01:22:18.121] <<< {"id":1,"jsonrpc":"2.0","method":"textDocument/documentSymbol","params":{"textDocument":{"uri":"file:///C:/Users/Anniesh/AppData/Local/Temp/arduino-language-server923849939/sketch/sketch_oct14a.ino.cpp"}}}

I[01:22:18.121] <-- textDocument/documentSymbol(1)
V[01:22:18.121] <<< {"id":2,"jsonrpc":"2.0","method":"textDocument/codeAction","params":{"context":{"diagnostics":[]},"range":{"end":{"character":0,"line":2},"start":{"character":0,"line":2}},"textDocument":{"uri":"file:///C:/Users/Anniesh/AppData/Local/Temp/arduino-language-server923849939/sketch/sketch_oct14a.ino.cpp"}}}

I[01:22:18.121] <-- textDocument/codeAction(2)
I[01:22:18.127] Loaded compilation database from C:\Users\Anniesh\AppData\Local\Temp\arduino-language-server923849939\compile_commands.json
V[01:22:18.127] Broadcasting compilation database from C:\Users\Anniesh\AppData\Local\Temp\arduino-language-server923849939
I[01:22:18.127] --> window/workDoneProgress/create(0)
V[01:22:18.127] >>> {"id":0,"jsonrpc":"2.0","method":"window/workDoneProgress/create","params":{"token":"backgroundIndexProgress"}}

I[01:22:18.127] Enqueueing 34 commands for indexing
V[01:22:18.128] <<< {"id":0,"jsonrpc":"2.0","result":null}

I[01:22:18.128] <-- reply(0)
I[01:22:18.128] --> $/progress
V[01:22:18.128] >>> {"jsonrpc":"2.0","method":"$/progress","params":{"token":"backgroundIndexProgress","value":{"kind":"begin","percentage":0,"title":"indexing"}}}

I[01:22:18.128] --> $/progress
V[01:22:18.128] >>> {"jsonrpc":"2.0","method":"$/progress","params":{"token":"backgroundIndexProgress","value":{"kind":"report","message":"0/1","percentage":0}}}

V[01:22:18.138] Failed to load shard: D:\games\arduino-1.8.15\libraries\SD\src\SD.cpp
V[01:22:18.138] Failed to load shard: C:\Users\Anniesh\AppData\Local\Arduino15\packages\arduino\hardware\avr\1.8.3\cores\arduino\new.cpp
V[01:22:18.138] Failed to load shard: D:\games\arduino-1.8.15\libraries\SD\src\File.cpp
V[01:22:18.138] Failed to load shard: C:\Users\Anniesh\AppData\Local\Arduino15\packages\arduino\hardware\avr\1.8.3\cores\arduino\wiring_digital.c
V[01:22:18.138] Failed to load shard: C:\Users\Anniesh\AppData\Local\Arduino15\packages\arduino\hardware\avr\1.8.3\libraries\Wire\src\utility\twi.c
V[01:22:18.138] Failed to load shard: C:\Users\Anniesh\AppData\Local\Arduino15\packages\arduino\hardware\avr\1.8.3\cores\arduino\abi.cpp
V[01:22:18.138] Failed to load shard: C:\Users\Anniesh\AppData\Local\Arduino15\packages\arduino\hardware\avr\1.8.3\cores\arduino\wiring.c
V[01:22:18.138] Failed to load shard: C:\Users\Anniesh\AppData\Local\Arduino15\packages\arduino\hardware\avr\1.8.3\cores\arduino\WString.cpp
V[01:22:18.138] Failed to load shard: D:\games\arduino-1.8.15\libraries\SD\src\utility\SdFile.cpp
V[01:22:18.138] Failed to load shard: C:\Users\Anniesh\AppData\Local\Arduino15\packages\arduino\hardware\avr\1.8.3\cores\arduino\USBCore.cpp
V[01:22:18.138] Failed to load shard: C:\Users\Anniesh\AppData\Local\Temp\arduino-language-server923849939\sketch\sketch_oct14a.ino.cpp
V[01:22:18.138] Failed to load shard: C:\Users\Anniesh\Documents\Arduino\libraries\I2C-Sensor-Lib_iLib\src\i2c.cpp
V[01:22:18.138] Failed to load shard: C:\Users\Anniesh\AppData\Local\Arduino15\packages\arduino\hardware\avr\1.8.3\cores\arduino\WInterrupts.c
V[01:22:18.138] Failed to load shard: C:\Users\Anniesh\AppData\Local\Arduino15\packages\arduino\hardware\avr\1.8.3\cores\arduino\Tone.cpp
V[01:22:18.138] Failed to load shard: C:\Users\Anniesh\AppData\Local\Arduino15\packages\arduino\hardware\avr\1.8.3\cores\arduino\IPAddress.cpp
V[01:22:18.138] Failed to load shard: D:\games\arduino-1.8.15\libraries\SD\src\utility\Sd2Card.cpp
V[01:22:18.138] Failed to load shard: C:\Users\Anniesh\AppData\Local\Arduino15\packages\arduino\hardware\avr\1.8.3\libraries\Wire\src\Wire.cpp
V[01:22:18.139] Failed to load shard: C:\Users\Anniesh\AppData\Local\Arduino15\packages\arduino\hardware\avr\1.8.3\cores\arduino\WMath.cpp
V[01:22:18.139] Failed to load shard: C:\Users\Anniesh\AppData\Local\Arduino15\packages\arduino\hardware\avr\1.8.3\cores\arduino\hooks.c
V[01:22:18.139] Failed to load shard: C:\Users\Anniesh\AppData\Local\Arduino15\packages\arduino\hardware\avr\1.8.3\cores\arduino\main.cpp
V[01:22:18.139] Failed to load shard: C:\Users\Anniesh\AppData\Local\Arduino15\packages\arduino\hardware\avr\1.8.3\cores\arduino\wiring_pulse.S
V[01:22:18.139] Failed to load shard: C:\Users\Anniesh\AppData\Local\Arduino15\packages\arduino\hardware\avr\1.8.3\cores\arduino\CDC.cpp
V[01:22:18.139] Failed to load shard: C:\Users\Anniesh\AppData\Local\Arduino15\packages\arduino\hardware\avr\1.8.3\libraries\SPI\src\SPI.cpp
V[01:22:18.139] Failed to load shard: D:\games\arduino-1.8.15\libraries\SD\src\utility\SdVolume.cpp
V[01:22:18.139] Failed to load shard: C:\Users\Anniesh\AppData\Local\Arduino15\packages\arduino\hardware\avr\1.8.3\cores\arduino\wiring_shift.c
V[01:22:18.139] Failed to load shard: C:\Users\Anniesh\AppData\Local\Arduino15\packages\arduino\hardware\avr\1.8.3\cores\arduino\HardwareSerial.cpp
V[01:22:18.139] Failed to load shard: C:\Users\Anniesh\AppData\Local\Arduino15\packages\arduino\hardware\avr\1.8.3\cores\arduino\Stream.cpp
V[01:22:18.139] Failed to load shard: C:\Users\Anniesh\AppData\Local\Arduino15\packages\arduino\hardware\avr\1.8.3\cores\arduino\Print.cpp
V[01:22:18.139] Failed to load shard: C:\Users\Anniesh\AppData\Local\Arduino15\packages\arduino\hardware\avr\1.8.3\cores\arduino\wiring_pulse.c
V[01:22:18.139] Failed to load shard: C:\Users\Anniesh\AppData\Local\Arduino15\packages\arduino\hardware\avr\1.8.3\cores\arduino\PluggableUSB.cpp
V[01:22:18.139] Failed to load shard: C:\Users\Anniesh\AppData\Local\Arduino15\packages\arduino\hardware\avr\1.8.3\cores\arduino\HardwareSerial0.cpp
V[01:22:18.139] Failed to load shard: C:\Users\Anniesh\AppData\Local\Arduino15\packages\arduino\hardware\avr\1.8.3\cores\arduino\HardwareSerial1.cpp
V[01:22:18.139] Failed to load shard: C:\Users\Anniesh\AppData\Local\Arduino15\packages\arduino\hardware\avr\1.8.3\cores\arduino\HardwareSerial2.cpp
V[01:22:18.139] Failed to load shard: C:\Users\Anniesh\AppData\Local\Arduino15\packages\arduino\hardware\avr\1.8.3\cores\arduino\HardwareSerial3.cpp
I[01:22:18.145] --> $/progress
V[01:22:18.145] >>> {"jsonrpc":"2.0","method":"$/progress","params":{"token":"backgroundIndexProgress","value":{"kind":"report","message":"0/35","percentage":0}}}

I[01:22:18.145] --> $/progress
V[01:22:18.145] >>> {"jsonrpc":"2.0","method":"$/progress","params":{"token":"backgroundIndexProgress","value":{"kind":"report","message":"0/35","percentage":0}}}

I[01:22:18.145] --> $/progress
V[01:22:18.145] >>> {"jsonrpc":"2.0","method":"$/progress","params":{"token":"backgroundIndexProgress","value":{"kind":"report","message":"0/35","percentage":0}}}

I[01:22:18.145] --> $/progress
V[01:22:18.145] >>> {"jsonrpc":"2.0","method":"$/progress","params":{"token":"backgroundIndexProgress","value":{"kind":"report","message":"0/35","percentage":0}}}

I[01:22:18.145] --> $/progress
V[01:22:18.145] >>> {"jsonrpc":"2.0","method":"$/progress","params":{"token":"backgroundIndexProgress","value":{"kind":"report","message":"1/35","percentage":2.8571428571428572}}}

I[01:22:18.145] --> $/progress
V[01:22:18.145] >>> {"jsonrpc":"2.0","method":"$/progress","params":{"token":"backgroundIndexProgress","value":{"kind":"report","message":"1/35","percentage":2.8571428571428572}}}

V[01:22:18.180] System include extraction: target extracted: "avr"
V[01:22:18.180] System include extraction: adding  c:\users\anniesh\appdata\local\arduino15\packages\arduino\tools\avr-gcc\7.3.0-atmel3.6.1-arduino7\bin\../lib/gcc/avr/7.3.0/include
V[01:22:18.180] System include extraction: adding  c:\users\anniesh\appdata\local\arduino15\packages\arduino\tools\avr-gcc\7.3.0-atmel3.6.1-arduino7\bin\../lib/gcc/avr/7.3.0/include-fixed
V[01:22:18.180] System include extraction: adding  c:\users\anniesh\appdata\local\arduino15\packages\arduino\tools\avr-gcc\7.3.0-atmel3.6.1-arduino7\bin\../lib/gcc/avr/7.3.0/../../../../avr/include
I[01:22:18.180] System includes extractor: successfully executed C:\Users\Anniesh\AppData\Local\Arduino15\packages\arduino\tools\avr-gcc\7.3.0-atmel3.6.1-arduino7\bin\avr-g++.exe
	got includes: "c:\users\anniesh\appdata\local\arduino15\packages\arduino\tools\avr-gcc\7.3.0-atmel3.6.1-arduino7\bin\../lib/gcc/avr/7.3.0/include, c:\users\anniesh\appdata\local\arduino15\packages\arduino\tools\avr-gcc\7.3.0-atmel3.6.1-arduino7\bin\../lib/gcc/avr/7.3.0/include-fixed, c:\users\anniesh\appdata\local\arduino15\packages\arduino\tools\avr-gcc\7.3.0-atmel3.6.1-arduino7\bin\../lib/gcc/avr/7.3.0/../../../../avr/include"
	got target: "avr"
I[01:22:18.181] ASTWorker building file C:\Users\Anniesh\AppData\Local\Temp\arduino-language-server923849939\sketch\sketch_oct14a.ino.cpp version 1 with command 
[D:\arduino codes\alt_gyro_datalogger\sketch_oct14a]
C:\Users\Anniesh\AppData\Local\Arduino15\packages\arduino\tools\avr-gcc\7.3.0-atmel3.6.1-arduino7\bin\avr-g++.exe --target=avr --driver-mode=g++ -c -g -Os -w -std=gnu++11 -fpermissive -fno-exceptions -ffunction-sections -fdata-sections -fno-threadsafe-statics -Wno-error=narrowing -flto -mmcu=atmega328p -DF_CPU=16000000L -DARDUINO=10607 -DARDUINO_AVR_UNO -DARDUINO_ARCH_AVR -IC:\Users\Anniesh\AppData\Local\Arduino15\packages\arduino\hardware\avr\1.8.3\cores\arduino -IC:\Users\Anniesh\AppData\Local\Arduino15\packages\arduino\hardware\avr\1.8.3\variants\standard -IC:\Users\Anniesh\AppData\Local\Arduino15\packages\arduino\hardware\avr\1.8.3\libraries\SPI\src -ID:\games\arduino-1.8.15\libraries\SD\src -IC:\Users\Anniesh\AppData\Local\Arduino15\packages\arduino\hardware\avr\1.8.3\libraries\Wire\src -IC:\Users\Anniesh\Documents\Arduino\libraries\I2C-Sensor-Lib_iLib\src C:\Users\Anniesh\AppData\Local\Temp\arduino-language-server923849939\sketch\sketch_oct14a.ino.cpp -o C:\Users\Anniesh\AppData\Local\Temp\arduino-language-server923849939\sketch\sketch_oct14a.ino.cpp.o -isystem c:\users\anniesh\appdata\local\arduino15\packages\arduino\tools\avr-gcc\7.3.0-atmel3.6.1-arduino7\bin\../lib/gcc/avr/7.3.0/include -isystem c:\users\anniesh\appdata\local\arduino15\packages\arduino\tools\avr-gcc\7.3.0-atmel3.6.1-arduino7\bin\../lib/gcc/avr/7.3.0/include-fixed -isystem c:\users\anniesh\appdata\local\arduino15\packages\arduino\tools\avr-gcc\7.3.0-atmel3.6.1-arduino7\bin\../lib/gcc/avr/7.3.0/../../../../avr/include -fsyntax-only -resource-dir=e:\arduino 2.0\Arduino IDE\resources\app\node_modules\arduino-ide-extension\build\lib\clang\12.0.0
V[01:22:18.188] Driver produced command: cc1 -cc1 -triple avr -fsyntax-only -flto -flto-unit -disable-free -disable-llvm-verifier -discard-value-names -main-file-name sketch_oct14a.ino.cpp -mrelocation-model static -mframe-pointer=all -fmath-errno -fno-rounding-math -mconstructor-aliases -target-cpu atmega328p -fno-split-dwarf-inlining -debug-info-kind=limited -dwarf-version=4 -debugger-tuning=gdb -ffunction-sections -fdata-sections -resource-dir e:\arduino 2.0\Arduino IDE\resources\app\node_modules\arduino-ide-extension\build\lib\clang\12.0.0 -isystem c:\users\anniesh\appdata\local\arduino15\packages\arduino\tools\avr-gcc\7.3.0-atmel3.6.1-arduino7\bin\../lib/gcc/avr/7.3.0/include -isystem c:\users\anniesh\appdata\local\arduino15\packages\arduino\tools\avr-gcc\7.3.0-atmel3.6.1-arduino7\bin\../lib/gcc/avr/7.3.0/include-fixed -isystem c:\users\anniesh\appdata\local\arduino15\packages\arduino\tools\avr-gcc\7.3.0-atmel3.6.1-arduino7\bin\../lib/gcc/avr/7.3.0/../../../../avr/include -D F_CPU=16000000L -D ARDUINO=10607 -D ARDUINO_AVR_UNO -D ARDUINO_ARCH_AVR -I C:\Users\Anniesh\AppData\Local\Arduino15\packages\arduino\hardware\avr\1.8.3\cores\arduino -I C:\Users\Anniesh\AppData\Local\Arduino15\packages\arduino\hardware\avr\1.8.3\variants\standard -I C:\Users\Anniesh\AppData\Local\Arduino15\packages\arduino\hardware\avr\1.8.3\libraries\SPI\src -I D:\games\arduino-1.8.15\libraries\SD\src -I C:\Users\Anniesh\AppData\Local\Arduino15\packages\arduino\hardware\avr\1.8.3\libraries\Wire\src -I C:\Users\Anniesh\Documents\Arduino\libraries\I2C-Sensor-Lib_iLib\src -Os -Wno-error=narrowing -w -std=gnu++11 -fdeprecated-macro -fdebug-compilation-dir D:\arduino codes\alt_gyro_datalogger\sketch_oct14a -ferror-limit 19 -fgnuc-version=4.2.1 -fno-threadsafe-statics -vectorize-loops -vectorize-slp -faddrsig -x c++ C:\Users\Anniesh\AppData\Local\Temp\arduino-language-server923849939\sketch\sketch_oct14a.ino.cpp
V[01:22:18.188] Building first preamble for C:\Users\Anniesh\AppData\Local\Temp\arduino-language-server923849939\sketch\sketch_oct14a.ino.cpp version 1
V[01:22:18.199] System include extraction: target extracted: "avr"
V[01:22:18.199] System include extraction: adding  c:\users\anniesh\appdata\local\arduino15\packages\arduino\tools\avr-gcc\7.3.0-atmel3.6.1-arduino7\bin\../lib/gcc/avr/7.3.0/include
V[01:22:18.199] System include extraction: adding  c:\users\anniesh\appdata\local\arduino15\packages\arduino\tools\avr-gcc\7.3.0-atmel3.6.1-arduino7\bin\../lib/gcc/avr/7.3.0/include-fixed
V[01:22:18.199] System include extraction: adding  c:\users\anniesh\appdata\local\arduino15\packages\arduino\tools\avr-gcc\7.3.0-atmel3.6.1-arduino7\bin\../lib/gcc/avr/7.3.0/../../../../avr/include
I[01:22:18.199] System includes extractor: successfully executed C:\Users\Anniesh\AppData\Local\Arduino15\packages\arduino\tools\avr-gcc\7.3.0-atmel3.6.1-arduino7\bin\avr-g++.exe
	got includes: "c:\users\anniesh\appdata\local\arduino15\packages\arduino\tools\avr-gcc\7.3.0-atmel3.6.1-arduino7\bin\../lib/gcc/avr/7.3.0/include, c:\users\anniesh\appdata\local\arduino15\packages\arduino\tools\avr-gcc\7.3.0-atmel3.6.1-arduino7\bin\../lib/gcc/avr/7.3.0/include-fixed, c:\users\anniesh\appdata\local\arduino15\packages\arduino\tools\avr-gcc\7.3.0-atmel3.6.1-arduino7\bin\../lib/gcc/avr/7.3.0/../../../../avr/include"
	got target: "avr"
V[01:22:18.199] System include extraction: target extracted: "avr"
V[01:22:18.199] System include extraction: adding  c:\users\anniesh\appdata\local\arduino15\packages\arduino\tools\avr-gcc\7.3.0-atmel3.6.1-arduino7\bin\../lib/gcc/avr/7.3.0/include
V[01:22:18.199] System include extraction: adding  c:\users\anniesh\appdata\local\arduino15\packages\arduino\tools\avr-gcc\7.3.0-atmel3.6.1-arduino7\bin\../lib/gcc/avr/7.3.0/include-fixed
V[01:22:18.200] System include extraction: adding  c:\users\anniesh\appdata\local\arduino15\packages\arduino\tools\avr-gcc\7.3.0-atmel3.6.1-arduino7\bin\../lib/gcc/avr/7.3.0/../../../../avr/include
I[01:22:18.200] System includes extractor: successfully executed C:\Users\Anniesh\AppData\Local\Arduino15\packages\arduino\tools\avr-gcc\7.3.0-atmel3.6.1-arduino7\bin\avr-g++.exe
	got includes: "c:\users\anniesh\appdata\local\arduino15\packages\arduino\tools\avr-gcc\7.3.0-atmel3.6.1-arduino7\bin\../lib/gcc/avr/7.3.0/include, c:\users\anniesh\appdata\local\arduino15\packages\arduino\tools\avr-gcc\7.3.0-atmel3.6.1-arduino7\bin\../lib/gcc/avr/7.3.0/include-fixed, c:\users\anniesh\appdata\local\arduino15\packages\arduino\tools\avr-gcc\7.3.0-atmel3.6.1-arduino7\bin\../lib/gcc/avr/7.3.0/../../../../avr/include"
	got target: "avr"
V[01:22:18.201] System include extraction: target extracted: "avr"
V[01:22:18.201] System include extraction: adding  c:\users\anniesh\appdata\local\arduino15\packages\arduino\tools\avr-gcc\7.3.0-atmel3.6.1-arduino7\bin\../lib/gcc/avr/7.3.0/include
V[01:22:18.201] System include extraction: adding  c:\users\anniesh\appdata\local\arduino15\packages\arduino\tools\avr-gcc\7.3.0-atmel3.6.1-arduino7\bin\../lib/gcc/avr/7.3.0/include-fixed
V[01:22:18.201] System include extraction: adding  c:\users\anniesh\appdata\local\arduino15\packages\arduino\tools\avr-gcc\7.3.0-atmel3.6.1-arduino7\bin\../lib/gcc/avr/7.3.0/../../../../avr/include
I[01:22:18.201] System includes extractor: successfully executed C:\Users\Anniesh\AppData\Local\Arduino15\packages\arduino\tools\avr-gcc\7.3.0-atmel3.6.1-arduino7\bin\avr-g++.exe
	got includes: "c:\users\anniesh\appdata\local\arduino15\packages\arduino\tools\avr-gcc\7.3.0-atmel3.6.1-arduino7\bin\../lib/gcc/avr/7.3.0/include, c:\users\anniesh\appdata\local\arduino15\packages\arduino\tools\avr-gcc\7.3.0-atmel3.6.1-arduino7\bin\../lib/gcc/avr/7.3.0/include-fixed, c:\users\anniesh\appdata\local\arduino15\packages\arduino\tools\avr-gcc\7.3.0-atmel3.6.1-arduino7\bin\../lib/gcc/avr/7.3.0/../../../../avr/include"
	got target: "avr"
V[01:22:18.201] Indexing C:\Users\Anniesh\AppData\Local\Arduino15\packages\arduino\hardware\avr\1.8.3\cores\arduino\abi.cpp (digest:=EE9DC54FD5E4AEBF)
V[01:22:18.201] Indexing C:\Users\Anniesh\AppData\Local\Arduino15\packages\arduino\hardware\avr\1.8.3\cores\arduino\HardwareSerial1.cpp (digest:=487C94A1A1F49B6C)
V[01:22:18.202] System include extraction: target extracted: "avr"
V[01:22:18.202] System include extraction: adding  c:\users\anniesh\appdata\local\arduino15\packages\arduino\tools\avr-gcc\7.3.0-atmel3.6.1-arduino7\bin\../lib/gcc/avr/7.3.0/include
V[01:22:18.202] System include extraction: adding  c:\users\anniesh\appdata\local\arduino15\packages\arduino\tools\avr-gcc\7.3.0-atmel3.6.1-arduino7\bin\../lib/gcc/avr/7.3.0/include-fixed
V[01:22:18.202] System include extraction: adding  c:\users\anniesh\appdata\local\arduino15\packages\arduino\tools\avr-gcc\7.3.0-atmel3.6.1-arduino7\bin\../lib/gcc/avr/7.3.0/../../../../avr/include
I[01:22:18.202] System includes extractor: successfully executed C:\Users\Anniesh\AppData\Local\Arduino15\packages\arduino\tools\avr-gcc\7.3.0-atmel3.6.1-arduino7\bin\avr-g++.exe
	got includes: "c:\users\anniesh\appdata\local\arduino15\packages\arduino\tools\avr-gcc\7.3.0-atmel3.6.1-arduino7\bin\../lib/gcc/avr/7.3.0/include, c:\users\anniesh\appdata\local\arduino15\packages\arduino\tools\avr-gcc\7.3.0-atmel3.6.1-arduino7\bin\../lib/gcc/avr/7.3.0/include-fixed, c:\users\anniesh\appdata\local\arduino15\packages\arduino\tools\avr-gcc\7.3.0-atmel3.6.1-arduino7\bin\../lib/gcc/avr/7.3.0/../../../../avr/include"
	got target: "avr"
V[01:22:18.203] Indexing C:\Users\Anniesh\AppData\Local\Arduino15\packages\arduino\hardware\avr\1.8.3\cores\arduino\HardwareSerial3.cpp (digest:=D7FFC6931C21680C)
V[01:22:18.203] Indexing C:\Users\Anniesh\AppData\Local\Arduino15\packages\arduino\hardware\avr\1.8.3\cores\arduino\HardwareSerial0.cpp (digest:=365287FBD658A80E)
I[01:22:18.219] Indexed C:\Users\Anniesh\AppData\Local\Arduino15\packages\arduino\hardware\avr\1.8.3\cores\arduino\abi.cpp (54 symbols, 145 refs, 3 files)
I[01:22:18.249] --> $/progress
V[01:22:18.249] >>> {"jsonrpc":"2.0","method":"$/progress","params":{"token":"backgroundIndexProgress","value":{"kind":"report","message":"2/35","percentage":5.7142857142857144}}}

I[01:22:18.249] --> $/progress
V[01:22:18.249] >>> {"jsonrpc":"2.0","method":"$/progress","params":{"token":"backgroundIndexProgress","value":{"kind":"report","message":"2/35","percentage":5.7142857142857144}}}

V[01:22:18.250] Indexing C:\Users\Anniesh\Documents\Arduino\libraries\I2C-Sensor-Lib_iLib\src\i2c.cpp (digest:=4D8D345AA6D5B1AF)
I[01:22:18.261] Indexed C:\Users\Anniesh\Documents\Arduino\libraries\I2C-Sensor-Lib_iLib\src\i2c.cpp (0 symbols, 0 refs, 1 files)
I[01:22:18.269] --> $/progress
V[01:22:18.269] >>> {"jsonrpc":"2.0","method":"$/progress","params":{"token":"backgroundIndexProgress","value":{"kind":"report","message":"3/35","percentage":8.5714285714285712}}}

I[01:22:18.269] --> $/progress
V[01:22:18.269] >>> {"jsonrpc":"2.0","method":"$/progress","params":{"token":"backgroundIndexProgress","value":{"kind":"report","message":"3/35","percentage":8.5714285714285712}}}

V[01:22:18.270] Indexing C:\Users\Anniesh\AppData\Local\Arduino15\packages\arduino\hardware\avr\1.8.3\cores\arduino\Stream.cpp (digest:=F7D59D2B49112307)
I[01:22:18.279] Indexed C:\Users\Anniesh\AppData\Local\Arduino15\packages\arduino\hardware\avr\1.8.3\cores\arduino\HardwareSerial3.cpp (631 symbols, 3454 refs, 37 files)
I[01:22:18.283] Indexed C:\Users\Anniesh\AppData\Local\Arduino15\packages\arduino\hardware\avr\1.8.3\cores\arduino\HardwareSerial1.cpp (631 symbols, 3454 refs, 37 files)
I[01:22:18.284] Indexed C:\Users\Anniesh\AppData\Local\Arduino15\packages\arduino\hardware\avr\1.8.3\cores\arduino\HardwareSerial0.cpp (634 symbols, 3484 refs, 37 files)
V[01:22:18.316] indexed preamble AST for C:\Users\Anniesh\AppData\Local\Temp\arduino-language-server923849939\sketch\sketch_oct14a.ino.cpp version 1:
  symbol slab: 3297 symbols, 933406 bytes
  ref slab: 0 symbols, 0 refs, 136 bytes
  relations slab: 35 relations, 738 bytes
I[01:22:18.347] Indexed C:\Users\Anniesh\AppData\Local\Arduino15\packages\arduino\hardware\avr\1.8.3\cores\arduino\Stream.cpp (573 symbols, 3424 refs, 35 files)
V[01:22:18.384] Build dynamic index for header symbols with estimated memory usage of 2539674 bytes
V[01:22:18.391] Built preamble of size 593188 for file C:\Users\Anniesh\AppData\Local\Temp\arduino-language-server923849939\sketch\sketch_oct14a.ino.cpp version 1
V[01:22:18.410] indexed file AST for C:\Users\Anniesh\AppData\Local\Temp\arduino-language-server923849939\sketch\sketch_oct14a.ino.cpp version 1:
  symbol slab: 7 symbols, 5848 bytes
  ref slab: 14 symbols, 39 refs, 4688 bytes
  relations slab: 0 relations, 24 bytes
V[01:22:18.410] Build dynamic index for main-file symbols with estimated memory usage of 15968 bytes
I[01:22:18.410] --> textDocument/publishDiagnostics
V[01:22:18.410] >>> {"jsonrpc":"2.0","method":"textDocument/publishDiagnostics","params":{"diagnostics":[],"uri":"file:///C:/Users/Anniesh/AppData/Local/Temp/arduino-language-server923849939/sketch/sketch_oct14a.ino.cpp","version":1}}

V[01:22:18.410] ASTWorker running DocumentSymbols on version 1 of C:\Users\Anniesh\AppData\Local\Temp\arduino-language-server923849939\sketch\sketch_oct14a.ino.cpp
I[01:22:18.411] --> reply:textDocument/documentSymbol(1) 289 ms
V[01:22:18.411] >>> {"id":1,"jsonrpc":"2.0","result":[{"kind":13,"name":"bmp280","range":{"end":{"character":13,"line":8},"start":{"character":0,"line":8}},"selectionRange":{"end":{"character":13,"line":8},"start":{"character":7,"line":8}}},{"kind":13,"name":"ledr","range":{"end":{"character":18,"line":11},"start":{"character":0,"line":11}},"selectionRange":{"end":{"character":14,"line":11},"start":{"character":10,"line":11}}},{"kind":13,"name":"ledg","range":{"end":{"character":18,"line":12},"start":{"character":0,"line":12}},"selectionRange":{"end":{"character":14,"line":12},"start":{"character":10,"line":12}}},{"kind":13,"name":"ledb","range":{"end":{"character":18,"line":13},"start":{"character":0,"line":13}},"selectionRange":{"end":{"character":14,"line":13},"start":{"character":10,"line":13}}},{"kind":12,"name":"setup","range":{"end":{"character":12,"line":17},"start":{"character":0,"line":17}},"selectionRange":{"end":{"character":10,"line":17},"start":{"character":5,"line":17}}},{"kind":12,"name":"loop","range":{"end":{"character":11,"line":19},"start":{"character":0,"line":19}},"selectionRange":{"end":{"character":9,"line":19},"start":{"character":5,"line":19}}},{"kind":12,"name":"ledstatus","range":{"end":{"character":53,"line":21},"start":{"character":0,"line":21}},"selectionRange":{"end":{"character":14,"line":21},"start":{"character":5,"line":21}}},{"kind":12,"name":"setup","range":{"end":{"character":1,"line":39},"start":{"character":0,"line":23}},"selectionRange":{"end":{"character":10,"line":23},"start":{"character":5,"line":23}}},{"kind":12,"name":"loop","range":{"end":{"character":1,"line":44},"start":{"character":0,"line":41}},"selectionRange":{"end":{"character":9,"line":41},"start":{"character":5,"line":41}}},{"kind":12,"name":"ledstatus","range":{"end":{"character":1,"line":70},"start":{"character":0,"line":51}},"selectionRange":{"end":{"character":14,"line":51},"start":{"character":5,"line":51}}}]}

V[01:22:18.411] ASTWorker running EnumerateTweaks on version 1 of C:\Users\Anniesh\AppData\Local\Temp\arduino-language-server923849939\sketch\sketch_oct14a.ino.cpp
I[01:22:18.411] --> reply:textDocument/codeAction(2) 289 ms
V[01:22:18.411] >>> {"id":2,"jsonrpc":"2.0","result":[]}

I[01:22:18.672] --> $/progress
V[01:22:18.672] >>> {"jsonrpc":"2.0","method":"$/progress","params":{"token":"backgroundIndexProgress","value":{"kind":"report","message":"4/35","percentage":11.428571428571429}}}

I[01:22:18.672] --> $/progress
V[01:22:18.672] >>> {"jsonrpc":"2.0","method":"$/progress","params":{"token":"backgroundIndexProgress","value":{"kind":"report","message":"4/35","percentage":11.428571428571429}}}

V[01:22:18.674] Indexing C:\Users\Anniesh\AppData\Local\Arduino15\packages\arduino\hardware\avr\1.8.3\cores\arduino\PluggableUSB.cpp (digest:=FDB5BCAAB3E73FCE)
V[01:22:18.679] BackgroundIndex: building version 1 after indexing enough files
I[01:22:18.683] --> $/progress
V[01:22:18.683] >>> {"jsonrpc":"2.0","method":"$/progress","params":{"token":"backgroundIndexProgress","value":{"kind":"report","message":"5/35","percentage":14.285714285714286}}}

I[01:22:18.683] --> $/progress
V[01:22:18.683] >>> {"jsonrpc":"2.0","method":"$/progress","params":{"token":"backgroundIndexProgress","value":{"kind":"report","message":"5/35","percentage":14.285714285714286}}}

V[01:22:18.690] BackgroundIndex: serving version 1 (1388030 bytes)
I[01:22:18.692] --> $/progress
V[01:22:18.692] >>> {"jsonrpc":"2.0","method":"$/progress","params":{"token":"backgroundIndexProgress","value":{"kind":"report","message":"6/35","percentage":17.142857142857142}}}

I[01:22:18.692] --> $/progress
V[01:22:18.692] >>> {"jsonrpc":"2.0","method":"$/progress","params":{"token":"backgroundIndexProgress","value":{"kind":"report","message":"6/35","percentage":17.142857142857142}}}

V[01:22:18.695] Indexing C:\Users\Anniesh\AppData\Local\Arduino15\packages\arduino\hardware\avr\1.8.3\cores\arduino\HardwareSerial.cpp (digest:=97D3E01135B7BA37)
I[01:22:18.724] --> $/progress
V[01:22:18.724] >>> {"jsonrpc":"2.0","method":"$/progress","params":{"token":"backgroundIndexProgress","value":{"kind":"report","message":"7/35","percentage":20}}}

I[01:22:18.724] --> $/progress
V[01:22:18.724] >>> {"jsonrpc":"2.0","method":"$/progress","params":{"token":"backgroundIndexProgress","value":{"kind":"report","message":"7/35","percentage":20}}}

I[01:22:18.726] Indexed C:\Users\Anniesh\AppData\Local\Arduino15\packages\arduino\hardware\avr\1.8.3\cores\arduino\PluggableUSB.cpp (0 symbols, 2117 refs, 36 files)
V[01:22:18.743] System include extraction: target extracted: "avr"
V[01:22:18.743] System include extraction: adding  c:\users\anniesh\appdata\local\arduino15\packages\arduino\tools\avr-gcc\7.3.0-atmel3.6.1-arduino7\bin\../lib/gcc/avr/7.3.0/include
V[01:22:18.743] System include extraction: adding  c:\users\anniesh\appdata\local\arduino15\packages\arduino\tools\avr-gcc\7.3.0-atmel3.6.1-arduino7\bin\../lib/gcc/avr/7.3.0/include-fixed
V[01:22:18.743] System include extraction: adding  c:\users\anniesh\appdata\local\arduino15\packages\arduino\tools\avr-gcc\7.3.0-atmel3.6.1-arduino7\bin\../lib/gcc/avr/7.3.0/../../../../avr/include
I[01:22:18.743] System includes extractor: successfully executed C:\Users\Anniesh\AppData\Local\Arduino15\packages\arduino\tools\avr-gcc\7.3.0-atmel3.6.1-arduino7\bin\avr-gcc.exe
	got includes: "c:\users\anniesh\appdata\local\arduino15\packages\arduino\tools\avr-gcc\7.3.0-atmel3.6.1-arduino7\bin\../lib/gcc/avr/7.3.0/include, c:\users\anniesh\appdata\local\arduino15\packages\arduino\tools\avr-gcc\7.3.0-atmel3.6.1-arduino7\bin\../lib/gcc/avr/7.3.0/include-fixed, c:\users\anniesh\appdata\local\arduino15\packages\arduino\tools\avr-gcc\7.3.0-atmel3.6.1-arduino7\bin\../lib/gcc/avr/7.3.0/../../../../avr/include"
	got target: "avr"
V[01:22:18.745] Indexing C:\Users\Anniesh\AppData\Local\Arduino15\packages\arduino\hardware\avr\1.8.3\cores\arduino\wiring_pulse.S (digest:=87583F1C920AA889)
I[01:22:18.750] --> $/progress
V[01:22:18.750] >>> {"jsonrpc":"2.0","method":"$/progress","params":{"token":"backgroundIndexProgress","value":{"kind":"report","message":"8/35","percentage":22.857142857142858}}}

I[01:22:18.750] --> $/progress
V[01:22:18.750] >>> {"jsonrpc":"2.0","method":"$/progress","params":{"token":"backgroundIndexProgress","value":{"kind":"report","message":"8/35","percentage":22.857142857142858}}}

V[01:22:18.752] Indexing C:\Users\Anniesh\AppData\Local\Arduino15\packages\arduino\hardware\avr\1.8.3\cores\arduino\HardwareSerial2.cpp (digest:=3DD4F70FCF8C4FA6)
V[01:22:18.760] Ignored diagnostic. C:\Users\Anniesh\AppData\Local\Arduino15\packages\arduino\hardware\avr\1.8.3\cores\arduino\wiring_pulse.S:54:1:expected identifier or '('
V[01:22:18.760] Ignored diagnostic. C:\Users\Anniesh\AppData\Local\Arduino15\packages\arduino\hardware\avr\1.8.3\cores\arduino\wiring_pulse.S:62:23:expected identifier or '('
V[01:22:18.760] Ignored diagnostic. C:\Users\Anniesh\AppData\Local\Arduino15\packages\arduino\hardware\avr\1.8.3\cores\arduino\wiring_pulse.S:63:23:expected identifier or '('
V[01:22:18.760] Ignored diagnostic. C:\Users\Anniesh\AppData\Local\Arduino15\packages\arduino\hardware\avr\1.8.3\cores\arduino\wiring_pulse.S:64:23:expected identifier or '('
V[01:22:18.760] Ignored diagnostic. C:\Users\Anniesh\AppData\Local\Arduino15\packages\arduino\hardware\avr\1.8.3\cores\arduino\wiring_pulse.S:65:23:expected identifier or '('
V[01:22:18.760] Ignored diagnostic. C:\Users\Anniesh\AppData\Local\Arduino15\packages\arduino\hardware\avr\1.8.3\cores\arduino\wiring_pulse.S:66:23:expected identifier or '('
V[01:22:18.760] Ignored diagnostic. C:\Users\Anniesh\AppData\Local\Arduino15\packages\arduino\hardware\avr\1.8.3\cores\arduino\wiring_pulse.S:67:23:expected identifier or '('
V[01:22:18.760] Ignored diagnostic. C:\Users\Anniesh\AppData\Local\Arduino15\packages\arduino\hardware\avr\1.8.3\cores\arduino\wiring_pulse.S:72:37:expected identifier or '('
V[01:22:18.760] Ignored diagnostic. C:\Users\Anniesh\AppData\Local\Arduino15\packages\arduino\hardware\avr\1.8.3\cores\arduino\wiring_pulse.S:73:31:expected ';' after top level declarator
V[01:22:18.760] Ignored diagnostic. C:\Users\Anniesh\AppData\Local\Arduino15\packages\arduino\hardware\avr\1.8.3\cores\arduino\wiring_pulse.S:79:23:expected identifier or '('
V[01:22:18.760] Ignored diagnostic. C:\Users\Anniesh\AppData\Local\Arduino15\packages\arduino\hardware\avr\1.8.3\cores\arduino\wiring_pulse.S:83:32:expected identifier or '('
V[01:22:18.761] Ignored diagnostic. C:\Users\Anniesh\AppData\Local\Arduino15\packages\arduino\hardware\avr\1.8.3\cores\arduino\wiring_pulse.S:83:35:expected identifier or '('
V[01:22:18.761] Ignored diagnostic. C:\Users\Anniesh\AppData\Local\Arduino15\packages\arduino\hardware\avr\1.8.3\cores\arduino\wiring_pulse.S:84:22:unknown type name 'maxloops'
V[01:22:18.761] Ignored diagnostic. C:\Users\Anniesh\AppData\Local\Arduino15\packages\arduino\hardware\avr\1.8.3\cores\arduino\wiring_pulse.S:85:8:expected ';' after top level declarator
V[01:22:18.761] Ignored diagnostic. C:\Users\Anniesh\AppData\Local\Arduino15\packages\arduino\hardware\avr\1.8.3\cores\arduino\wiring_pulse.S:85:22:unknown type name 'maxloops'
V[01:22:18.761] Ignored diagnostic. C:\Users\Anniesh\AppData\Local\Arduino15\packages\arduino\hardware\avr\1.8.3\cores\arduino\wiring_pulse.S:86:8:expected ';' after top level declarator
V[01:22:18.762] Ignored diagnostic. C:\Users\Anniesh\AppData\Local\Arduino15\packages\arduino\hardware\avr\1.8.3\cores\arduino\wiring_pulse.S:86:22:unknown type name 'maxloops'
V[01:22:18.762] Ignored diagnostic. C:\Users\Anniesh\AppData\Local\Arduino15\packages\arduino\hardware\avr\1.8.3\cores\arduino\wiring_pulse.S:87:9:expected ';' after top level declarator
V[01:22:18.762] Ignored diagnostic. C:\Users\Anniesh\AppData\Local\Arduino15\packages\arduino\hardware\avr\1.8.3\cores\arduino\wiring_pulse.S:87:18:expected identifier or '('
V[01:22:18.762] Ignored diagnostic. too many errors emitted, stopping now
I[01:22:18.765] Indexed C:\Users\Anniesh\AppData\Local\Arduino15\packages\arduino\hardware\avr\1.8.3\cores\arduino\wiring_pulse.S (12 symbols, 884 refs, 9 files)
I[01:22:18.765] Failed to compile C:\Users\Anniesh\AppData\Local\Arduino15\packages\arduino\hardware\avr\1.8.3\cores\arduino\wiring_pulse.S, index may be incomplete
I[01:22:18.769] Indexed C:\Users\Anniesh\AppData\Local\Arduino15\packages\arduino\hardware\avr\1.8.3\cores\arduino\HardwareSerial.cpp (17 symbols, 2370 refs, 38 files)
I[01:22:18.775] --> $/progress
V[01:22:18.775] >>> {"jsonrpc":"2.0","method":"$/progress","params":{"token":"backgroundIndexProgress","value":{"kind":"report","message":"9/35","percentage":25.714285714285715}}}

I[01:22:18.775] --> $/progress
V[01:22:18.775] >>> {"jsonrpc":"2.0","method":"$/progress","params":{"token":"backgroundIndexProgress","value":{"kind":"report","message":"9/35","percentage":25.714285714285715}}}

V[01:22:18.776] Indexing C:\Users\Anniesh\AppData\Local\Arduino15\packages\arduino\hardware\avr\1.8.3\cores\arduino\USBCore.cpp (digest:=107386A92FBA4E33)
V[01:22:18.780] System include extraction: target extracted: "avr"
V[01:22:18.780] System include extraction: adding  c:\users\anniesh\appdata\local\arduino15\packages\arduino\tools\avr-gcc\7.3.0-atmel3.6.1-arduino7\bin\../lib/gcc/avr/7.3.0/include
V[01:22:18.780] System include extraction: adding  c:\users\anniesh\appdata\local\arduino15\packages\arduino\tools\avr-gcc\7.3.0-atmel3.6.1-arduino7\bin\../lib/gcc/avr/7.3.0/include-fixed
V[01:22:18.780] System include extraction: adding  c:\users\anniesh\appdata\local\arduino15\packages\arduino\tools\avr-gcc\7.3.0-atmel3.6.1-arduino7\bin\../lib/gcc/avr/7.3.0/../../../../avr/include
I[01:22:18.780] System includes extractor: successfully executed C:\Users\Anniesh\AppData\Local\Arduino15\packages\arduino\tools\avr-gcc\7.3.0-atmel3.6.1-arduino7\bin\avr-gcc.exe
	got includes: "c:\users\anniesh\appdata\local\arduino15\packages\arduino\tools\avr-gcc\7.3.0-atmel3.6.1-arduino7\bin\../lib/gcc/avr/7.3.0/include, c:\users\anniesh\appdata\local\arduino15\packages\arduino\tools\avr-gcc\7.3.0-atmel3.6.1-arduino7\bin\../lib/gcc/avr/7.3.0/include-fixed, c:\users\anniesh\appdata\local\arduino15\packages\arduino\tools\avr-gcc\7.3.0-atmel3.6.1-arduino7\bin\../lib/gcc/avr/7.3.0/../../../../avr/include"
	got target: "avr"
V[01:22:18.781] Indexing C:\Users\Anniesh\AppData\Local\Arduino15\packages\arduino\hardware\avr\1.8.3\cores\arduino\wiring_digital.c (digest:=7625D2811AFF3AA4)
I[01:22:18.786] --> $/progress
V[01:22:18.786] >>> {"jsonrpc":"2.0","method":"$/progress","params":{"token":"backgroundIndexProgress","value":{"kind":"report","message":"10/35","percentage":28.571428571428573}}}

I[01:22:18.786] --> $/progress
V[01:22:18.786] >>> {"jsonrpc":"2.0","method":"$/progress","params":{"token":"backgroundIndexProgress","value":{"kind":"report","message":"10/35","percentage":28.571428571428573}}}

V[01:22:18.787] Indexing C:\Users\Anniesh\AppData\Local\Temp\arduino-language-server923849939\sketch\sketch_oct14a.ino.cpp (digest:=BBF69C28AFFC841A)
I[01:22:18.799] Indexed C:\Users\Anniesh\AppData\Local\Arduino15\packages\arduino\hardware\avr\1.8.3\cores\arduino\HardwareSerial2.cpp (0 symbols, 2151 refs, 37 files)
I[01:22:18.809] --> $/progress
V[01:22:18.809] >>> {"jsonrpc":"2.0","method":"$/progress","params":{"token":"backgroundIndexProgress","value":{"kind":"report","message":"11/35","percentage":31.428571428571427}}}

I[01:22:18.809] --> $/progress
V[01:22:18.809] >>> {"jsonrpc":"2.0","method":"$/progress","params":{"token":"backgroundIndexProgress","value":{"kind":"report","message":"11/35","percentage":31.428571428571427}}}

V[01:22:18.811] Indexing C:\Users\Anniesh\AppData\Local\Arduino15\packages\arduino\hardware\avr\1.8.3\cores\arduino\wiring_pulse.c (digest:=B0774BE9D28D49CB)
I[01:22:18.816] Indexed C:\Users\Anniesh\AppData\Local\Arduino15\packages\arduino\hardware\avr\1.8.3\cores\arduino\wiring_digital.c (4 symbols, 2251 refs, 25 files)
I[01:22:18.820] Indexed C:\Users\Anniesh\AppData\Local\Arduino15\packages\arduino\hardware\avr\1.8.3\cores\arduino\USBCore.cpp (0 symbols, 2117 refs, 36 files)
I[01:22:18.826] --> $/progress
V[01:22:18.826] >>> {"jsonrpc":"2.0","method":"$/progress","params":{"token":"backgroundIndexProgress","value":{"kind":"report","message":"12/35","percentage":34.285714285714285}}}

I[01:22:18.826] --> $/progress
V[01:22:18.826] >>> {"jsonrpc":"2.0","method":"$/progress","params":{"token":"backgroundIndexProgress","value":{"kind":"report","message":"12/35","percentage":34.285714285714285}}}

V[01:22:18.827] Indexing C:\Users\Anniesh\AppData\Local\Arduino15\packages\arduino\hardware\avr\1.8.3\cores\arduino\WInterrupts.c (digest:=0A36B38756A4F148)
I[01:22:18.831] --> $/progress
V[01:22:18.831] >>> {"jsonrpc":"2.0","method":"$/progress","params":{"token":"backgroundIndexProgress","value":{"kind":"report","message":"13/35","percentage":37.142857142857146}}}

I[01:22:18.831] --> $/progress
V[01:22:18.831] >>> {"jsonrpc":"2.0","method":"$/progress","params":{"token":"backgroundIndexProgress","value":{"kind":"report","message":"13/35","percentage":37.142857142857146}}}

V[01:22:18.832] Indexing C:\Users\Anniesh\AppData\Local\Arduino15\packages\arduino\hardware\avr\1.8.3\libraries\Wire\src\Wire.cpp (digest:=54EF3A3FEE60B371)
I[01:22:18.847] Indexed C:\Users\Anniesh\AppData\Local\Arduino15\packages\arduino\hardware\avr\1.8.3\cores\arduino\wiring_pulse.c (2 symbols, 2065 refs, 25 files)
I[01:22:18.857] --> $/progress
V[01:22:18.857] >>> {"jsonrpc":"2.0","method":"$/progress","params":{"token":"backgroundIndexProgress","value":{"kind":"report","message":"14/35","percentage":40}}}

I[01:22:18.857] --> $/progress
V[01:22:18.857] >>> {"jsonrpc":"2.0","method":"$/progress","params":{"token":"backgroundIndexProgress","value":{"kind":"report","message":"14/35","percentage":40}}}

V[01:22:18.859] Indexing D:\games\arduino-1.8.15\libraries\SD\src\SD.cpp (digest:=15A5AD2E41E9F65C)
I[01:22:18.862] Indexed C:\Users\Anniesh\AppData\Local\Arduino15\packages\arduino\hardware\avr\1.8.3\cores\arduino\WInterrupts.c (6 symbols, 2072 refs, 25 files)
I[01:22:18.874] --> $/progress
V[01:22:18.874] >>> {"jsonrpc":"2.0","method":"$/progress","params":{"token":"backgroundIndexProgress","value":{"kind":"report","message":"15/35","percentage":42.857142857142854}}}

I[01:22:18.874] --> $/progress
V[01:22:18.874] >>> {"jsonrpc":"2.0","method":"$/progress","params":{"token":"backgroundIndexProgress","value":{"kind":"report","message":"15/35","percentage":42.857142857142854}}}

V[01:22:18.875] Indexing C:\Users\Anniesh\AppData\Local\Arduino15\packages\arduino\hardware\avr\1.8.3\libraries\SPI\src\SPI.cpp (digest:=B5C542C9A2525B86)
I[01:22:18.876] Indexed C:\Users\Anniesh\AppData\Local\Arduino15\packages\arduino\hardware\avr\1.8.3\libraries\Wire\src\Wire.cpp (175 symbols, 1837 refs, 25 files)
I[01:22:18.896] Indexed C:\Users\Anniesh\AppData\Local\Temp\arduino-language-server923849939\sketch\sketch_oct14a.ino.cpp (749 symbols, 4625 refs, 47 files)
I[01:22:18.907] --> $/progress
V[01:22:18.907] >>> {"jsonrpc":"2.0","method":"$/progress","params":{"token":"backgroundIndexProgress","value":{"kind":"report","message":"16/35","percentage":45.714285714285715}}}

I[01:22:18.907] --> $/progress
V[01:22:18.907] >>> {"jsonrpc":"2.0","method":"$/progress","params":{"token":"backgroundIndexProgress","value":{"kind":"report","message":"16/35","percentage":45.714285714285715}}}

V[01:22:18.908] Indexing C:\Users\Anniesh\AppData\Local\Arduino15\packages\arduino\hardware\avr\1.8.3\cores\arduino\Tone.cpp (digest:=1C31198B0754810E)
I[01:22:18.938] Indexed C:\Users\Anniesh\AppData\Local\Arduino15\packages\arduino\hardware\avr\1.8.3\libraries\SPI\src\SPI.cpp (27 symbols, 2459 refs, 36 files)
I[01:22:18.947] Indexed D:\games\arduino-1.8.15\libraries\SD\src\SD.cpp (556 symbols, 3804 refs, 42 files)
I[01:22:18.961] --> $/progress
V[01:22:18.961] >>> {"jsonrpc":"2.0","method":"$/progress","params":{"token":"backgroundIndexProgress","value":{"kind":"report","message":"17/35","percentage":48.571428571428569}}}

I[01:22:18.961] --> $/progress
V[01:22:18.961] >>> {"jsonrpc":"2.0","method":"$/progress","params":{"token":"backgroundIndexProgress","value":{"kind":"report","message":"17/35","percentage":48.571428571428569}}}

V[01:22:18.963] Indexing D:\games\arduino-1.8.15\libraries\SD\src\utility\SdVolume.cpp (digest:=7CB363B4FA538B16)
I[01:22:18.964] Indexed C:\Users\Anniesh\AppData\Local\Arduino15\packages\arduino\hardware\avr\1.8.3\cores\arduino\Tone.cpp (16 symbols, 2323 refs, 35 files)
I[01:22:18.976] --> $/progress
V[01:22:18.976] >>> {"jsonrpc":"2.0","method":"$/progress","params":{"token":"backgroundIndexProgress","value":{"kind":"report","message":"18/35","percentage":51.428571428571431}}}

I[01:22:18.976] --> $/progress
V[01:22:18.976] >>> {"jsonrpc":"2.0","method":"$/progress","params":{"token":"backgroundIndexProgress","value":{"kind":"report","message":"18/35","percentage":51.428571428571431}}}

V[01:22:18.977] Indexing C:\Users\Anniesh\AppData\Local\Arduino15\packages\arduino\hardware\avr\1.8.3\cores\arduino\CDC.cpp (digest:=5027209D9BDC4C10)
V[01:22:19.024] Ignored diagnostic. c:\users\anniesh\appdata\local\arduino15\packages\arduino\tools\avr-gcc\7.3.0-atmel3.6.1-arduino7\bin\../lib/gcc/avr/7.3.0/../../../../avr/include\avr/wdt.h:464:12:value '64' out of range for constraint 'I'
V[01:22:19.024] Ignored diagnostic. c:\users\anniesh\appdata\local\arduino15\packages\arduino\tools\avr-gcc\7.3.0-atmel3.6.1-arduino7\bin\../lib/gcc/avr/7.3.0/../../../../avr/include\avr/wdt.h:507:23:value '64' out of range for constraint 'I'
I[01:22:19.029] Indexed C:\Users\Anniesh\AppData\Local\Arduino15\packages\arduino\hardware\avr\1.8.3\cores\arduino\CDC.cpp (2 symbols, 2193 refs, 37 files)
I[01:22:19.029] Failed to compile C:\Users\Anniesh\AppData\Local\Arduino15\packages\arduino\hardware\avr\1.8.3\cores\arduino\CDC.cpp, index may be incomplete
I[01:22:19.040] Indexed D:\games\arduino-1.8.15\libraries\SD\src\utility\SdVolume.cpp (297 symbols, 3287 refs, 40 files)
I[01:22:19.043] --> $/progress
V[01:22:19.044] >>> {"jsonrpc":"2.0","method":"$/progress","params":{"token":"backgroundIndexProgress","value":{"kind":"report","message":"19/35","percentage":54.285714285714285}}}

I[01:22:19.044] --> $/progress
V[01:22:19.044] >>> {"jsonrpc":"2.0","method":"$/progress","params":{"token":"backgroundIndexProgress","value":{"kind":"report","message":"19/35","percentage":54.285714285714285}}}

V[01:22:19.045] Indexing C:\Users\Anniesh\AppData\Local\Arduino15\packages\arduino\hardware\avr\1.8.3\cores\arduino\hooks.c (digest:=C16B0ED8B1C5BB9F)
I[01:22:19.054] Indexed C:\Users\Anniesh\AppData\Local\Arduino15\packages\arduino\hardware\avr\1.8.3\cores\arduino\hooks.c (2 symbols, 2 refs, 1 files)
I[01:22:19.054] --> $/progress
V[01:22:19.054] >>> {"jsonrpc":"2.0","method":"$/progress","params":{"token":"backgroundIndexProgress","value":{"kind":"report","message":"20/35","percentage":57.142857142857146}}}

I[01:22:19.054] --> $/progress
V[01:22:19.054] >>> {"jsonrpc":"2.0","method":"$/progress","params":{"token":"backgroundIndexProgress","value":{"kind":"report","message":"20/35","percentage":57.142857142857146}}}

V[01:22:19.057] Indexing C:\Users\Anniesh\AppData\Local\Arduino15\packages\arduino\hardware\avr\1.8.3\cores\arduino\WString.cpp (digest:=293923F15565174B)
I[01:22:19.059] --> $/progress
V[01:22:19.059] >>> {"jsonrpc":"2.0","method":"$/progress","params":{"token":"backgroundIndexProgress","value":{"kind":"report","message":"21/35","percentage":60}}}

I[01:22:19.059] --> $/progress
V[01:22:19.059] >>> {"jsonrpc":"2.0","method":"$/progress","params":{"token":"backgroundIndexProgress","value":{"kind":"report","message":"21/35","percentage":60}}}

V[01:22:19.061] Indexing C:\Users\Anniesh\AppData\Local\Arduino15\packages\arduino\hardware\avr\1.8.3\cores\arduino\wiring_shift.c (digest:=5E8D23E876F6F446)
I[01:22:19.065] --> $/progress
V[01:22:19.065] >>> {"jsonrpc":"2.0","method":"$/progress","params":{"token":"backgroundIndexProgress","value":{"kind":"report","message":"22/35","percentage":62.857142857142854}}}

I[01:22:19.065] --> $/progress
V[01:22:19.065] >>> {"jsonrpc":"2.0","method":"$/progress","params":{"token":"backgroundIndexProgress","value":{"kind":"report","message":"22/35","percentage":62.857142857142854}}}

V[01:22:19.066] Indexing C:\Users\Anniesh\AppData\Local\Arduino15\packages\arduino\hardware\avr\1.8.3\cores\arduino\IPAddress.cpp (digest:=6DDB6ED4F4E34E63)
I[01:22:19.080] --> $/progress
V[01:22:19.080] >>> {"jsonrpc":"2.0","method":"$/progress","params":{"token":"backgroundIndexProgress","value":{"kind":"report","message":"23/35","percentage":65.714285714285708}}}

I[01:22:19.080] --> $/progress
V[01:22:19.080] >>> {"jsonrpc":"2.0","method":"$/progress","params":{"token":"backgroundIndexProgress","value":{"kind":"report","message":"23/35","percentage":65.714285714285708}}}

V[01:22:19.081] Indexing C:\Users\Anniesh\AppData\Local\Arduino15\packages\arduino\hardware\avr\1.8.3\cores\arduino\wiring.c (digest:=52A1501B116DC9D0)
I[01:22:19.095] Indexed C:\Users\Anniesh\AppData\Local\Arduino15\packages\arduino\hardware\avr\1.8.3\cores\arduino\wiring_shift.c (2 symbols, 2039 refs, 25 files)
I[01:22:19.103] --> $/progress
V[01:22:19.103] >>> {"jsonrpc":"2.0","method":"$/progress","params":{"token":"backgroundIndexProgress","value":{"kind":"report","message":"24/35","percentage":68.571428571428569}}}

I[01:22:19.103] --> $/progress
V[01:22:19.103] >>> {"jsonrpc":"2.0","method":"$/progress","params":{"token":"backgroundIndexProgress","value":{"kind":"report","message":"24/35","percentage":68.571428571428569}}}

V[01:22:19.104] Indexing C:\Users\Anniesh\AppData\Local\Arduino15\packages\arduino\hardware\avr\1.8.3\cores\arduino\new.cpp (digest:=35A6A5C91C7819B9)
I[01:22:19.110] Indexed C:\Users\Anniesh\AppData\Local\Arduino15\packages\arduino\hardware\avr\1.8.3\cores\arduino\IPAddress.cpp (20 symbols, 2259 refs, 36 files)
I[01:22:19.112] Indexed C:\Users\Anniesh\AppData\Local\Arduino15\packages\arduino\hardware\avr\1.8.3\cores\arduino\WString.cpp (84 symbols, 1853 refs, 18 files)
I[01:22:19.115] Indexed C:\Users\Anniesh\AppData\Local\Arduino15\packages\arduino\hardware\avr\1.8.3\cores\arduino\new.cpp (5 symbols, 79 refs, 3 files)
I[01:22:19.118] Indexed C:\Users\Anniesh\AppData\Local\Arduino15\packages\arduino\hardware\avr\1.8.3\cores\arduino\wiring.c (9 symbols, 2148 refs, 25 files)
I[01:22:19.124] --> $/progress
V[01:22:19.124] >>> {"jsonrpc":"2.0","method":"$/progress","params":{"token":"backgroundIndexProgress","value":{"kind":"report","message":"25/35","percentage":71.428571428571431}}}

I[01:22:19.124] --> $/progress
V[01:22:19.124] >>> {"jsonrpc":"2.0","method":"$/progress","params":{"token":"backgroundIndexProgress","value":{"kind":"report","message":"25/35","percentage":71.428571428571431}}}

I[01:22:19.124] --> $/progress
V[01:22:19.124] >>> {"jsonrpc":"2.0","method":"$/progress","params":{"token":"backgroundIndexProgress","value":{"kind":"report","message":"26/35","percentage":74.285714285714292}}}

I[01:22:19.124] --> $/progress
V[01:22:19.124] >>> {"jsonrpc":"2.0","method":"$/progress","params":{"token":"backgroundIndexProgress","value":{"kind":"report","message":"26/35","percentage":74.285714285714292}}}

V[01:22:19.126] Indexing C:\Users\Anniesh\AppData\Local\Arduino15\packages\arduino\hardware\avr\1.8.3\libraries\Wire\src\utility\twi.c (digest:=F687BA631403B543)
V[01:22:19.126] Indexing D:\games\arduino-1.8.15\libraries\SD\src\utility\Sd2Card.cpp (digest:=6998F3FEFAA973B0)
I[01:22:19.131] --> $/progress
V[01:22:19.131] >>> {"jsonrpc":"2.0","method":"$/progress","params":{"token":"backgroundIndexProgress","value":{"kind":"report","message":"27/35","percentage":77.142857142857139}}}

I[01:22:19.131] --> $/progress
V[01:22:19.131] >>> {"jsonrpc":"2.0","method":"$/progress","params":{"token":"backgroundIndexProgress","value":{"kind":"report","message":"27/35","percentage":77.142857142857139}}}

V[01:22:19.132] Indexing D:\games\arduino-1.8.15\libraries\SD\src\utility\SdFile.cpp (digest:=ACE7E9FCCFC558D8)
I[01:22:19.140] --> $/progress
V[01:22:19.140] >>> {"jsonrpc":"2.0","method":"$/progress","params":{"token":"backgroundIndexProgress","value":{"kind":"report","message":"28/35","percentage":80}}}

I[01:22:19.140] --> $/progress
V[01:22:19.140] >>> {"jsonrpc":"2.0","method":"$/progress","params":{"token":"backgroundIndexProgress","value":{"kind":"report","message":"28/35","percentage":80}}}

V[01:22:19.142] Indexing D:\games\arduino-1.8.15\libraries\SD\src\File.cpp (digest:=BC9324B8BAAF1CCE)
I[01:22:19.165] Indexed C:\Users\Anniesh\AppData\Local\Arduino15\packages\arduino\hardware\avr\1.8.3\libraries\Wire\src\utility\twi.c (34 symbols, 2499 refs, 27 files)
I[01:22:19.184] Indexed D:\games\arduino-1.8.15\libraries\SD\src\utility\Sd2Card.cpp (26 symbols, 2721 refs, 39 files)
I[01:22:19.194] --> $/progress
V[01:22:19.194] >>> {"jsonrpc":"2.0","method":"$/progress","params":{"token":"backgroundIndexProgress","value":{"kind":"report","message":"29/35","percentage":82.857142857142861}}}

I[01:22:19.194] --> $/progress
V[01:22:19.194] >>> {"jsonrpc":"2.0","method":"$/progress","params":{"token":"backgroundIndexProgress","value":{"kind":"report","message":"29/35","percentage":82.857142857142861}}}

V[01:22:19.195] Indexing C:\Users\Anniesh\AppData\Local\Arduino15\packages\arduino\hardware\avr\1.8.3\cores\arduino\WMath.cpp (digest:=38075D39C713EC91)
I[01:22:19.196] --> $/progress
V[01:22:19.196] >>> {"jsonrpc":"2.0","method":"$/progress","params":{"token":"backgroundIndexProgress","value":{"kind":"report","message":"30/35","percentage":85.714285714285708}}}

I[01:22:19.196] --> $/progress
V[01:22:19.196] >>> {"jsonrpc":"2.0","method":"$/progress","params":{"token":"backgroundIndexProgress","value":{"kind":"report","message":"30/35","percentage":85.714285714285708}}}

V[01:22:19.198] Indexing C:\Users\Anniesh\AppData\Local\Arduino15\packages\arduino\hardware\avr\1.8.3\cores\arduino\main.cpp (digest:=313C4893EB7ADBE6)
I[01:22:19.206] Indexed D:\games\arduino-1.8.15\libraries\SD\src\File.cpp (17 symbols, 2322 refs, 42 files)
I[01:22:19.210] Indexed C:\Users\Anniesh\AppData\Local\Arduino15\packages\arduino\hardware\avr\1.8.3\cores\arduino\WMath.cpp (50 symbols, 132 refs, 3 files)
I[01:22:19.211] Indexed D:\games\arduino-1.8.15\libraries\SD\src\utility\SdFile.cpp (38 symbols, 3031 refs, 40 files)
I[01:22:19.216] --> $/progress
V[01:22:19.216] >>> {"jsonrpc":"2.0","method":"$/progress","params":{"token":"backgroundIndexProgress","value":{"kind":"report","message":"31/35","percentage":88.571428571428569}}}

I[01:22:19.216] --> $/progress
V[01:22:19.216] >>> {"jsonrpc":"2.0","method":"$/progress","params":{"token":"backgroundIndexProgress","value":{"kind":"report","message":"31/35","percentage":88.571428571428569}}}

V[01:22:19.217] Indexing C:\Users\Anniesh\AppData\Local\Arduino15\packages\arduino\hardware\avr\1.8.3\cores\arduino\Print.cpp (digest:=81BB1157C290C33B)
I[01:22:19.226] --> $/progress
V[01:22:19.226] >>> {"jsonrpc":"2.0","method":"$/progress","params":{"token":"backgroundIndexProgress","value":{"kind":"report","message":"32/35","percentage":91.428571428571431}}}

I[01:22:19.243] --> $/progress
V[01:22:19.243] >>> {"jsonrpc":"2.0","method":"$/progress","params":{"token":"backgroundIndexProgress","value":{"kind":"report","message":"33/35","percentage":94.285714285714292}}}

I[01:22:19.243] Indexed C:\Users\Anniesh\AppData\Local\Arduino15\packages\arduino\hardware\avr\1.8.3\cores\arduino\main.cpp (4 symbols, 2128 refs, 35 files)
I[01:22:19.252] --> $/progress
V[01:22:19.252] >>> {"jsonrpc":"2.0","method":"$/progress","params":{"token":"backgroundIndexProgress","value":{"kind":"report","message":"34/35","percentage":97.142857142857139}}}

I[01:22:19.263] Indexed C:\Users\Anniesh\AppData\Local\Arduino15\packages\arduino\hardware\avr\1.8.3\cores\arduino\Print.cpp (26 symbols, 2277 refs, 35 files)
V[01:22:19.271] BackgroundIndex: building version 2 when background indexer is idle
V[01:22:19.292] BackgroundIndex: serving version 2 (3174945 bytes)
I[01:22:19.293] --> $/progress
V[01:22:19.293] >>> {"jsonrpc":"2.0","method":"$/progress","params":{"token":"backgroundIndexProgress","value":{"kind":"end"}}}

V[01:22:20.436] <<< {"id":3,"jsonrpc":"2.0","method":"shutdown","params":null}

I[01:22:20.436] <-- shutdown(3)
I[01:22:20.436] --> reply:shutdown(3) 0 ms
V[01:22:20.436] >>> {"id":3,"jsonrpc":"2.0","result":null}

V[01:22:20.437] <<< {"jsonrpc":"2.0","method":"exit","params":null}

I[01:22:20.437] <-- exit
I[01:22:20.437] LSP finished, exiting with status 0
