






Started logging.

<<<
Content-Length: 3081

{"jsonrpc":"2.0","id":0,"method":"initialize","params":{"processId":23816,"clientInfo":{"name":"vscode","version":"1.50.0"},"rootPath":"d:\\arduino codes\\alt_gyro_datalogger\\sketch_oct14a","rootUri":"file:///d%3A/arduino%20codes/alt_gyro_datalogger/sketch_oct14a","capabilities":{"workspace":{"applyEdit":true,"workspaceEdit":{"documentChanges":true,"resourceOperations":["create","rename","delete"],"failureHandling":"textOnlyTransactional"},"didChangeConfiguration":{"dynamicRegistration":true},"didChangeWatchedFiles":{"dynamicRegistration":true},"symbol":{"dynamicRegistration":true,"symbolKind":{"valueSet":[1,2,3,4,5,6,7,8,9,10,11,12,13,14,15,16,17,18,19,20,21,22,23,24,25,26]}},"executeCommand":{"dynamicRegistration":true},"configuration":true,"workspaceFolders":true},"textDocument":{"publishDiagnostics":{"relatedInformation":true,"versionSupport":false,"tagSupport":{"valueSet":[1,2]}},"synchronization":{"dynamicRegistration":true,"willSave":true,"willSaveWaitUntil":true,"didSave":true},"completion":{"dynamicRegistration":true,"contextSupport":true,"completionItem":{"snippetSupport":true,"commitCharactersSupport":true,"documentationFormat":["markdown","plaintext"],"deprecatedSupport":true,"preselectSupport":true,"tagSupport":{"valueSet":[1]}},"completionItemKind":{"valueSet":[1,2,3,4,5,6,7,8,9,10,11,12,13,14,15,16,17,18,19,20,21,22,23,24,25]}},"hover":{"dynamicRegistration":true,"contentFormat":["markdown","plaintext"]},"signatureHelp":{"dynamicRegistration":true,"signatureInformation":{"documentationFormat":["markdown","plaintext"],"parameterInformation":{"labelOffsetSupport":true}},"contextSupport":true},"definition":{"dynamicRegistration":true,"linkSupport":true},"references":{"dynamicRegistration":true},"documentHighlight":{"dynamicRegistration":true},"documentSymbol":{"dynamicRegistration":true,"symbolKind":{"valueSet":[1,2,3,4,5,6,7,8,9,10,11,12,13,14,15,16,17,18,19,20,21,22,23,24,25,26]},"hierarchicalDocumentSymbolSupport":true},"codeAction":{"dynamicRegistration":true,"isPreferredSupport":true,"codeActionLiteralSupport":{"codeActionKind":{"valueSet":["","quickfix","refactor","refactor.extract","refactor.inline","refactor.rewrite","source","source.organizeImports"]}}},"codeLens":{"dynamicRegistration":true},"formatting":{"dynamicRegistration":true},"rangeFormatting":{"dynamicRegistration":true},"onTypeFormatting":{"dynamicRegistration":true},"rename":{"dynamicRegistration":true,"prepareSupport":true},"documentLink":{"dynamicRegistration":true,"tooltipSupport":true},"typeDefinition":{"dynamicRegistration":true,"linkSupport":true},"implementation":{"dynamicRegistration":true,"linkSupport":true},"colorProvider":{"dynamicRegistration":true},"foldingRange":{"dynamicRegistration":true,"rangeLimit":5000,"lineFoldingOnly":true},"declaration":{"dynamicRegistration":true,"linkSupport":true},"selectionRange":{"dynamicRegistration":true}},"window":{"workDoneProgress":true}},"initializationOptions":{},"trace":"off","workspaceFolders":[{"uri":"file:///d%3A/arduino%20codes/alt_gyro_datalogger/sketch_oct14a","name":"sketch_oct14a"}]}}
>>>
Content-Length: 598

{"id":0,"result":{"capabilities":{"textDocumentSync":2,"hoverProvider":true,"completionProvider":{"triggerCharacters":[".","\u003e",":"]},"signatureHelpProvider":{"triggerCharacters":["(",","]},"definitionProvider":true,"documentHighlightProvider":true,"documentSymbolProvider":true,"workspaceSymbolProvider":true,"codeActionProvider":true,"documentFormattingProvider":true,"documentRangeFormattingProvider":true,"documentOnTypeFormattingProvider":{"firstTriggerCharacter":"\n"},"renameProvider":false,"executeCommandProvider":{"commands":["clangd.applyFix","clangd.applyTweak"]}}},"jsonrpc":"2.0"}
<<<
Content-Length: 52

{"jsonrpc":"2.0","method":"initialized","params":{}}Content-Length: 1153

{"jsonrpc":"2.0","method":"textDocument/didOpen","params":{"textDocument":{"uri":"file:///d%3A/arduino%20codes/alt_gyro_datalogger/sketch_oct14a/sketch_oct14a.ino","languageId":"cpp","version":1,"text":"#include <SPI.h>\r\n#include <SD.h>\r\n#include <Wire.h>\r\n#include \"i2c.h\"\r\n\r\n#include \"i2c_BMP280.h\"\r\nBMP280 bmp280;\r\n\r\n\r\nconst int ledr = 3;\r\nconst int ledg = 5;\r\nconst int ledb = 6;\r\n\r\n\r\nvoid setup() \r\n{\r\n  pinMode(ledr,OUTPUT);\r\n  pinMode(ledg,OUTPUT);\r\n  pinMode(ledb,OUTPUT);\r\n  \r\n  \r\n  \r\n  \r\n  if (bmp280.initialize())\r\n  {\r\n    ledstatus(10,237,245,100);\r\n  }\r\n  else\r\n  ledstatus(9,147,228,404);\r\n\r\n}\r\n\r\nvoid loop() {\r\n \r\n\r\n}\r\n\r\n\r\n\r\n\r\n\r\n\r\nvoid ledstatus(int val1, int val2, int val3, int mes)\r\n{ int n = 10;\r\n  if(mes = 404){\r\n    while(n!=0){\r\n    digitalWrite(ledr,val1);\r\n    digitalWrite(ledg,val2);\r\n    digitalWrite(ledb,val3);\r\n    delay(500);\r\n    n--;\r\n  }}\r\n  if(mes = 100)\r\n  {\r\n   \r\n    digitalWrite(ledr,val1);\r\n    digitalWrite(ledg,val2);\r\n    digitalWrite(ledb,val3);\r\n    delay(2000);\r\n  \r\n}\r\n}\r\n"}}}Content-Length: 279

{"jsonrpc":"2.0","id":1,"method":"textDocument/codeAction","params":{"textDocument":{"uri":"file:///d%3A/arduino%20codes/alt_gyro_datalogger/sketch_oct14a/sketch_oct14a.ino"},"range":{"start":{"line":0,"character":0},"end":{"line":0,"character":0}},"context":{"diagnostics":[]}}}
>>>
Content-Length: 111

{"method":"window/workDoneProgress/create","params":{"token":"backgroundIndexProgress"},"id":0,"jsonrpc":"2.0"}Content-Length: 36

{"id":1,"result":[],"jsonrpc":"2.0"}
<<<
Content-Length: 38

{"jsonrpc":"2.0","id":0,"result":null}
>>>
Content-Length: 143

{"method":"$/progress","params":{"token":"backgroundIndexProgress","value":{"title":"indexing","percentage":0,"kind":"begin"}},"jsonrpc":"2.0"}Content-Length: 107

{"method":"$/progress","params":{"token":"backgroundIndexProgress","value":{"kind":"end"}},"jsonrpc":"2.0"}Content-Length: 3281

{"method":"textDocument/publishDiagnostics","params":{"uri":"file:///d%3A/arduino%20codes/alt_gyro_datalogger/sketch_oct14a/sketch_oct14a.ino","diagnostics":[{"range":{"start":{"line":6,"character":0},"end":{"line":6,"character":6}},"severity":1,"code":"unknown_typename","source":"clang","message":"Unknown type name 'BMP280'"},{"range":{"start":{"line":16,"character":15},"end":{"line":16,"character":21}},"severity":1,"code":"undeclared_var_use","source":"clang","message":"Use of undeclared identifier 'OUTPUT'"},{"range":{"start":{"line":17,"character":15},"end":{"line":17,"character":21}},"severity":1,"code":"undeclared_var_use","source":"clang","message":"Use of undeclared identifier 'OUTPUT'"},{"range":{"start":{"line":18,"character":15},"end":{"line":18,"character":21}},"severity":1,"code":"undeclared_var_use","source":"clang","message":"Use of undeclared identifier 'OUTPUT'"},{"range":{"start":{"line":25,"character":4},"end":{"line":25,"character":13}},"severity":1,"code":"undeclared_var_use","source":"clang","message":"Use of undeclared identifier 'ledstatus'"},{"range":{"start":{"line":28,"character":2},"end":{"line":28,"character":11}},"severity":1,"code":"undeclared_var_use","source":"clang","message":"Use of undeclared identifier 'ledstatus'"},{"range":{"start":{"line":44,"character":5},"end":{"line":44,"character":14}},"severity":2,"code":"-Wparentheses","source":"clang","message":"Using the result of an assignment as a condition without parentheses (fixes available)"},{"range":{"start":{"line":46,"character":4},"end":{"line":46,"character":16}},"severity":1,"code":"undeclared_var_use","source":"clang","message":"Use of undeclared identifier 'digitalWrite'"},{"range":{"start":{"line":47,"character":4},"end":{"line":47,"character":16}},"severity":1,"code":"undeclared_var_use","source":"clang","message":"Use of undeclared identifier 'digitalWrite'"},{"range":{"start":{"line":48,"character":4},"end":{"line":48,"character":16}},"severity":1,"code":"undeclared_var_use","source":"clang","message":"Use of undeclared identifier 'digitalWrite'"},{"range":{"start":{"line":49,"character":4},"end":{"line":49,"character":9}},"severity":1,"code":"undeclared_var_use","source":"clang","message":"Use of undeclared identifier 'delay'"},{"range":{"start":{"line":52,"character":5},"end":{"line":52,"character":14}},"severity":2,"code":"-Wparentheses","source":"clang","message":"Using the result of an assignment as a condition without parentheses (fixes available)"},{"range":{"start":{"line":55,"character":4},"end":{"line":55,"character":16}},"severity":1,"code":"undeclared_var_use","source":"clang","message":"Use of undeclared identifier 'digitalWrite'"},{"range":{"start":{"line":56,"character":4},"end":{"line":56,"character":16}},"severity":1,"code":"undeclared_var_use","source":"clang","message":"Use of undeclared identifier 'digitalWrite'"},{"range":{"start":{"line":57,"character":4},"end":{"line":57,"character":16}},"severity":1,"code":"undeclared_var_use","source":"clang","message":"Use of undeclared identifier 'digitalWrite'"},{"range":{"start":{"line":58,"character":4},"end":{"line":58,"character":9}},"severity":1,"code":"undeclared_var_use","source":"clang","message":"Use of undeclared identifier 'delay'"}]},"jsonrpc":"2.0"}
<<<
Content-Length: 279

{"jsonrpc":"2.0","id":2,"method":"textDocument/codeAction","params":{"textDocument":{"uri":"file:///d%3A/arduino%20codes/alt_gyro_datalogger/sketch_oct14a/sketch_oct14a.ino"},"range":{"start":{"line":0,"character":0},"end":{"line":0,"character":0}},"context":{"diagnostics":[]}}}
>>>
Content-Length: 36

{"id":2,"result":[],"jsonrpc":"2.0"}
<<<
Content-Length: 58

{"jsonrpc":"2.0","id":3,"method":"shutdown","params":null}
>>>
Content-Length: 38

{"id":3,"result":null,"jsonrpc":"2.0"}
<<<
Content-Length: 47

{"jsonrpc":"2.0","method":"exit","params":null}






Started logging.

<<<
Content-Length: 3081

{"jsonrpc":"2.0","id":0,"method":"initialize","params":{"processId":20440,"clientInfo":{"name":"vscode","version":"1.50.0"},"rootPath":"d:\\arduino codes\\alt_gyro_datalogger\\sketch_oct14a","rootUri":"file:///d%3A/arduino%20codes/alt_gyro_datalogger/sketch_oct14a","capabilities":{"workspace":{"applyEdit":true,"workspaceEdit":{"documentChanges":true,"resourceOperations":["create","rename","delete"],"failureHandling":"textOnlyTransactional"},"didChangeConfiguration":{"dynamicRegistration":true},"didChangeWatchedFiles":{"dynamicRegistration":true},"symbol":{"dynamicRegistration":true,"symbolKind":{"valueSet":[1,2,3,4,5,6,7,8,9,10,11,12,13,14,15,16,17,18,19,20,21,22,23,24,25,26]}},"executeCommand":{"dynamicRegistration":true},"configuration":true,"workspaceFolders":true},"textDocument":{"publishDiagnostics":{"relatedInformation":true,"versionSupport":false,"tagSupport":{"valueSet":[1,2]}},"synchronization":{"dynamicRegistration":true,"willSave":true,"willSaveWaitUntil":true,"didSave":true},"completion":{"dynamicRegistration":true,"contextSupport":true,"completionItem":{"snippetSupport":true,"commitCharactersSupport":true,"documentationFormat":["markdown","plaintext"],"deprecatedSupport":true,"preselectSupport":true,"tagSupport":{"valueSet":[1]}},"completionItemKind":{"valueSet":[1,2,3,4,5,6,7,8,9,10,11,12,13,14,15,16,17,18,19,20,21,22,23,24,25]}},"hover":{"dynamicRegistration":true,"contentFormat":["markdown","plaintext"]},"signatureHelp":{"dynamicRegistration":true,"signatureInformation":{"documentationFormat":["markdown","plaintext"],"parameterInformation":{"labelOffsetSupport":true}},"contextSupport":true},"definition":{"dynamicRegistration":true,"linkSupport":true},"references":{"dynamicRegistration":true},"documentHighlight":{"dynamicRegistration":true},"documentSymbol":{"dynamicRegistration":true,"symbolKind":{"valueSet":[1,2,3,4,5,6,7,8,9,10,11,12,13,14,15,16,17,18,19,20,21,22,23,24,25,26]},"hierarchicalDocumentSymbolSupport":true},"codeAction":{"dynamicRegistration":true,"isPreferredSupport":true,"codeActionLiteralSupport":{"codeActionKind":{"valueSet":["","quickfix","refactor","refactor.extract","refactor.inline","refactor.rewrite","source","source.organizeImports"]}}},"codeLens":{"dynamicRegistration":true},"formatting":{"dynamicRegistration":true},"rangeFormatting":{"dynamicRegistration":true},"onTypeFormatting":{"dynamicRegistration":true},"rename":{"dynamicRegistration":true,"prepareSupport":true},"documentLink":{"dynamicRegistration":true,"tooltipSupport":true},"typeDefinition":{"dynamicRegistration":true,"linkSupport":true},"implementation":{"dynamicRegistration":true,"linkSupport":true},"colorProvider":{"dynamicRegistration":true},"foldingRange":{"dynamicRegistration":true,"rangeLimit":5000,"lineFoldingOnly":true},"declaration":{"dynamicRegistration":true,"linkSupport":true},"selectionRange":{"dynamicRegistration":true}},"window":{"workDoneProgress":true}},"initializationOptions":{},"trace":"off","workspaceFolders":[{"uri":"file:///d%3A/arduino%20codes/alt_gyro_datalogger/sketch_oct14a","name":"sketch_oct14a"}]}}
>>>
Content-Length: 598

{"id":0,"result":{"capabilities":{"textDocumentSync":2,"hoverProvider":true,"completionProvider":{"triggerCharacters":[".","\u003e",":"]},"signatureHelpProvider":{"triggerCharacters":["(",","]},"definitionProvider":true,"documentHighlightProvider":true,"documentSymbolProvider":true,"workspaceSymbolProvider":true,"codeActionProvider":true,"documentFormattingProvider":true,"documentRangeFormattingProvider":true,"documentOnTypeFormattingProvider":{"firstTriggerCharacter":"\n"},"renameProvider":false,"executeCommandProvider":{"commands":["clangd.applyFix","clangd.applyTweak"]}}},"jsonrpc":"2.0"}
<<<
Content-Length: 52

{"jsonrpc":"2.0","method":"initialized","params":{}}Content-Length: 1153

{"jsonrpc":"2.0","method":"textDocument/didOpen","params":{"textDocument":{"uri":"file:///d%3A/arduino%20codes/alt_gyro_datalogger/sketch_oct14a/sketch_oct14a.ino","languageId":"cpp","version":1,"text":"#include <SPI.h>\r\n#include <SD.h>\r\n#include <Wire.h>\r\n#include \"i2c.h\"\r\n\r\n#include \"i2c_BMP280.h\"\r\nBMP280 bmp280;\r\n\r\n\r\nconst int ledr = 3;\r\nconst int ledg = 5;\r\nconst int ledb = 6;\r\n\r\n\r\nvoid setup() \r\n{\r\n  pinMode(ledr,OUTPUT);\r\n  pinMode(ledg,OUTPUT);\r\n  pinMode(ledb,OUTPUT);\r\n  \r\n  \r\n  \r\n  \r\n  if (bmp280.initialize())\r\n  {\r\n    ledstatus(10,237,245,100);\r\n  }\r\n  else\r\n  ledstatus(9,147,228,404);\r\n\r\n}\r\n\r\nvoid loop() {\r\n \r\n\r\n}\r\n\r\n\r\n\r\n\r\n\r\n\r\nvoid ledstatus(int val1, int val2, int val3, int mes)\r\n{ int n = 10;\r\n  if(mes = 404){\r\n    while(n!=0){\r\n    digitalWrite(ledr,val1);\r\n    digitalWrite(ledg,val2);\r\n    digitalWrite(ledb,val3);\r\n    delay(500);\r\n    n--;\r\n  }}\r\n  if(mes = 100)\r\n  {\r\n   \r\n    digitalWrite(ledr,val1);\r\n    digitalWrite(ledg,val2);\r\n    digitalWrite(ledb,val3);\r\n    delay(2000);\r\n  \r\n}\r\n}\r\n"}}}Content-Length: 279

{"jsonrpc":"2.0","id":1,"method":"textDocument/codeAction","params":{"textDocument":{"uri":"file:///d%3A/arduino%20codes/alt_gyro_datalogger/sketch_oct14a/sketch_oct14a.ino"},"range":{"start":{"line":0,"character":0},"end":{"line":0,"character":0}},"context":{"diagnostics":[]}}}
>>>
Content-Length: 111

{"method":"window/workDoneProgress/create","params":{"token":"backgroundIndexProgress"},"id":0,"jsonrpc":"2.0"}Content-Length: 36

{"id":1,"result":[],"jsonrpc":"2.0"}
<<<
Content-Length: 38

{"jsonrpc":"2.0","id":0,"result":null}
>>>
Content-Length: 143

{"method":"$/progress","params":{"token":"backgroundIndexProgress","value":{"title":"indexing","percentage":0,"kind":"begin"}},"jsonrpc":"2.0"}Content-Length: 158

{"method":"$/progress","params":{"token":"backgroundIndexProgress","value":{"message":"3/35","percentage":8.571428571428571,"kind":"report"}},"jsonrpc":"2.0"}Content-Length: 159

{"method":"$/progress","params":{"token":"backgroundIndexProgress","value":{"message":"4/35","percentage":11.428571428571429,"kind":"report"}},"jsonrpc":"2.0"}Content-Length: 159

{"method":"$/progress","params":{"token":"backgroundIndexProgress","value":{"message":"4/35","percentage":11.428571428571429,"kind":"report"}},"jsonrpc":"2.0"}Content-Length: 159

{"method":"$/progress","params":{"token":"backgroundIndexProgress","value":{"message":"5/35","percentage":14.285714285714286,"kind":"report"}},"jsonrpc":"2.0"}Content-Length: 159

{"method":"$/progress","params":{"token":"backgroundIndexProgress","value":{"message":"5/35","percentage":14.285714285714286,"kind":"report"}},"jsonrpc":"2.0"}Content-Length: 159

{"method":"$/progress","params":{"token":"backgroundIndexProgress","value":{"message":"6/35","percentage":17.142857142857142,"kind":"report"}},"jsonrpc":"2.0"}Content-Length: 159

{"method":"$/progress","params":{"token":"backgroundIndexProgress","value":{"message":"6/35","percentage":17.142857142857142,"kind":"report"}},"jsonrpc":"2.0"}Content-Length: 143

{"method":"$/progress","params":{"token":"backgroundIndexProgress","value":{"message":"7/35","percentage":20,"kind":"report"}},"jsonrpc":"2.0"}Content-Length: 143

{"method":"$/progress","params":{"token":"backgroundIndexProgress","value":{"message":"7/35","percentage":20,"kind":"report"}},"jsonrpc":"2.0"}Content-Length: 159

{"method":"$/progress","params":{"token":"backgroundIndexProgress","value":{"message":"8/35","percentage":22.857142857142858,"kind":"report"}},"jsonrpc":"2.0"}Content-Length: 159

{"method":"$/progress","params":{"token":"backgroundIndexProgress","value":{"message":"8/35","percentage":22.857142857142858,"kind":"report"}},"jsonrpc":"2.0"}Content-Length: 159

{"method":"$/progress","params":{"token":"backgroundIndexProgress","value":{"message":"9/35","percentage":25.714285714285715,"kind":"report"}},"jsonrpc":"2.0"}Content-Length: 159

{"method":"$/progress","params":{"token":"backgroundIndexProgress","value":{"message":"9/35","percentage":25.714285714285715,"kind":"report"}},"jsonrpc":"2.0"}Content-Length: 160

{"method":"$/progress","params":{"token":"backgroundIndexProgress","value":{"message":"10/35","percentage":28.571428571428573,"kind":"report"}},"jsonrpc":"2.0"}Content-Length: 160

{"method":"$/progress","params":{"token":"backgroundIndexProgress","value":{"message":"10/35","percentage":28.571428571428573,"kind":"report"}},"jsonrpc":"2.0"}Content-Length: 160

{"method":"$/progress","params":{"token":"backgroundIndexProgress","value":{"message":"11/35","percentage":31.428571428571427,"kind":"report"}},"jsonrpc":"2.0"}Content-Length: 160

{"method":"$/progress","params":{"token":"backgroundIndexProgress","value":{"message":"11/35","percentage":31.428571428571427,"kind":"report"}},"jsonrpc":"2.0"}Content-Length: 160

{"method":"$/progress","params":{"token":"backgroundIndexProgress","value":{"message":"12/35","percentage":34.285714285714285,"kind":"report"}},"jsonrpc":"2.0"}Content-Length: 160

{"method":"$/progress","params":{"token":"backgroundIndexProgress","value":{"message":"12/35","percentage":34.285714285714285,"kind":"report"}},"jsonrpc":"2.0"}Content-Length: 160

{"method":"$/progress","params":{"token":"backgroundIndexProgress","value":{"message":"13/35","percentage":37.142857142857146,"kind":"report"}},"jsonrpc":"2.0"}Content-Length: 160

{"method":"$/progress","params":{"token":"backgroundIndexProgress","value":{"message":"13/35","percentage":37.142857142857146,"kind":"report"}},"jsonrpc":"2.0"}Content-Length: 144

{"method":"$/progress","params":{"token":"backgroundIndexProgress","value":{"message":"14/35","percentage":40,"kind":"report"}},"jsonrpc":"2.0"}Content-Length: 144

{"method":"$/progress","params":{"token":"backgroundIndexProgress","value":{"message":"14/35","percentage":40,"kind":"report"}},"jsonrpc":"2.0"}Content-Length: 160

{"method":"$/progress","params":{"token":"backgroundIndexProgress","value":{"message":"15/35","percentage":42.857142857142854,"kind":"report"}},"jsonrpc":"2.0"}Content-Length: 160

{"method":"$/progress","params":{"token":"backgroundIndexProgress","value":{"message":"15/35","percentage":42.857142857142854,"kind":"report"}},"jsonrpc":"2.0"}Content-Length: 160

{"method":"$/progress","params":{"token":"backgroundIndexProgress","value":{"message":"16/35","percentage":45.714285714285715,"kind":"report"}},"jsonrpc":"2.0"}Content-Length: 160

{"method":"$/progress","params":{"token":"backgroundIndexProgress","value":{"message":"16/35","percentage":45.714285714285715,"kind":"report"}},"jsonrpc":"2.0"}Content-Length: 159

{"method":"$/progress","params":{"token":"backgroundIndexProgress","value":{"message":"17/35","percentage":48.57142857142857,"kind":"report"}},"jsonrpc":"2.0"}Content-Length: 159

{"method":"$/progress","params":{"token":"backgroundIndexProgress","value":{"message":"17/35","percentage":48.57142857142857,"kind":"report"}},"jsonrpc":"2.0"}Content-Length: 159

{"method":"$/progress","params":{"token":"backgroundIndexProgress","value":{"message":"18/35","percentage":51.42857142857143,"kind":"report"}},"jsonrpc":"2.0"}Content-Length: 159

{"method":"$/progress","params":{"token":"backgroundIndexProgress","value":{"message":"18/35","percentage":51.42857142857143,"kind":"report"}},"jsonrpc":"2.0"}Content-Length: 160

{"method":"$/progress","params":{"token":"backgroundIndexProgress","value":{"message":"19/35","percentage":54.285714285714285,"kind":"report"}},"jsonrpc":"2.0"}Content-Length: 160

{"method":"$/progress","params":{"token":"backgroundIndexProgress","value":{"message":"19/35","percentage":54.285714285714285,"kind":"report"}},"jsonrpc":"2.0"}Content-Length: 160

{"method":"$/progress","params":{"token":"backgroundIndexProgress","value":{"message":"20/35","percentage":57.142857142857146,"kind":"report"}},"jsonrpc":"2.0"}Content-Length: 144

{"method":"$/progress","params":{"token":"backgroundIndexProgress","value":{"message":"21/35","percentage":60,"kind":"report"}},"jsonrpc":"2.0"}Content-Length: 144

{"method":"$/progress","params":{"token":"backgroundIndexProgress","value":{"message":"21/35","percentage":60,"kind":"report"}},"jsonrpc":"2.0"}Content-Length: 160

{"method":"$/progress","params":{"token":"backgroundIndexProgress","value":{"message":"22/35","percentage":62.857142857142854,"kind":"report"}},"jsonrpc":"2.0"}Content-Length: 160

{"method":"$/progress","params":{"token":"backgroundIndexProgress","value":{"message":"22/35","percentage":62.857142857142854,"kind":"report"}},"jsonrpc":"2.0"}Content-Length: 159

{"method":"$/progress","params":{"token":"backgroundIndexProgress","value":{"message":"23/35","percentage":65.71428571428571,"kind":"report"}},"jsonrpc":"2.0"}Content-Length: 159

{"method":"$/progress","params":{"token":"backgroundIndexProgress","value":{"message":"23/35","percentage":65.71428571428571,"kind":"report"}},"jsonrpc":"2.0"}Content-Length: 159

{"method":"$/progress","params":{"token":"backgroundIndexProgress","value":{"message":"24/35","percentage":68.57142857142857,"kind":"report"}},"jsonrpc":"2.0"}Content-Length: 159

{"method":"$/progress","params":{"token":"backgroundIndexProgress","value":{"message":"24/35","percentage":68.57142857142857,"kind":"report"}},"jsonrpc":"2.0"}Content-Length: 159

{"method":"$/progress","params":{"token":"backgroundIndexProgress","value":{"message":"25/35","percentage":71.42857142857143,"kind":"report"}},"jsonrpc":"2.0"}Content-Length: 159

{"method":"$/progress","params":{"token":"backgroundIndexProgress","value":{"message":"25/35","percentage":71.42857142857143,"kind":"report"}},"jsonrpc":"2.0"}Content-Length: 159

{"method":"$/progress","params":{"token":"backgroundIndexProgress","value":{"message":"26/35","percentage":74.28571428571429,"kind":"report"}},"jsonrpc":"2.0"}Content-Length: 159

{"method":"$/progress","params":{"token":"backgroundIndexProgress","value":{"message":"26/35","percentage":74.28571428571429,"kind":"report"}},"jsonrpc":"2.0"}Content-Length: 159

{"method":"$/progress","params":{"token":"backgroundIndexProgress","value":{"message":"27/35","percentage":77.14285714285714,"kind":"report"}},"jsonrpc":"2.0"}Content-Length: 159

{"method":"$/progress","params":{"token":"backgroundIndexProgress","value":{"message":"27/35","percentage":77.14285714285714,"kind":"report"}},"jsonrpc":"2.0"}Content-Length: 144

{"method":"$/progress","params":{"token":"backgroundIndexProgress","value":{"message":"28/35","percentage":80,"kind":"report"}},"jsonrpc":"2.0"}Content-Length: 144

{"method":"$/progress","params":{"token":"backgroundIndexProgress","value":{"message":"28/35","percentage":80,"kind":"report"}},"jsonrpc":"2.0"}Content-Length: 159

{"method":"$/progress","params":{"token":"backgroundIndexProgress","value":{"message":"29/35","percentage":82.85714285714286,"kind":"report"}},"jsonrpc":"2.0"}Content-Length: 159

{"method":"$/progress","params":{"token":"backgroundIndexProgress","value":{"message":"29/35","percentage":82.85714285714286,"kind":"report"}},"jsonrpc":"2.0"}Content-Length: 159

{"method":"$/progress","params":{"token":"backgroundIndexProgress","value":{"message":"30/35","percentage":85.71428571428571,"kind":"report"}},"jsonrpc":"2.0"}Content-Length: 159

{"method":"$/progress","params":{"token":"backgroundIndexProgress","value":{"message":"30/35","percentage":85.71428571428571,"kind":"report"}},"jsonrpc":"2.0"}Content-Length: 159

{"method":"$/progress","params":{"token":"backgroundIndexProgress","value":{"message":"31/35","percentage":88.57142857142857,"kind":"report"}},"jsonrpc":"2.0"}Content-Length: 159

{"method":"$/progress","params":{"token":"backgroundIndexProgress","value":{"message":"31/35","percentage":88.57142857142857,"kind":"report"}},"jsonrpc":"2.0"}Content-Length: 159

{"method":"$/progress","params":{"token":"backgroundIndexProgress","value":{"message":"32/35","percentage":91.42857142857143,"kind":"report"}},"jsonrpc":"2.0"}Content-Length: 159

{"method":"$/progress","params":{"token":"backgroundIndexProgress","value":{"message":"33/35","percentage":94.28571428571429,"kind":"report"}},"jsonrpc":"2.0"}Content-Length: 159

{"method":"$/progress","params":{"token":"backgroundIndexProgress","value":{"message":"34/35","percentage":97.14285714285714,"kind":"report"}},"jsonrpc":"2.0"}Content-Length: 107

{"method":"$/progress","params":{"token":"backgroundIndexProgress","value":{"kind":"end"}},"jsonrpc":"2.0"}
<<<
Content-Length: 58

{"jsonrpc":"2.0","id":2,"method":"shutdown","params":null}
>>>
Content-Length: 38

{"id":2,"result":null,"jsonrpc":"2.0"}
<<<
Content-Length: 47

{"jsonrpc":"2.0","method":"exit","params":null}