






Started logging.
2021/08/25 13:36:28 logging to d:\arduino codes\alt_gyro_datalogger\alt_gyro_datalogger\inols.log
2021/08/25 13:36:28 Initial board configuration: {"Arduino Uno" arduino:avr:uno}
2021/08/25 13:36:28 Language server build path: C:\Users\Anniesh\AppData\Local\Temp\arduino-language-server865228747
2021/08/25 13:36:28 Language server build sketch root: C:\Users\Anniesh\AppData\Local\Temp\arduino-language-server865228747\sketch
2021/08/25 13:36:28 [92mIDE --> LS     CL: REQUEST initialize 0: [0m
2021/08/25 13:36:28 IDE --> initialize 0 [93m locked[0m
2021/08/25 13:36:28 IDE --> initialize 0 [93m unlocked[0m
2021/08/25 13:36:28 INIT--- initializing workbench
2021/08/25 13:36:28 INIT--- [93m locked[0m
2021/08/25 13:36:28 [91mIDE <-- LS     CL: ANSWER UNBOUND (0): [0m
2021/08/25 13:36:28     --> initialize(file:///d%3A/arduino%20codes/alt_gyro_datalogger/alt_gyro_datalogger)
2021/08/25 13:36:28 running:  e:\arduino 2.0\Arduino IDE\resources\app\node_modules\arduino-ide-extension\build\arduino-cli.exe --config-file c:\Users\Anniesh\.arduinoIDE\arduino-cli.yaml compile --fqbn arduino:avr:uno --only-compilation-database --clean --source-override C:\Users\Anniesh\AppData\Local\Temp\165342382 --build-path C:\Users\Anniesh\AppData\Local\Temp\arduino-language-server865228747 --format json D:\arduino codes\alt_gyro_datalogger\alt_gyro_datalogger
2021/08/25 13:36:28 [92mIDE --> LS     CL: NOTIFICATION initialized: [0m
2021/08/25 13:36:29 arduino-cli output: {
  "compiler_out": "",
  "compiler_err": "",
  "builder_result": {
    "build_path": "C:\\Users\\Anniesh\\AppData\\Local\\Temp\\arduino-language-server865228747"
  },
  "success": false
}

2021/08/25 13:36:29 running:  e:\arduino 2.0\Arduino IDE\resources\app\node_modules\arduino-ide-extension\build\arduino-cli.exe --config-file c:\Users\Anniesh\.arduinoIDE\arduino-cli.yaml config dump --format json
2021/08/25 13:36:29 Arduino Data Dir ->  C:\Users\Anniesh\AppData\Local\Arduino15
2021/08/25 13:36:29     Starting clangd: e:\arduino 2.0\Arduino IDE\resources\app\node_modules\arduino-ide-extension\build\bin\clangd.exe -log=verbose --compile-commands-dir=C:\Users\Anniesh\AppData\Local\Temp\arduino-language-server865228747 -query-driver=C:\Users\Anniesh\AppData\Local\Arduino15\packages\**
2021/08/25 13:36:29 logging to d:\arduino codes\alt_gyro_datalogger\alt_gyro_datalogger\inols-clangd.log
2021/08/25 13:36:29 logging to d:\arduino codes\alt_gyro_datalogger\alt_gyro_datalogger\inols-clangd-err.log
2021/08/25 13:36:29 [91mIDE     LS --> CL: REQUEST initialize 0: [0m
2021/08/25 13:36:29 [92mIDE     LS <-- CL: ANSWER initialize 0 (0): [0m
2021/08/25 13:36:29 [91mIDE     LS --> CL: NOTIFICATION initialized: [0m
2021/08/25 13:36:29 INIT--- initializing workbench (done)
2021/08/25 13:36:29 INIT--- [93m unlocked[0m
2021/08/25 13:36:29 IDE --> initialized notif1 [93m read-locked[0m
2021/08/25 13:36:29 IDE --> initialized notif1 notification is not propagated to clangd
2021/08/25 13:36:29 IDE --> initialized notif1 [93m read-unlocked[0m
2021/08/25 13:36:29 [92mIDE --> LS     CL: NOTIFICATION textDocument/didOpen: [0m
2021/08/25 13:36:29 IDE --> textDocument/didOpen notif2 [93m locked[0m
2021/08/25 13:36:29 IDE --> textDocument/didOpen notif2 (file:///d%3A/arduino%20codes/alt_gyro_datalogger/alt_gyro_datalogger/alt_gyro_datalogger.ino@1 as 'cpp')
2021/08/25 13:36:29     increasing .ino tracked files count: 1
2021/08/25 13:36:29 IDE --> textDocument/didOpen notif2 to clang: didOpen(file:///C:/Users/Anniesh/AppData/Local/Temp/arduino-language-server865228747/sketch/alt_gyro_datalogger.ino.cpp@1 as 'cpp')
2021/08/25 13:36:29 IDE --> textDocument/didOpen notif2 sent to Clang
2021/08/25 13:36:29 [91mIDE     LS --> CL: NOTIFICATION textDocument/didOpen: [0m
2021/08/25 13:36:29 IDE --> textDocument/didOpen notif2 Queued resfreshing document symbols
2021/08/25 13:36:29 IDE --> textDocument/didOpen notif2 [93m unlocked[0m
2021/08/25 13:36:29 [92mIDE --> LS     CL: REQUEST textDocument/codeAction 1: [0m
2021/08/25 13:36:29 SYLD--- [93m read-locked[0m
2021/08/25 13:36:29 SYLD--- requesting documentSymbol for file:///C:/Users/Anniesh/AppData/Local/Temp/arduino-language-server865228747/sketch/alt_gyro_datalogger.ino.cpp
2021/08/25 13:36:29 IDE --> textDocument/codeAction 1 [93m read-locked[0m
2021/08/25 13:36:29 SYLD--- [93m read-unlocked[0m
2021/08/25 13:36:29 --> codeAction(file:///d%3A/arduino%20codes/alt_gyro_datalogger/alt_gyro_datalogger/alt_gyro_datalogger.ino:0:0)
2021/08/25 13:36:29 [91mIDE     LS --> CL: REQUEST textDocument/documentSymbol 1: [0m
2021/08/25 13:36:29     --> codeAction(file:///C:/Users/Anniesh/AppData/Local/Temp/arduino-language-server865228747/sketch/alt_gyro_datalogger.ino.cpp:2:0)
2021/08/25 13:36:29 IDE --> textDocument/codeAction 1 sent to Clang
2021/08/25 13:36:29 [91mIDE     LS --> CL: REQUEST textDocument/codeAction 2: [0m
2021/08/25 13:36:29 [92mIDE     LS <-- CL: REQUEST window/workDoneProgress/create 0: [0m
2021/08/25 13:36:29 [91mIDE     LS --> CL: ANSWER UNBOUND (0): [0m
2021/08/25 13:36:29 [91mIDE <-- LS     CL: REQUEST window/workDoneProgress/create 0: [0m
2021/08/25 13:36:29 [92mIDE     LS <-- CL: NOTIFICATION $/progress: TOKEN=backgroundIndexProgress BEGIN indexing [0m
2021/08/25 13:36:29 [92mIDE     LS <-- CL: NOTIFICATION $/progress: TOKEN=backgroundIndexProgress REPORT 0/1 0%[0m
2021/08/25 13:36:29 [92mIDE     LS <-- CL: NOTIFICATION $/progress: TOKEN=backgroundIndexProgress REPORT 0/1 0%[0m
2021/08/25 13:36:29 [92mIDE     LS <-- CL: NOTIFICATION $/progress: TOKEN=backgroundIndexProgress END [0m
2021/08/25 13:36:30 [92mIDE     LS <-- CL: NOTIFICATION textDocument/publishDiagnostics: [0m
2021/08/25 13:36:30 CLG <-- textDocument/publishDiagnostics notif5 (queued)
2021/08/25 13:36:30 CLG <-- textDocument/publishDiagnostics notif5 [93m read-locked[0m
2021/08/25 13:36:30 CLG <-- textDocument/publishDiagnostics notif5 (running)
2021/08/25 13:36:30 CLG <-- textDocument/publishDiagnostics notif5 publishDiagnostics(file:///C:/Users/Anniesh/AppData/Local/Temp/arduino-language-server865228747/sketch/alt_gyro_datalogger.ino.cpp):
2021/08/25 13:36:30 CLG <-- textDocument/publishDiagnostics notif5 > 0:9 - 1: pp_file_not_found
2021/08/25 13:36:30 CLG <-- textDocument/publishDiagnostics notif5 > 10:0 - 1: unknown_typename
2021/08/25 13:36:30 CLG <-- textDocument/publishDiagnostics notif5 > 11:0 - 1: unknown_typename
2021/08/25 13:36:30 CLG <-- textDocument/publishDiagnostics notif5 > 11:16 - 1: unknown_typename
2021/08/25 13:36:30 CLG <-- textDocument/publishDiagnostics notif5 > 41:15 - 1: undeclared_var_use
2021/08/25 13:36:30 CLG <-- textDocument/publishDiagnostics notif5 > 42:15 - 1: undeclared_var_use
2021/08/25 13:36:30 CLG <-- textDocument/publishDiagnostics notif5 > 43:15 - 1: undeclared_var_use
2021/08/25 13:36:30 CLG <-- textDocument/publishDiagnostics notif5 > 59:16 - 1: undeclared_var_use
2021/08/25 13:36:30 CLG <-- textDocument/publishDiagnostics notif5 > 60:21 - 1: undeclared_var_use
2021/08/25 13:36:30 CLG <-- textDocument/publishDiagnostics notif5 > 61:16 - 1: undeclared_var_use
2021/08/25 13:36:30 CLG <-- textDocument/publishDiagnostics notif5 > 62:21 - 1: undeclared_var_use
2021/08/25 13:36:30 CLG <-- textDocument/publishDiagnostics notif5 > 66:6 - 1: undeclared_var_use
2021/08/25 13:36:30 CLG <-- textDocument/publishDiagnostics notif5 > 68:4 - 1: undeclared_var_use
2021/08/25 13:36:30 CLG <-- textDocument/publishDiagnostics notif5 > 71:2 - 1: undeclared_var_use
2021/08/25 13:36:30 CLG <-- textDocument/publishDiagnostics notif5 > 73:2 - 1: unknown_typename
2021/08/25 13:36:30 CLG <-- textDocument/publishDiagnostics notif5 > 73:18 - 1: undeclared_var_use
2021/08/25 13:36:30 CLG <-- textDocument/publishDiagnostics notif5 > 73:41 - 1: undeclared_var_use
2021/08/25 13:36:30 CLG <-- textDocument/publishDiagnostics notif5 > 80:4 - 1: undeclared_var_use
2021/08/25 13:36:30 CLG <-- textDocument/publishDiagnostics notif5 > 83:2 - 1: undeclared_var_use
2021/08/25 13:36:30 CLG <-- textDocument/publishDiagnostics notif5 > 90:2 - 1: undeclared_var_use
2021/08/25 13:36:30 CLG <-- textDocument/publishDiagnostics notif5 > 0:0 - 1: fatal_too_many_errors
2021/08/25 13:36:30 [92mIDE     LS <-- CL: ANSWER textDocument/documentSymbol 1 (1): [0m
2021/08/25 13:36:30 [92mIDE     LS <-- CL: ANSWER textDocument/codeAction 2 (2): [0m
2021/08/25 13:36:30 SYLD--- [93m read-locked[0m
2021/08/25 13:36:30 SYLD---    symbol: Function mpu6050 11:0-11:21
2021/08/25 13:36:30 SYLD---             > MPU6050 mpu6050(Wire)
2021/08/25 13:36:30 SYLD---    symbol: Function setup 38:0-137:1
2021/08/25 13:36:30 SYLD---      TRIMMED> void setup() 
2021/08/25 13:36:30 SYLD---    symbol: Function loop 139:0-251:1
2021/08/25 13:36:30 SYLD---      TRIMMED> void loop() 
2021/08/25 13:36:30 SYLD---    symbol: Function ledstatus 263:0-289:1
2021/08/25 13:36:30 SYLD---      TRIMMED> void ledstatus(int val1, int val2, int val3, int mes)
2021/08/25 13:36:30 SYLD--- [93m read-unlocked[0m
2021/08/25 13:36:30 SYLD--- (done)
2021/08/25 13:36:30     <-- codeAction(0 elements)
2021/08/25 13:36:30 <-- codeAction(0 elements)
2021/08/25 13:36:30 IDE --> textDocument/codeAction 1 [93m read-unlocked[0m
2021/08/25 13:36:30 [91mIDE <-- LS     CL: ANSWER UNBOUND (1): [0m
2021/08/25 13:36:30 [92mIDE --> LS     CL: ANSWER window/workDoneProgress/create 0 (0): [0m
2021/08/25 13:36:30 [91mIDE <-- LS     CL: NOTIFICATION $/progress: TOKEN=backgroundIndexProgress BEGIN indexing [0m
2021/08/25 13:36:30 [91mIDE <-- LS     CL: NOTIFICATION $/progress: TOKEN=backgroundIndexProgress END [0m
2021/08/25 13:36:30     URI: converted 0:9-0:20 to /not-ino:0:9-0:20
2021/08/25 13:36:30     URI: converted 10:0-10:6 to D:\arduino codes\alt_gyro_datalogger\alt_gyro_datalogger\alt_gyro_datalogger.ino:8:0-8:6
2021/08/25 13:36:30     URI: converted 11:0-11:7 to D:\arduino codes\alt_gyro_datalogger\alt_gyro_datalogger\alt_gyro_datalogger.ino:9:0-9:7
2021/08/25 13:36:30     URI: converted 11:16-11:20 to D:\arduino codes\alt_gyro_datalogger\alt_gyro_datalogger\alt_gyro_datalogger.ino:9:16-9:20
2021/08/25 13:36:30     URI: converted 41:15-41:21 to D:\arduino codes\alt_gyro_datalogger\alt_gyro_datalogger\alt_gyro_datalogger.ino:39:15-39:21
2021/08/25 13:36:30     URI: converted 42:15-42:21 to D:\arduino codes\alt_gyro_datalogger\alt_gyro_datalogger\alt_gyro_datalogger.ino:40:15-40:21
2021/08/25 13:36:30     URI: converted 43:15-43:21 to D:\arduino codes\alt_gyro_datalogger\alt_gyro_datalogger\alt_gyro_datalogger.ino:41:15-41:21
2021/08/25 13:36:30     URI: converted 59:16-59:22 to D:\arduino codes\alt_gyro_datalogger\alt_gyro_datalogger\alt_gyro_datalogger.ino:57:16-57:22
2021/08/25 13:36:30     URI: converted 60:21-60:24 to D:\arduino codes\alt_gyro_datalogger\alt_gyro_datalogger\alt_gyro_datalogger.ino:58:21-58:24
2021/08/25 13:36:30     URI: converted 61:16-61:22 to D:\arduino codes\alt_gyro_datalogger\alt_gyro_datalogger\alt_gyro_datalogger.ino:59:16-59:22
2021/08/25 13:36:30     URI: converted 62:21-62:24 to D:\arduino codes\alt_gyro_datalogger\alt_gyro_datalogger\alt_gyro_datalogger.ino:60:21-60:24
2021/08/25 13:36:30     URI: converted 66:6-66:8 to D:\arduino codes\alt_gyro_datalogger\alt_gyro_datalogger\alt_gyro_datalogger.ino:64:6-64:8
2021/08/25 13:36:30     URI: converted 68:4-68:13 to D:\arduino codes\alt_gyro_datalogger\alt_gyro_datalogger\alt_gyro_datalogger.ino:66:4-66:13
2021/08/25 13:36:30     URI: converted 71:2-71:11 to D:\arduino codes\alt_gyro_datalogger\alt_gyro_datalogger\alt_gyro_datalogger.ino:69:2-69:11
2021/08/25 13:36:30     URI: converted 73:2-73:6 to D:\arduino codes\alt_gyro_datalogger\alt_gyro_datalogger\alt_gyro_datalogger.ino:71:2-71:6
2021/08/25 13:36:30     URI: converted 73:18-73:20 to D:\arduino codes\alt_gyro_datalogger\alt_gyro_datalogger\alt_gyro_datalogger.ino:71:18-71:20
2021/08/25 13:36:30     URI: converted 73:41-73:51 to D:\arduino codes\alt_gyro_datalogger\alt_gyro_datalogger\alt_gyro_datalogger.ino:71:41-71:51
2021/08/25 13:36:30     URI: converted 80:4-80:13 to D:\arduino codes\alt_gyro_datalogger\alt_gyro_datalogger\alt_gyro_datalogger.ino:78:4-78:13
2021/08/25 13:36:30     URI: converted 83:2-83:11 to D:\arduino codes\alt_gyro_datalogger\alt_gyro_datalogger\alt_gyro_datalogger.ino:81:2-81:11
2021/08/25 13:36:30     URI: converted 90:2-90:6 to D:\arduino codes\alt_gyro_datalogger\alt_gyro_datalogger\alt_gyro_datalogger.ino:88:2-88:6
2021/08/25 13:36:30     URI: converted 0:0-0:0 to /not-ino:0:0-0:0
2021/08/25 13:36:30 CLG <-- textDocument/publishDiagnostics notif5 to IDE: publishDiagnostics(file:///d%3A/arduino%20codes/alt_gyro_datalogger/alt_gyro_datalogger/alt_gyro_datalogger.ino):
2021/08/25 13:36:30 CLG <-- textDocument/publishDiagnostics notif5 > 8:0 - 1: unknown_typename
2021/08/25 13:36:30 CLG <-- textDocument/publishDiagnostics notif5 > 9:0 - 1: unknown_typename
2021/08/25 13:36:30 CLG <-- textDocument/publishDiagnostics notif5 > 9:16 - 1: unknown_typename
2021/08/25 13:36:30 CLG <-- textDocument/publishDiagnostics notif5 > 39:15 - 1: undeclared_var_use
2021/08/25 13:36:30 CLG <-- textDocument/publishDiagnostics notif5 > 40:15 - 1: undeclared_var_use
2021/08/25 13:36:30 CLG <-- textDocument/publishDiagnostics notif5 > 41:15 - 1: undeclared_var_use
2021/08/25 13:36:30 CLG <-- textDocument/publishDiagnostics notif5 > 57:16 - 1: undeclared_var_use
2021/08/25 13:36:30 CLG <-- textDocument/publishDiagnostics notif5 > 58:21 - 1: undeclared_var_use
2021/08/25 13:36:30 CLG <-- textDocument/publishDiagnostics notif5 > 59:16 - 1: undeclared_var_use
2021/08/25 13:36:30 CLG <-- textDocument/publishDiagnostics notif5 > 60:21 - 1: undeclared_var_use
2021/08/25 13:36:30 CLG <-- textDocument/publishDiagnostics notif5 > 64:6 - 1: undeclared_var_use
2021/08/25 13:36:30 CLG <-- textDocument/publishDiagnostics notif5 > 66:4 - 1: undeclared_var_use
2021/08/25 13:36:30 CLG <-- textDocument/publishDiagnostics notif5 > 69:2 - 1: undeclared_var_use
2021/08/25 13:36:30 CLG <-- textDocument/publishDiagnostics notif5 > 71:2 - 1: unknown_typename
2021/08/25 13:36:30 CLG <-- textDocument/publishDiagnostics notif5 > 71:18 - 1: undeclared_var_use
2021/08/25 13:36:30 CLG <-- textDocument/publishDiagnostics notif5 > 71:41 - 1: undeclared_var_use
2021/08/25 13:36:30 CLG <-- textDocument/publishDiagnostics notif5 > 78:4 - 1: undeclared_var_use
2021/08/25 13:36:30 CLG <-- textDocument/publishDiagnostics notif5 > 81:2 - 1: undeclared_var_use
2021/08/25 13:36:30 CLG <-- textDocument/publishDiagnostics notif5 > 88:2 - 1: undeclared_var_use
2021/08/25 13:36:30 [91mIDE <-- LS     CL: NOTIFICATION textDocument/publishDiagnostics: [0m
2021/08/25 13:36:30 CLG <-- textDocument/publishDiagnostics notif5 [93m read-unlocked[0m
2021/08/25 13:36:30 [92mIDE --> LS     CL: REQUEST textDocument/codeAction 2: [0m
2021/08/25 13:36:30 IDE --> textDocument/codeAction 2 [93m read-locked[0m
2021/08/25 13:36:30 --> codeAction(file:///d%3A/arduino%20codes/alt_gyro_datalogger/alt_gyro_datalogger/alt_gyro_datalogger.ino:0:0)
2021/08/25 13:36:30     --> codeAction(file:///C:/Users/Anniesh/AppData/Local/Temp/arduino-language-server865228747/sketch/alt_gyro_datalogger.ino.cpp:2:0)
2021/08/25 13:36:30 IDE --> textDocument/codeAction 2 sent to Clang
2021/08/25 13:36:30 [91mIDE     LS --> CL: REQUEST textDocument/codeAction 3: [0m
2021/08/25 13:36:30 [92mIDE     LS <-- CL: ANSWER textDocument/codeAction 3 (3): [0m
2021/08/25 13:36:30 IDE --> textDocument/codeAction 2 Queued check document symbols
2021/08/25 13:36:30 SYCK--- [93m read-locked[0m
2021/08/25 13:36:30 SYCK--- requesting documentSymbol for file:///C:/Users/Anniesh/AppData/Local/Temp/arduino-language-server865228747/sketch/alt_gyro_datalogger.ino.cpp
2021/08/25 13:36:30 SYCK--- [93m read-unlocked[0m
2021/08/25 13:36:30 [91mIDE     LS --> CL: REQUEST textDocument/documentSymbol 4: [0m
2021/08/25 13:36:30     <-- codeAction(0 elements)
2021/08/25 13:36:30 <-- codeAction(0 elements)
2021/08/25 13:36:30 IDE --> textDocument/codeAction 2 [93m read-unlocked[0m
2021/08/25 13:36:30 [91mIDE <-- LS     CL: ANSWER UNBOUND (2): [0m
2021/08/25 13:36:30 [92mIDE     LS <-- CL: ANSWER textDocument/documentSymbol 4 (4): [0m
2021/08/25 13:36:30 SYCK--- [93m read-locked[0m
2021/08/25 13:36:30 SYCK---    symbol: Function mpu6050 11:0-11:21
2021/08/25 13:36:30 SYCK---             > MPU6050 mpu6050(Wire)
2021/08/25 13:36:30 SYCK---    symbol: Function setup 38:0-137:1
2021/08/25 13:36:30 SYCK---      TRIMMED> void setup() 
2021/08/25 13:36:30 SYCK---    symbol: Function loop 139:0-251:1
2021/08/25 13:36:30 SYCK---      TRIMMED> void loop() 
2021/08/25 13:36:30 SYCK---    symbol: Function ledstatus 263:0-289:1
2021/08/25 13:36:30 SYCK---      TRIMMED> void ledstatus(int val1, int val2, int val3, int mes)
2021/08/25 13:36:30 SYCK--- [93m read-unlocked[0m
2021/08/25 13:36:30 SYCK--- (done)
2021/08/25 13:40:43 [92mIDE --> LS     CL: REQUEST textDocument/hover 3: [0m
2021/08/25 13:40:43 IDE --> textDocument/hover 3 [93m read-locked[0m
2021/08/25 13:40:43 --> hover(file:///d%3A/arduino%20codes/alt_gyro_datalogger/alt_gyro_datalogger/alt_gyro_datalogger.ino:213:12)
2021/08/25 13:40:43     --> hover(file:///C:/Users/Anniesh/AppData/Local/Temp/arduino-language-server865228747/sketch/alt_gyro_datalogger.ino.cpp:215:12)
2021/08/25 13:40:43 IDE --> textDocument/hover 3 sent to Clang
2021/08/25 13:40:43 [91mIDE     LS --> CL: REQUEST textDocument/hover 5: [0m
2021/08/25 13:40:43 [92mIDE     LS <-- CL: ANSWER textDocument/hover 5 (5): [0m
2021/08/25 13:40:43 <-- hover("### variable `angx`  \n\n---\nType: `float`  \n\n---\n```cpp\n// In loop\nfloat angx\n```")
2021/08/25 13:40:43 IDE --> textDocument/hover 3 [93m read-unlocked[0m
2021/08/25 13:40:43 [91mIDE <-- LS     CL: ANSWER UNBOUND (3): [0m
2021/08/25 13:40:43 [92mIDE --> LS     CL: REQUEST textDocument/hover 4: [0m
2021/08/25 13:40:43 IDE --> textDocument/hover 4 [93m read-locked[0m
2021/08/25 13:40:43 --> hover(file:///d%3A/arduino%20codes/alt_gyro_datalogger/alt_gyro_datalogger/alt_gyro_datalogger.ino:214:11)
2021/08/25 13:40:43     --> hover(file:///C:/Users/Anniesh/AppData/Local/Temp/arduino-language-server865228747/sketch/alt_gyro_datalogger.ino.cpp:216:11)
2021/08/25 13:40:43 IDE --> textDocument/hover 4 sent to Clang
2021/08/25 13:40:43 [91mIDE     LS --> CL: REQUEST textDocument/hover 6: [0m
2021/08/25 13:40:43 [92mIDE     LS <-- CL: ANSWER textDocument/hover 6 (6): [0m
2021/08/25 13:40:43 <-- hover("### variable `anx`  \n\n---\nType: `int`  \n\n---\n```cpp\n// In loop\npublic: int anx\n```")
2021/08/25 13:40:43 IDE --> textDocument/hover 4 [93m read-unlocked[0m
2021/08/25 13:40:43 [91mIDE <-- LS     CL: ANSWER UNBOUND (4): [0m
2021/08/25 13:40:46 [92mIDE --> LS     CL: REQUEST textDocument/hover 5: [0m
2021/08/25 13:40:46 IDE --> textDocument/hover 5 [93m read-locked[0m
2021/08/25 13:40:46 --> hover(file:///d%3A/arduino%20codes/alt_gyro_datalogger/alt_gyro_datalogger/alt_gyro_datalogger.ino:208:17)
2021/08/25 13:40:46     --> hover(file:///C:/Users/Anniesh/AppData/Local/Temp/arduino-language-server865228747/sketch/alt_gyro_datalogger.ino.cpp:210:17)
2021/08/25 13:40:46 IDE --> textDocument/hover 5 sent to Clang
2021/08/25 13:40:46 [91mIDE     LS --> CL: REQUEST textDocument/hover 7: [0m
2021/08/25 13:40:46 [92mIDE     LS <-- CL: ANSWER textDocument/hover 7 (7): [0m
2021/08/25 13:40:46 <-- hover("### variable `gyroany`  \n\n---\nType: `float`  \n\n---\n```cpp\n// In loop\nfloat gyroany\n```")
2021/08/25 13:40:46 IDE --> textDocument/hover 5 [93m read-unlocked[0m
2021/08/25 13:40:46 [91mIDE <-- LS     CL: ANSWER UNBOUND (5): [0m
2021/08/25 13:40:46 [92mIDE --> LS     CL: REQUEST textDocument/hover 6: [0m
2021/08/25 13:40:46 IDE --> textDocument/hover 6 [93m read-locked[0m
2021/08/25 13:40:46 --> hover(file:///d%3A/arduino%20codes/alt_gyro_datalogger/alt_gyro_datalogger/alt_gyro_datalogger.ino:197:20)
2021/08/25 13:40:46     --> hover(file:///C:/Users/Anniesh/AppData/Local/Temp/arduino-language-server865228747/sketch/alt_gyro_datalogger.ino.cpp:199:20)
2021/08/25 13:40:46 IDE --> textDocument/hover 6 sent to Clang
2021/08/25 13:40:46 [91mIDE     LS --> CL: REQUEST textDocument/hover 8: [0m
2021/08/25 13:40:46 [92mIDE     LS <-- CL: ANSWER textDocument/hover 8 (8): [0m
2021/08/25 13:40:46 IDE --> textDocument/hover 6 [93m read-unlocked[0m
2021/08/25 13:40:46 [91mIDE <-- LS     CL: ANSWER UNBOUND (6): [0m
2021/08/25 13:42:30 [92mIDE --> LS     CL: REQUEST shutdown 7: [0m
2021/08/25 13:42:30 IDE --> shutdown 7 [93m read-locked[0m
2021/08/25 13:42:30 IDE --> shutdown 7 sent to Clang
2021/08/25 13:42:30 [91mIDE     LS --> CL: REQUEST shutdown 9: [0m
2021/08/25 13:42:30 [92mIDE     LS <-- CL: ANSWER shutdown 9 (9): [0m
2021/08/25 13:42:30 IDE --> shutdown 7 [93m read-unlocked[0m
2021/08/25 13:42:30 [91mIDE <-- LS     CL: ANSWER UNBOUND (7): [0m
2021/08/25 13:42:30 [92mIDE --> LS     CL: NOTIFICATION exit: [0m
2021/08/25 13:42:30 IDE --> exit notif3 [93m read-locked[0m
2021/08/25 13:42:30 IDE --> exit notif3 sent to Clang
2021/08/25 13:42:30 [91mIDE     LS --> CL: NOTIFICATION exit: [0m
2021/08/25 13:42:30 IDE --> exit notif3 [93m read-unlocked[0m
2021/08/25 13:42:30 Lost connection with clangd!
2021/08/25 13:42:30 removing buildpath







Started logging.
2021/08/27 12:24:33 logging to d:\arduino codes\alt_gyro_datalogger\alt_gyro_datalogger\inols.log
2021/08/27 12:24:33 Initial board configuration: {"Arduino Uno" arduino:avr:uno}
2021/08/27 12:24:33 Language server build path: C:\Users\Anniesh\AppData\Local\Temp\arduino-language-server270391559
2021/08/27 12:24:33 Language server build sketch root: C:\Users\Anniesh\AppData\Local\Temp\arduino-language-server270391559\sketch
2021/08/27 12:24:33 [92mIDE --> LS     CL: REQUEST initialize 0: [0m
2021/08/27 12:24:33 IDE --> initialize 0 [93m locked[0m
2021/08/27 12:24:33 IDE --> initialize 0 [93m unlocked[0m
2021/08/27 12:24:33 INIT--- initializing workbench
2021/08/27 12:24:33 INIT--- [93m locked[0m
2021/08/27 12:24:33 [91mIDE <-- LS     CL: ANSWER UNBOUND (0): [0m
2021/08/27 12:24:33     --> initialize(file:///d%3A/arduino%20codes/alt_gyro_datalogger/alt_gyro_datalogger)
2021/08/27 12:24:33 running:  e:\arduino 2.0\Arduino IDE\resources\app\node_modules\arduino-ide-extension\build\arduino-cli.exe --config-file c:\Users\Anniesh\.arduinoIDE\arduino-cli.yaml compile --fqbn arduino:avr:uno --only-compilation-database --clean --source-override C:\Users\Anniesh\AppData\Local\Temp\648768698 --build-path C:\Users\Anniesh\AppData\Local\Temp\arduino-language-server270391559 --format json D:\arduino codes\alt_gyro_datalogger\alt_gyro_datalogger
2021/08/27 12:24:33 [92mIDE --> LS     CL: NOTIFICATION initialized: [0m
2021/08/27 12:24:37 arduino-cli output: {
  "compiler_out": "",
  "compiler_err": "",
  "builder_result": {
    "build_path": "C:\\Users\\Anniesh\\AppData\\Local\\Temp\\arduino-language-server270391559"
  },
  "success": false
}

2021/08/27 12:24:37 running:  e:\arduino 2.0\Arduino IDE\resources\app\node_modules\arduino-ide-extension\build\arduino-cli.exe --config-file c:\Users\Anniesh\.arduinoIDE\arduino-cli.yaml config dump --format json
2021/08/27 12:24:37 Arduino Data Dir ->  C:\Users\Anniesh\AppData\Local\Arduino15
2021/08/27 12:24:37     Starting clangd: e:\arduino 2.0\Arduino IDE\resources\app\node_modules\arduino-ide-extension\build\bin\clangd.exe -log=verbose --compile-commands-dir=C:\Users\Anniesh\AppData\Local\Temp\arduino-language-server270391559 -query-driver=C:\Users\Anniesh\AppData\Local\Arduino15\packages\**
2021/08/27 12:24:37 logging to d:\arduino codes\alt_gyro_datalogger\alt_gyro_datalogger\inols-clangd.log
2021/08/27 12:24:37 logging to d:\arduino codes\alt_gyro_datalogger\alt_gyro_datalogger\inols-clangd-err.log
2021/08/27 12:24:37 [91mIDE     LS --> CL: REQUEST initialize 0: [0m
2021/08/27 12:24:37 [92mIDE     LS <-- CL: ANSWER initialize 0 (0): [0m
2021/08/27 12:24:37 [91mIDE     LS --> CL: NOTIFICATION initialized: [0m
2021/08/27 12:24:37 INIT--- initializing workbench (done)
2021/08/27 12:24:37 INIT--- [93m unlocked[0m
2021/08/27 12:24:37 IDE --> initialized notif1 [93m read-locked[0m
2021/08/27 12:24:37 IDE --> initialized notif1 notification is not propagated to clangd
2021/08/27 12:24:37 IDE --> initialized notif1 [93m read-unlocked[0m
2021/08/27 12:24:37 [92mIDE --> LS     CL: NOTIFICATION textDocument/didOpen: [0m
2021/08/27 12:24:37 IDE --> textDocument/didOpen notif2 [93m locked[0m
2021/08/27 12:24:37 IDE --> textDocument/didOpen notif2 (file:///d%3A/arduino%20codes/alt_gyro_datalogger/alt_gyro_datalogger/alt_gyro_datalogger.ino@1 as 'cpp')
2021/08/27 12:24:37     increasing .ino tracked files count: 1
2021/08/27 12:24:37 IDE --> textDocument/didOpen notif2 to clang: didOpen(file:///C:/Users/Anniesh/AppData/Local/Temp/arduino-language-server270391559/sketch/alt_gyro_datalogger.ino.cpp@1 as 'cpp')
2021/08/27 12:24:37 IDE --> textDocument/didOpen notif2 sent to Clang
2021/08/27 12:24:37 [91mIDE     LS --> CL: NOTIFICATION textDocument/didOpen: [0m
2021/08/27 12:24:37 IDE --> textDocument/didOpen notif2 Queued resfreshing document symbols
2021/08/27 12:24:37 IDE --> textDocument/didOpen notif2 [93m unlocked[0m
2021/08/27 12:24:37 [92mIDE --> LS     CL: REQUEST textDocument/codeAction 1: [0m
2021/08/27 12:24:37 SYLD--- [93m read-locked[0m
2021/08/27 12:24:37 SYLD--- requesting documentSymbol for file:///C:/Users/Anniesh/AppData/Local/Temp/arduino-language-server270391559/sketch/alt_gyro_datalogger.ino.cpp
2021/08/27 12:24:37 SYLD--- [93m read-unlocked[0m
2021/08/27 12:24:37 IDE --> textDocument/codeAction 1 [93m read-locked[0m
2021/08/27 12:24:37 --> codeAction(file:///d%3A/arduino%20codes/alt_gyro_datalogger/alt_gyro_datalogger/alt_gyro_datalogger.ino:0:0)
2021/08/27 12:24:37 [91mIDE     LS --> CL: REQUEST textDocument/documentSymbol 1: [0m
2021/08/27 12:24:37 [92mIDE     LS <-- CL: REQUEST window/workDoneProgress/create 0: [0m
2021/08/27 12:24:37     --> codeAction(file:///C:/Users/Anniesh/AppData/Local/Temp/arduino-language-server270391559/sketch/alt_gyro_datalogger.ino.cpp:2:0)
2021/08/27 12:24:37 IDE --> textDocument/codeAction 1 sent to Clang
2021/08/27 12:24:37 [91mIDE     LS --> CL: REQUEST textDocument/codeAction 2: [0m
2021/08/27 12:24:37 [91mIDE     LS --> CL: ANSWER UNBOUND (0): [0m
2021/08/27 12:24:37 [91mIDE <-- LS     CL: REQUEST window/workDoneProgress/create 0: [0m
2021/08/27 12:24:37 [92mIDE     LS <-- CL: NOTIFICATION $/progress: TOKEN=backgroundIndexProgress BEGIN indexing [0m
2021/08/27 12:24:37 [92mIDE     LS <-- CL: NOTIFICATION $/progress: TOKEN=backgroundIndexProgress REPORT 0/1 0%[0m
2021/08/27 12:24:37 [92mIDE     LS <-- CL: NOTIFICATION $/progress: TOKEN=backgroundIndexProgress REPORT 0/1 0%[0m
2021/08/27 12:24:37 [92mIDE     LS <-- CL: NOTIFICATION $/progress: TOKEN=backgroundIndexProgress END [0m
2021/08/27 12:24:37 [92mIDE     LS <-- CL: NOTIFICATION textDocument/publishDiagnostics: [0m
2021/08/27 12:24:37 CLG <-- textDocument/publishDiagnostics notif5 (queued)
2021/08/27 12:24:37 CLG <-- textDocument/publishDiagnostics notif5 [93m read-locked[0m
2021/08/27 12:24:37 CLG <-- textDocument/publishDiagnostics notif5 (running)
2021/08/27 12:24:37 CLG <-- textDocument/publishDiagnostics notif5 publishDiagnostics(file:///C:/Users/Anniesh/AppData/Local/Temp/arduino-language-server270391559/sketch/alt_gyro_datalogger.ino.cpp):
2021/08/27 12:24:37 CLG <-- textDocument/publishDiagnostics notif5 > 0:9 - 1: pp_file_not_found
2021/08/27 12:24:37 CLG <-- textDocument/publishDiagnostics notif5 > 10:0 - 1: unknown_typename
2021/08/27 12:24:37 CLG <-- textDocument/publishDiagnostics notif5 > 11:0 - 1: unknown_typename
2021/08/27 12:24:37 CLG <-- textDocument/publishDiagnostics notif5 > 11:16 - 1: unknown_typename
2021/08/27 12:24:37 CLG <-- textDocument/publishDiagnostics notif5 > 41:15 - 1: undeclared_var_use
2021/08/27 12:24:37 CLG <-- textDocument/publishDiagnostics notif5 > 42:15 - 1: undeclared_var_use
2021/08/27 12:24:37 CLG <-- textDocument/publishDiagnostics notif5 > 43:15 - 1: undeclared_var_use
2021/08/27 12:24:37 CLG <-- textDocument/publishDiagnostics notif5 > 59:16 - 1: undeclared_var_use
2021/08/27 12:24:37 CLG <-- textDocument/publishDiagnostics notif5 > 60:21 - 1: undeclared_var_use
2021/08/27 12:24:37 CLG <-- textDocument/publishDiagnostics notif5 > 61:16 - 1: undeclared_var_use
2021/08/27 12:24:37 CLG <-- textDocument/publishDiagnostics notif5 > 62:21 - 1: undeclared_var_use
2021/08/27 12:24:37 CLG <-- textDocument/publishDiagnostics notif5 > 66:6 - 1: undeclared_var_use
2021/08/27 12:24:37 CLG <-- textDocument/publishDiagnostics notif5 > 68:4 - 1: undeclared_var_use
2021/08/27 12:24:37 CLG <-- textDocument/publishDiagnostics notif5 > 71:2 - 1: undeclared_var_use
2021/08/27 12:24:37 CLG <-- textDocument/publishDiagnostics notif5 > 73:2 - 1: unknown_typename
2021/08/27 12:24:37 CLG <-- textDocument/publishDiagnostics notif5 > 73:18 - 1: undeclared_var_use
2021/08/27 12:24:37 CLG <-- textDocument/publishDiagnostics notif5 > 73:41 - 1: undeclared_var_use
2021/08/27 12:24:37 CLG <-- textDocument/publishDiagnostics notif5 > 80:4 - 1: undeclared_var_use
2021/08/27 12:24:37 CLG <-- textDocument/publishDiagnostics notif5 > 83:2 - 1: undeclared_var_use
2021/08/27 12:24:37 CLG <-- textDocument/publishDiagnostics notif5 > 90:2 - 1: undeclared_var_use
2021/08/27 12:24:37 CLG <-- textDocument/publishDiagnostics notif5 > 0:0 - 1: fatal_too_many_errors
2021/08/27 12:24:37 [92mIDE     LS <-- CL: ANSWER textDocument/documentSymbol 1 (1): [0m
2021/08/27 12:24:37 [92mIDE     LS <-- CL: ANSWER textDocument/codeAction 2 (2): [0m
2021/08/27 12:24:37 SYLD--- [93m read-locked[0m
2021/08/27 12:24:37 SYLD---    symbol: Function mpu6050 11:0-11:21
2021/08/27 12:24:37 SYLD---             > MPU6050 mpu6050(Wire)
2021/08/27 12:24:37 SYLD---    symbol: Function setup 38:0-137:1
2021/08/27 12:24:37 SYLD---      TRIMMED> void setup() 
2021/08/27 12:24:37 SYLD---    symbol: Function loop 139:0-251:1
2021/08/27 12:24:37     <-- codeAction(0 elements)
2021/08/27 12:24:37 <-- codeAction(0 elements)
2021/08/27 12:24:37 SYLD---      TRIMMED> void loop() 
2021/08/27 12:24:37 SYLD---    symbol: Function ledstatus 263:0-289:1
2021/08/27 12:24:37     URI: converted 0:9-0:20 to /not-ino:0:9-0:20
2021/08/27 12:24:37 IDE --> textDocument/codeAction 1 [93m read-unlocked[0m
2021/08/27 12:24:37 SYLD---      TRIMMED> void ledstatus(int val1, int val2, int val3, int mes)
2021/08/27 12:24:37 SYLD--- [93m read-unlocked[0m
2021/08/27 12:24:37 SYLD--- (done)
2021/08/27 12:24:37 [91mIDE <-- LS     CL: ANSWER UNBOUND (1): [0m
2021/08/27 12:24:37 [92mIDE --> LS     CL: ANSWER window/workDoneProgress/create 0 (0): [0m
2021/08/27 12:24:37 [91mIDE <-- LS     CL: NOTIFICATION $/progress: TOKEN=backgroundIndexProgress BEGIN indexing [0m
2021/08/27 12:24:37 [91mIDE <-- LS     CL: NOTIFICATION $/progress: TOKEN=backgroundIndexProgress END [0m
2021/08/27 12:24:37     URI: converted 10:0-10:6 to D:\arduino codes\alt_gyro_datalogger\alt_gyro_datalogger\alt_gyro_datalogger.ino:8:0-8:6
2021/08/27 12:24:37     URI: converted 11:0-11:7 to D:\arduino codes\alt_gyro_datalogger\alt_gyro_datalogger\alt_gyro_datalogger.ino:9:0-9:7
2021/08/27 12:24:37     URI: converted 11:16-11:20 to D:\arduino codes\alt_gyro_datalogger\alt_gyro_datalogger\alt_gyro_datalogger.ino:9:16-9:20
2021/08/27 12:24:37     URI: converted 41:15-41:21 to D:\arduino codes\alt_gyro_datalogger\alt_gyro_datalogger\alt_gyro_datalogger.ino:39:15-39:21
2021/08/27 12:24:37     URI: converted 42:15-42:21 to D:\arduino codes\alt_gyro_datalogger\alt_gyro_datalogger\alt_gyro_datalogger.ino:40:15-40:21
2021/08/27 12:24:37     URI: converted 43:15-43:21 to D:\arduino codes\alt_gyro_datalogger\alt_gyro_datalogger\alt_gyro_datalogger.ino:41:15-41:21
2021/08/27 12:24:37     URI: converted 59:16-59:22 to D:\arduino codes\alt_gyro_datalogger\alt_gyro_datalogger\alt_gyro_datalogger.ino:57:16-57:22
2021/08/27 12:24:37     URI: converted 60:21-60:24 to D:\arduino codes\alt_gyro_datalogger\alt_gyro_datalogger\alt_gyro_datalogger.ino:58:21-58:24
2021/08/27 12:24:37     URI: converted 61:16-61:22 to D:\arduino codes\alt_gyro_datalogger\alt_gyro_datalogger\alt_gyro_datalogger.ino:59:16-59:22
2021/08/27 12:24:37     URI: converted 62:21-62:24 to D:\arduino codes\alt_gyro_datalogger\alt_gyro_datalogger\alt_gyro_datalogger.ino:60:21-60:24
2021/08/27 12:24:37     URI: converted 66:6-66:8 to D:\arduino codes\alt_gyro_datalogger\alt_gyro_datalogger\alt_gyro_datalogger.ino:64:6-64:8
2021/08/27 12:24:37     URI: converted 68:4-68:13 to D:\arduino codes\alt_gyro_datalogger\alt_gyro_datalogger\alt_gyro_datalogger.ino:66:4-66:13
2021/08/27 12:24:37     URI: converted 71:2-71:11 to D:\arduino codes\alt_gyro_datalogger\alt_gyro_datalogger\alt_gyro_datalogger.ino:69:2-69:11
2021/08/27 12:24:37     URI: converted 73:2-73:6 to D:\arduino codes\alt_gyro_datalogger\alt_gyro_datalogger\alt_gyro_datalogger.ino:71:2-71:6
2021/08/27 12:24:37     URI: converted 73:18-73:20 to D:\arduino codes\alt_gyro_datalogger\alt_gyro_datalogger\alt_gyro_datalogger.ino:71:18-71:20
2021/08/27 12:24:37     URI: converted 73:41-73:51 to D:\arduino codes\alt_gyro_datalogger\alt_gyro_datalogger\alt_gyro_datalogger.ino:71:41-71:51
2021/08/27 12:24:37     URI: converted 80:4-80:13 to D:\arduino codes\alt_gyro_datalogger\alt_gyro_datalogger\alt_gyro_datalogger.ino:78:4-78:13
2021/08/27 12:24:37     URI: converted 83:2-83:11 to D:\arduino codes\alt_gyro_datalogger\alt_gyro_datalogger\alt_gyro_datalogger.ino:81:2-81:11
2021/08/27 12:24:37     URI: converted 90:2-90:6 to D:\arduino codes\alt_gyro_datalogger\alt_gyro_datalogger\alt_gyro_datalogger.ino:88:2-88:6
2021/08/27 12:24:37     URI: converted 0:0-0:0 to /not-ino:0:0-0:0
2021/08/27 12:24:37 CLG <-- textDocument/publishDiagnostics notif5 to IDE: publishDiagnostics(file:///d%3A/arduino%20codes/alt_gyro_datalogger/alt_gyro_datalogger/alt_gyro_datalogger.ino):
2021/08/27 12:24:37 CLG <-- textDocument/publishDiagnostics notif5 > 8:0 - 1: unknown_typename
2021/08/27 12:24:37 CLG <-- textDocument/publishDiagnostics notif5 > 9:0 - 1: unknown_typename
2021/08/27 12:24:37 CLG <-- textDocument/publishDiagnostics notif5 > 9:16 - 1: unknown_typename
2021/08/27 12:24:37 CLG <-- textDocument/publishDiagnostics notif5 > 39:15 - 1: undeclared_var_use
2021/08/27 12:24:37 CLG <-- textDocument/publishDiagnostics notif5 > 40:15 - 1: undeclared_var_use
2021/08/27 12:24:37 CLG <-- textDocument/publishDiagnostics notif5 > 41:15 - 1: undeclared_var_use
2021/08/27 12:24:37 CLG <-- textDocument/publishDiagnostics notif5 > 57:16 - 1: undeclared_var_use
2021/08/27 12:24:37 CLG <-- textDocument/publishDiagnostics notif5 > 58:21 - 1: undeclared_var_use
2021/08/27 12:24:37 CLG <-- textDocument/publishDiagnostics notif5 > 59:16 - 1: undeclared_var_use
2021/08/27 12:24:37 CLG <-- textDocument/publishDiagnostics notif5 > 60:21 - 1: undeclared_var_use
2021/08/27 12:24:37 CLG <-- textDocument/publishDiagnostics notif5 > 64:6 - 1: undeclared_var_use
2021/08/27 12:24:37 CLG <-- textDocument/publishDiagnostics notif5 > 66:4 - 1: undeclared_var_use
2021/08/27 12:24:37 CLG <-- textDocument/publishDiagnostics notif5 > 69:2 - 1: undeclared_var_use
2021/08/27 12:24:37 CLG <-- textDocument/publishDiagnostics notif5 > 71:2 - 1: unknown_typename
2021/08/27 12:24:37 CLG <-- textDocument/publishDiagnostics notif5 > 71:18 - 1: undeclared_var_use
2021/08/27 12:24:37 CLG <-- textDocument/publishDiagnostics notif5 > 71:41 - 1: undeclared_var_use
2021/08/27 12:24:37 CLG <-- textDocument/publishDiagnostics notif5 > 78:4 - 1: undeclared_var_use
2021/08/27 12:24:37 CLG <-- textDocument/publishDiagnostics notif5 > 81:2 - 1: undeclared_var_use
2021/08/27 12:24:37 CLG <-- textDocument/publishDiagnostics notif5 > 88:2 - 1: undeclared_var_use
2021/08/27 12:24:37 [91mIDE <-- LS     CL: NOTIFICATION textDocument/publishDiagnostics: [0m
2021/08/27 12:24:37 CLG <-- textDocument/publishDiagnostics notif5 [93m read-unlocked[0m
2021/08/27 12:24:38 [92mIDE --> LS     CL: REQUEST textDocument/codeAction 2: [0m
2021/08/27 12:24:38 IDE --> textDocument/codeAction 2 [93m read-locked[0m
2021/08/27 12:24:38 --> codeAction(file:///d%3A/arduino%20codes/alt_gyro_datalogger/alt_gyro_datalogger/alt_gyro_datalogger.ino:0:0)
2021/08/27 12:24:38     --> codeAction(file:///C:/Users/Anniesh/AppData/Local/Temp/arduino-language-server270391559/sketch/alt_gyro_datalogger.ino.cpp:2:0)
2021/08/27 12:24:38 IDE --> textDocument/codeAction 2 sent to Clang
2021/08/27 12:24:38 [91mIDE     LS --> CL: REQUEST textDocument/codeAction 3: [0m
2021/08/27 12:24:38 [92mIDE     LS <-- CL: ANSWER textDocument/codeAction 3 (3): [0m
2021/08/27 12:24:38 IDE --> textDocument/codeAction 2 Queued check document symbols
2021/08/27 12:24:38 SYCK--- [93m read-locked[0m
2021/08/27 12:24:38 SYCK--- requesting documentSymbol for file:///C:/Users/Anniesh/AppData/Local/Temp/arduino-language-server270391559/sketch/alt_gyro_datalogger.ino.cpp
2021/08/27 12:24:38 SYCK--- [93m read-unlocked[0m
2021/08/27 12:24:38 [91mIDE     LS --> CL: REQUEST textDocument/documentSymbol 4: [0m
2021/08/27 12:24:38     <-- codeAction(0 elements)
2021/08/27 12:24:38 <-- codeAction(0 elements)
2021/08/27 12:24:38 IDE --> textDocument/codeAction 2 [93m read-unlocked[0m
2021/08/27 12:24:38 [91mIDE <-- LS     CL: ANSWER UNBOUND (2): [0m
2021/08/27 12:24:38 [92mIDE     LS <-- CL: ANSWER textDocument/documentSymbol 4 (4): [0m
2021/08/27 12:24:38 SYCK--- [93m read-locked[0m
2021/08/27 12:24:38 SYCK---    symbol: Function mpu6050 11:0-11:21
2021/08/27 12:24:38 SYCK---             > MPU6050 mpu6050(Wire)
2021/08/27 12:24:38 SYCK---    symbol: Function setup 38:0-137:1
2021/08/27 12:24:38 SYCK---      TRIMMED> void setup() 
2021/08/27 12:24:38 SYCK---    symbol: Function loop 139:0-251:1
2021/08/27 12:24:38 SYCK---      TRIMMED> void loop() 
2021/08/27 12:24:38 SYCK---    symbol: Function ledstatus 263:0-289:1
2021/08/27 12:24:38 SYCK---      TRIMMED> void ledstatus(int val1, int val2, int val3, int mes)
2021/08/27 12:24:38 SYCK--- [93m read-unlocked[0m
2021/08/27 12:24:38 SYCK--- (done)
2021/08/27 12:25:39 [92mIDE --> LS     CL: REQUEST textDocument/hover 3: [0m
2021/08/27 12:25:39 IDE --> textDocument/hover 3 [93m read-locked[0m
2021/08/27 12:25:39 --> hover(file:///d%3A/arduino%20codes/alt_gyro_datalogger/alt_gyro_datalogger/alt_gyro_datalogger.ino:72:33)
2021/08/27 12:25:39     --> hover(file:///C:/Users/Anniesh/AppData/Local/Temp/arduino-language-server270391559/sketch/alt_gyro_datalogger.ino.cpp:74:33)
2021/08/27 12:25:39 IDE --> textDocument/hover 3 sent to Clang
2021/08/27 12:25:39 [91mIDE     LS --> CL: REQUEST textDocument/hover 5: [0m
2021/08/27 12:25:39 [92mIDE     LS <-- CL: ANSWER textDocument/hover 5 (5): [0m
2021/08/27 12:25:39 IDE --> textDocument/hover 3 [93m read-unlocked[0m
2021/08/27 12:25:39 [91mIDE <-- LS     CL: ANSWER UNBOUND (3): [0m
2021/08/27 12:25:39 [92mIDE --> LS     CL: REQUEST textDocument/hover 4: [0m
2021/08/27 12:25:39 IDE --> textDocument/hover 4 [93m read-locked[0m
2021/08/27 12:25:39 --> hover(file:///d%3A/arduino%20codes/alt_gyro_datalogger/alt_gyro_datalogger/alt_gyro_datalogger.ino:72:35)
2021/08/27 12:25:39     --> hover(file:///C:/Users/Anniesh/AppData/Local/Temp/arduino-language-server270391559/sketch/alt_gyro_datalogger.ino.cpp:74:35)
2021/08/27 12:25:39 IDE --> textDocument/hover 4 sent to Clang
2021/08/27 12:25:39 [91mIDE     LS --> CL: REQUEST textDocument/hover 6: [0m
2021/08/27 12:25:39 [92mIDE     LS <-- CL: ANSWER textDocument/hover 6 (6): [0m
2021/08/27 12:25:39 IDE --> textDocument/hover 4 [93m read-unlocked[0m
2021/08/27 12:25:39 [91mIDE <-- LS     CL: ANSWER UNBOUND (4): [0m
2021/08/27 12:25:42 [92mIDE --> LS     CL: REQUEST textDocument/hover 5: [0m
2021/08/27 12:25:42 IDE --> textDocument/hover 5 [93m read-locked[0m
2021/08/27 12:25:42 --> hover(file:///d%3A/arduino%20codes/alt_gyro_datalogger/alt_gyro_datalogger/alt_gyro_datalogger.ino:72:35)
2021/08/27 12:25:42     --> hover(file:///C:/Users/Anniesh/AppData/Local/Temp/arduino-language-server270391559/sketch/alt_gyro_datalogger.ino.cpp:74:35)
2021/08/27 12:25:42 IDE --> textDocument/hover 5 sent to Clang
2021/08/27 12:25:42 [91mIDE     LS --> CL: REQUEST textDocument/hover 7: [0m
2021/08/27 12:25:42 [92mIDE     LS <-- CL: ANSWER textDocument/hover 7 (7): [0m
2021/08/27 12:25:42 IDE --> textDocument/hover 5 [93m read-unlocked[0m
2021/08/27 12:25:42 [91mIDE <-- LS     CL: ANSWER UNBOUND (5): [0m
2021/08/27 12:31:06 [92mIDE --> LS     CL: REQUEST textDocument/hover 6: [0m
2021/08/27 12:31:06 IDE --> textDocument/hover 6 [93m read-locked[0m
2021/08/27 12:31:06 --> hover(file:///d%3A/arduino%20codes/alt_gyro_datalogger/alt_gyro_datalogger/alt_gyro_datalogger.ino:12:4)
2021/08/27 12:31:06     --> hover(file:///C:/Users/Anniesh/AppData/Local/Temp/arduino-language-server270391559/sketch/alt_gyro_datalogger.ino.cpp:14:4)
2021/08/27 12:31:06 IDE --> textDocument/hover 6 sent to Clang
2021/08/27 12:31:06 [91mIDE     LS --> CL: REQUEST textDocument/hover 8: [0m
2021/08/27 12:31:06 [92mIDE     LS <-- CL: ANSWER textDocument/hover 8 (8): [0m
2021/08/27 12:31:06 IDE --> textDocument/hover 6 [93m read-unlocked[0m
2021/08/27 12:31:06 [91mIDE <-- LS     CL: ANSWER UNBOUND (6): [0m
2021/08/27 12:31:07 [92mIDE --> LS     CL: REQUEST textDocument/hover 7: [0m
2021/08/27 12:31:07 IDE --> textDocument/hover 7 [93m read-locked[0m
2021/08/27 12:31:07 --> hover(file:///d%3A/arduino%20codes/alt_gyro_datalogger/alt_gyro_datalogger/alt_gyro_datalogger.ino:13:0)
2021/08/27 12:31:07     --> hover(file:///C:/Users/Anniesh/AppData/Local/Temp/arduino-language-server270391559/sketch/alt_gyro_datalogger.ino.cpp:15:0)
2021/08/27 12:31:07 IDE --> textDocument/hover 7 sent to Clang
2021/08/27 12:31:07 [91mIDE     LS --> CL: REQUEST textDocument/hover 9: [0m
2021/08/27 12:31:07 [92mIDE     LS <-- CL: ANSWER textDocument/hover 9 (9): [0m
2021/08/27 12:31:07 <-- hover("### variable `ledr`  \n\n---\nType: `const int`  \nValue = `3`  \nrgb  \n\n---\n```cpp\nconst int ledr = 3\n```")
2021/08/27 12:31:07 IDE --> textDocument/hover 7 [93m read-unlocked[0m
2021/08/27 12:31:07 [91mIDE <-- LS     CL: ANSWER UNBOUND (7): [0m
2021/08/27 12:31:08 [92mIDE --> LS     CL: REQUEST textDocument/hover 8: [0m
2021/08/27 12:31:08 IDE --> textDocument/hover 8 [93m read-locked[0m
2021/08/27 12:31:08 --> hover(file:///d%3A/arduino%20codes/alt_gyro_datalogger/alt_gyro_datalogger/alt_gyro_datalogger.ino:15:6)
2021/08/27 12:31:08     --> hover(file:///C:/Users/Anniesh/AppData/Local/Temp/arduino-language-server270391559/sketch/alt_gyro_datalogger.ino.cpp:17:6)
2021/08/27 12:31:08 IDE --> textDocument/hover 8 sent to Clang
2021/08/27 12:31:08 [91mIDE     LS --> CL: REQUEST textDocument/hover 10: [0m
2021/08/27 12:31:08 [92mIDE     LS <-- CL: ANSWER textDocument/hover 10 (10): [0m
2021/08/27 12:31:08 IDE --> textDocument/hover 8 [93m read-unlocked[0m
2021/08/27 12:31:08 [91mIDE <-- LS     CL: ANSWER UNBOUND (8): [0m
2021/08/27 12:31:09 [92mIDE --> LS     CL: REQUEST textDocument/hover 9: [0m
2021/08/27 12:31:09 IDE --> textDocument/hover 9 [93m read-locked[0m
2021/08/27 12:31:09 --> hover(file:///d%3A/arduino%20codes/alt_gyro_datalogger/alt_gyro_datalogger/alt_gyro_datalogger.ino:14:0)
2021/08/27 12:31:09     --> hover(file:///C:/Users/Anniesh/AppData/Local/Temp/arduino-language-server270391559/sketch/alt_gyro_datalogger.ino.cpp:16:0)
2021/08/27 12:31:09 IDE --> textDocument/hover 9 sent to Clang
2021/08/27 12:31:09 [91mIDE     LS --> CL: REQUEST textDocument/hover 11: [0m
2021/08/27 12:31:09 [92mIDE     LS <-- CL: ANSWER textDocument/hover 11 (11): [0m
2021/08/27 12:31:09 <-- hover("### variable `ledg`  \n\n---\nType: `const int`  \nValue = `5`  \n\n---\n```cpp\nconst int ledg = 5\n```")
2021/08/27 12:31:09 IDE --> textDocument/hover 9 [93m read-unlocked[0m
2021/08/27 12:31:09 [91mIDE <-- LS     CL: ANSWER UNBOUND (9): [0m
2021/08/27 12:31:11 [92mIDE --> LS     CL: REQUEST textDocument/codeAction 10: [0m
2021/08/27 12:31:11 IDE --> textDocument/codeAction 10 [93m read-locked[0m
2021/08/27 12:31:11 --> codeAction(file:///d%3A/arduino%20codes/alt_gyro_datalogger/alt_gyro_datalogger/alt_gyro_datalogger.ino:15:19)
2021/08/27 12:31:11     --> codeAction(file:///C:/Users/Anniesh/AppData/Local/Temp/arduino-language-server270391559/sketch/alt_gyro_datalogger.ino.cpp:17:19)
2021/08/27 12:31:11 IDE --> textDocument/codeAction 10 sent to Clang
2021/08/27 12:31:11 [91mIDE     LS --> CL: REQUEST textDocument/codeAction 12: [0m
2021/08/27 12:31:11 [92mIDE     LS <-- CL: ANSWER textDocument/codeAction 12 (12): [0m
2021/08/27 12:31:11     <-- codeAction(0 elements)
2021/08/27 12:31:11 <-- codeAction(0 elements)
2021/08/27 12:31:11 IDE --> textDocument/codeAction 10 [93m read-unlocked[0m
2021/08/27 12:31:11 [91mIDE <-- LS     CL: ANSWER UNBOUND (10): [0m
2021/08/27 12:31:12 [92mIDE --> LS     CL: REQUEST textDocument/codeAction 11: [0m
2021/08/27 12:31:12 IDE --> textDocument/codeAction 11 [93m read-locked[0m
2021/08/27 12:31:12 --> codeAction(file:///d%3A/arduino%20codes/alt_gyro_datalogger/alt_gyro_datalogger/alt_gyro_datalogger.ino:19:25)
2021/08/27 12:31:12     --> codeAction(file:///C:/Users/Anniesh/AppData/Local/Temp/arduino-language-server270391559/sketch/alt_gyro_datalogger.ino.cpp:21:25)
2021/08/27 12:31:12 IDE --> textDocument/codeAction 11 sent to Clang
2021/08/27 12:31:12 [91mIDE     LS --> CL: REQUEST textDocument/codeAction 13: [0m
2021/08/27 12:31:12 [92mIDE     LS <-- CL: ANSWER textDocument/codeAction 13 (13): [0m
2021/08/27 12:31:12     <-- codeAction(0 elements)
2021/08/27 12:31:12 <-- codeAction(0 elements)
2021/08/27 12:31:12 IDE --> textDocument/codeAction 11 [93m read-unlocked[0m
2021/08/27 12:31:12 [91mIDE <-- LS     CL: ANSWER UNBOUND (11): [0m
2021/08/27 12:31:13 [92mIDE --> LS     CL: REQUEST textDocument/codeAction 12: [0m
2021/08/27 12:31:13 IDE --> textDocument/codeAction 12 [93m read-locked[0m
2021/08/27 12:31:13 --> codeAction(file:///d%3A/arduino%20codes/alt_gyro_datalogger/alt_gyro_datalogger/alt_gyro_datalogger.ino:14:0)
2021/08/27 12:31:13     --> codeAction(file:///C:/Users/Anniesh/AppData/Local/Temp/arduino-language-server270391559/sketch/alt_gyro_datalogger.ino.cpp:16:0)
2021/08/27 12:31:13 IDE --> textDocument/codeAction 12 sent to Clang
2021/08/27 12:31:13 [91mIDE     LS --> CL: REQUEST textDocument/codeAction 14: [0m
2021/08/27 12:31:13 [92mIDE     LS <-- CL: ANSWER textDocument/codeAction 14 (14): [0m
2021/08/27 12:31:13     <-- codeAction(0 elements)
2021/08/27 12:31:13 <-- codeAction(0 elements)
2021/08/27 12:31:13 IDE --> textDocument/codeAction 12 [93m read-unlocked[0m
2021/08/27 12:31:13 [91mIDE <-- LS     CL: ANSWER UNBOUND (12): [0m
2021/08/27 12:31:13 [92mIDE --> LS     CL: REQUEST textDocument/codeAction 13: [0m
2021/08/27 12:31:13 IDE --> textDocument/codeAction 13 [93m read-locked[0m
2021/08/27 12:31:13 --> codeAction(file:///d%3A/arduino%20codes/alt_gyro_datalogger/alt_gyro_datalogger/alt_gyro_datalogger.ino:13:0)
2021/08/27 12:31:13     --> codeAction(file:///C:/Users/Anniesh/AppData/Local/Temp/arduino-language-server270391559/sketch/alt_gyro_datalogger.ino.cpp:15:0)
2021/08/27 12:31:13 IDE --> textDocument/codeAction 13 sent to Clang
2021/08/27 12:31:13 [91mIDE     LS --> CL: REQUEST textDocument/codeAction 15: [0m
2021/08/27 12:31:13 [92mIDE     LS <-- CL: ANSWER textDocument/codeAction 15 (15): [0m
2021/08/27 12:31:13     <-- codeAction(0 elements)
2021/08/27 12:31:13 <-- codeAction(0 elements)
2021/08/27 12:31:13 IDE --> textDocument/codeAction 13 [93m read-unlocked[0m
2021/08/27 12:31:13 [91mIDE <-- LS     CL: ANSWER UNBOUND (13): [0m
2021/08/27 12:31:14 [92mIDE --> LS     CL: REQUEST textDocument/hover 14: [0m
2021/08/27 12:31:14 IDE --> textDocument/hover 14 [93m read-locked[0m
2021/08/27 12:31:14 --> hover(file:///d%3A/arduino%20codes/alt_gyro_datalogger/alt_gyro_datalogger/alt_gyro_datalogger.ino:13:5)
2021/08/27 12:31:14     --> hover(file:///C:/Users/Anniesh/AppData/Local/Temp/arduino-language-server270391559/sketch/alt_gyro_datalogger.ino.cpp:15:5)
2021/08/27 12:31:14 IDE --> textDocument/hover 14 sent to Clang
2021/08/27 12:31:14 [91mIDE     LS --> CL: REQUEST textDocument/hover 16: [0m
2021/08/27 12:31:14 [92mIDE     LS <-- CL: ANSWER textDocument/hover 16 (16): [0m
2021/08/27 12:31:14 <-- hover("### variable `ledr`  \n\n---\nType: `const int`  \nValue = `3`  \nrgb  \n\n---\n```cpp\nconst int ledr = 3\n```")
2021/08/27 12:31:14 IDE --> textDocument/hover 14 [93m read-unlocked[0m
2021/08/27 12:31:14 [91mIDE <-- LS     CL: ANSWER UNBOUND (14): [0m
2021/08/27 12:31:16 [92mIDE --> LS     CL: REQUEST textDocument/hover 15: [0m
2021/08/27 12:31:16 IDE --> textDocument/hover 15 [93m read-locked[0m
2021/08/27 12:31:16 --> hover(file:///d%3A/arduino%20codes/alt_gyro_datalogger/alt_gyro_datalogger/alt_gyro_datalogger.ino:15:10)
2021/08/27 12:31:16     --> hover(file:///C:/Users/Anniesh/AppData/Local/Temp/arduino-language-server270391559/sketch/alt_gyro_datalogger.ino.cpp:17:10)
2021/08/27 12:31:16 IDE --> textDocument/hover 15 sent to Clang
2021/08/27 12:31:16 [91mIDE     LS --> CL: REQUEST textDocument/hover 17: [0m
2021/08/27 12:31:16 [92mIDE     LS <-- CL: ANSWER textDocument/hover 17 (17): [0m
2021/08/27 12:31:16 <-- hover("### variable `ledb`  \n\n---\nType: `const int`  \nValue = `6`  \n\n---\n```cpp\nconst int ledb = 6\n```")
2021/08/27 12:31:16 IDE --> textDocument/hover 15 [93m read-unlocked[0m
2021/08/27 12:31:16 [91mIDE <-- LS     CL: ANSWER UNBOUND (15): [0m
2021/08/27 12:31:17 [92mIDE --> LS     CL: REQUEST textDocument/hover 16: [0m
2021/08/27 12:31:17 IDE --> textDocument/hover 16 [93m read-locked[0m
2021/08/27 12:31:17 --> hover(file:///d%3A/arduino%20codes/alt_gyro_datalogger/alt_gyro_datalogger/alt_gyro_datalogger.ino:14:6)
2021/08/27 12:31:17     --> hover(file:///C:/Users/Anniesh/AppData/Local/Temp/arduino-language-server270391559/sketch/alt_gyro_datalogger.ino.cpp:16:6)
2021/08/27 12:31:17 IDE --> textDocument/hover 16 sent to Clang
2021/08/27 12:31:17 [91mIDE     LS --> CL: REQUEST textDocument/hover 18: [0m
2021/08/27 12:31:17 [92mIDE     LS <-- CL: ANSWER textDocument/hover 18 (18): [0m
2021/08/27 12:31:17 IDE --> textDocument/hover 16 [93m read-unlocked[0m
2021/08/27 12:31:17 [91mIDE <-- LS     CL: ANSWER UNBOUND (16): [0m
2021/08/27 12:37:36 [92mIDE --> LS     CL: REQUEST textDocument/codeAction 17: [0m
2021/08/27 12:37:36 IDE --> textDocument/codeAction 17 [93m read-locked[0m
2021/08/27 12:37:36 --> codeAction(file:///d%3A/arduino%20codes/alt_gyro_datalogger/alt_gyro_datalogger/alt_gyro_datalogger.ino:50:26)
2021/08/27 12:37:36     --> codeAction(file:///C:/Users/Anniesh/AppData/Local/Temp/arduino-language-server270391559/sketch/alt_gyro_datalogger.ino.cpp:52:26)
2021/08/27 12:37:36 IDE --> textDocument/codeAction 17 sent to Clang
2021/08/27 12:37:36 [91mIDE     LS --> CL: REQUEST textDocument/codeAction 19: [0m
2021/08/27 12:37:36 [92mIDE     LS <-- CL: ANSWER textDocument/codeAction 19 (19): [0m
2021/08/27 12:37:36     <-- codeAction(0 elements)
2021/08/27 12:37:36 <-- codeAction(0 elements)
2021/08/27 12:37:36 IDE --> textDocument/codeAction 17 [93m read-unlocked[0m
2021/08/27 12:37:36 [91mIDE <-- LS     CL: ANSWER UNBOUND (17): [0m
2021/08/27 12:40:00 [92mIDE --> LS     CL: REQUEST textDocument/hover 18: [0m
2021/08/27 12:40:00 IDE --> textDocument/hover 18 [93m read-locked[0m
2021/08/27 12:40:00 --> hover(file:///d%3A/arduino%20codes/alt_gyro_datalogger/alt_gyro_datalogger/alt_gyro_datalogger.ino:41:23)
2021/08/27 12:40:00     --> hover(file:///C:/Users/Anniesh/AppData/Local/Temp/arduino-language-server270391559/sketch/alt_gyro_datalogger.ino.cpp:43:23)
2021/08/27 12:40:00 IDE --> textDocument/hover 18 sent to Clang
2021/08/27 12:40:00 [91mIDE     LS --> CL: REQUEST textDocument/hover 20: [0m
2021/08/27 12:40:00 [92mIDE     LS <-- CL: ANSWER textDocument/hover 20 (20): [0m
2021/08/27 12:40:00 IDE --> textDocument/hover 18 [93m read-unlocked[0m
2021/08/27 12:40:00 [91mIDE <-- LS     CL: ANSWER UNBOUND (18): [0m
2021/08/27 12:40:02 [92mIDE --> LS     CL: REQUEST textDocument/codeAction 19: [0m
2021/08/27 12:40:02 IDE --> textDocument/codeAction 19 [93m read-locked[0m
2021/08/27 12:40:02 --> codeAction(file:///d%3A/arduino%20codes/alt_gyro_datalogger/alt_gyro_datalogger/alt_gyro_datalogger.ino:39:2)
2021/08/27 12:40:02     --> codeAction(file:///C:/Users/Anniesh/AppData/Local/Temp/arduino-language-server270391559/sketch/alt_gyro_datalogger.ino.cpp:41:2)
2021/08/27 12:40:02 IDE --> textDocument/codeAction 19 sent to Clang
2021/08/27 12:40:02 [91mIDE     LS --> CL: REQUEST textDocument/codeAction 21: [0m
2021/08/27 12:40:02 [92mIDE     LS <-- CL: ANSWER textDocument/codeAction 21 (21): [0m
2021/08/27 12:40:02     <-- codeAction(1 elements)
2021/08/27 12:40:02         > CodeAction: Extract to function
2021/08/27 12:40:02 <-- codeAction(1 elements)
2021/08/27 12:40:02 IDE --> textDocument/codeAction 19 [93m read-unlocked[0m
2021/08/27 12:40:02 [91mIDE <-- LS     CL: ANSWER UNBOUND (19): [0m
2021/08/27 12:40:02 [92mIDE --> LS     CL: REQUEST textDocument/hover 20: [0m
2021/08/27 12:40:02 IDE --> textDocument/hover 20 [93m read-locked[0m
2021/08/27 12:40:02 --> hover(file:///d%3A/arduino%20codes/alt_gyro_datalogger/alt_gyro_datalogger/alt_gyro_datalogger.ino:39:2)
2021/08/27 12:40:02     --> hover(file:///C:/Users/Anniesh/AppData/Local/Temp/arduino-language-server270391559/sketch/alt_gyro_datalogger.ino.cpp:41:2)
2021/08/27 12:40:02 IDE --> textDocument/hover 20 sent to Clang
2021/08/27 12:40:02 [91mIDE     LS --> CL: REQUEST textDocument/hover 22: [0m
2021/08/27 12:40:02 [92mIDE     LS <-- CL: ANSWER textDocument/hover 22 (22): [0m
2021/08/27 12:40:02 IDE --> textDocument/hover 20 [93m read-unlocked[0m
2021/08/27 12:40:02 [91mIDE <-- LS     CL: ANSWER UNBOUND (20): [0m
2021/08/27 12:41:59 [92mIDE --> LS     CL: REQUEST textDocument/codeAction 21: [0m
2021/08/27 12:41:59 IDE --> textDocument/codeAction 21 [93m read-locked[0m
2021/08/27 12:41:59 --> codeAction(file:///d%3A/arduino%20codes/alt_gyro_datalogger/alt_gyro_datalogger/alt_gyro_datalogger.ino:187:35)
2021/08/27 12:41:59     --> codeAction(file:///C:/Users/Anniesh/AppData/Local/Temp/arduino-language-server270391559/sketch/alt_gyro_datalogger.ino.cpp:189:35)
2021/08/27 12:41:59 IDE --> textDocument/codeAction 21 sent to Clang
2021/08/27 12:41:59 [91mIDE     LS --> CL: REQUEST textDocument/codeAction 23: [0m
2021/08/27 12:41:59 [92mIDE     LS <-- CL: ANSWER textDocument/codeAction 23 (23): [0m
2021/08/27 12:41:59     <-- codeAction(0 elements)
2021/08/27 12:41:59 <-- codeAction(0 elements)
2021/08/27 12:41:59 IDE --> textDocument/codeAction 21 [93m read-unlocked[0m
2021/08/27 12:41:59 [91mIDE <-- LS     CL: ANSWER UNBOUND (21): [0m
2021/08/27 12:46:26 [92mIDE --> LS     CL: REQUEST textDocument/hover 22: [0m
2021/08/27 12:46:26 IDE --> textDocument/hover 22 [93m read-locked[0m
2021/08/27 12:46:26 --> hover(file:///d%3A/arduino%20codes/alt_gyro_datalogger/alt_gyro_datalogger/alt_gyro_datalogger.ino:48:25)
2021/08/27 12:46:26     --> hover(file:///C:/Users/Anniesh/AppData/Local/Temp/arduino-language-server270391559/sketch/alt_gyro_datalogger.ino.cpp:50:25)
2021/08/27 12:46:26 IDE --> textDocument/hover 22 sent to Clang
2021/08/27 12:46:26 [91mIDE     LS --> CL: REQUEST textDocument/hover 24: [0m
2021/08/27 12:46:26 [92mIDE     LS <-- CL: ANSWER textDocument/hover 24 (24): [0m
2021/08/27 12:46:26 IDE --> textDocument/hover 22 [93m read-unlocked[0m
2021/08/27 12:46:26 [91mIDE <-- LS     CL: ANSWER UNBOUND (22): [0m
2021/08/27 12:59:38 [92mIDE --> LS     CL: REQUEST textDocument/hover 23: [0m
2021/08/27 12:59:38 IDE --> textDocument/hover 23 [93m read-locked[0m
2021/08/27 12:59:38 --> hover(file:///d%3A/arduino%20codes/alt_gyro_datalogger/alt_gyro_datalogger/alt_gyro_datalogger.ino:50:4)
2021/08/27 12:59:38     --> hover(file:///C:/Users/Anniesh/AppData/Local/Temp/arduino-language-server270391559/sketch/alt_gyro_datalogger.ino.cpp:52:4)
2021/08/27 12:59:38 IDE --> textDocument/hover 23 sent to Clang
2021/08/27 12:59:38 [91mIDE     LS --> CL: REQUEST textDocument/hover 25: [0m
2021/08/27 12:59:38 [92mIDE     LS <-- CL: ANSWER textDocument/hover 25 (25): [0m
2021/08/27 12:59:38 IDE --> textDocument/hover 23 [93m read-unlocked[0m
2021/08/27 12:59:38 [91mIDE <-- LS     CL: ANSWER UNBOUND (23): [0m
2021/08/27 12:59:38 [92mIDE --> LS     CL: REQUEST textDocument/hover 24: [0m
2021/08/27 12:59:38 IDE --> textDocument/hover 24 [93m read-locked[0m
2021/08/27 12:59:38 --> hover(file:///d%3A/arduino%20codes/alt_gyro_datalogger/alt_gyro_datalogger/alt_gyro_datalogger.ino:50:4)
2021/08/27 12:59:38     --> hover(file:///C:/Users/Anniesh/AppData/Local/Temp/arduino-language-server270391559/sketch/alt_gyro_datalogger.ino.cpp:52:4)
2021/08/27 12:59:38 IDE --> textDocument/hover 24 sent to Clang
2021/08/27 12:59:38 [91mIDE     LS --> CL: REQUEST textDocument/hover 26: [0m
2021/08/27 12:59:38 [92mIDE     LS <-- CL: ANSWER textDocument/hover 26 (26): [0m
2021/08/27 12:59:38 IDE --> textDocument/hover 24 [93m read-unlocked[0m
2021/08/27 12:59:38 [91mIDE <-- LS     CL: ANSWER UNBOUND (24): [0m
2021/08/27 12:59:39 [92mIDE --> LS     CL: REQUEST textDocument/hover 25: [0m
2021/08/27 12:59:39 IDE --> textDocument/hover 25 [93m read-locked[0m
2021/08/27 12:59:39 --> hover(file:///d%3A/arduino%20codes/alt_gyro_datalogger/alt_gyro_datalogger/alt_gyro_datalogger.ino:50:3)
2021/08/27 12:59:39     --> hover(file:///C:/Users/Anniesh/AppData/Local/Temp/arduino-language-server270391559/sketch/alt_gyro_datalogger.ino.cpp:52:3)
2021/08/27 12:59:39 IDE --> textDocument/hover 25 sent to Clang
2021/08/27 12:59:39 [91mIDE     LS --> CL: REQUEST textDocument/hover 27: [0m
2021/08/27 12:59:39 [92mIDE     LS <-- CL: ANSWER textDocument/hover 27 (27): [0m
2021/08/27 12:59:39 IDE --> textDocument/hover 25 [93m read-unlocked[0m
2021/08/27 12:59:39 [91mIDE <-- LS     CL: ANSWER UNBOUND (25): [0m
2021/08/27 12:59:39 [92mIDE --> LS     CL: REQUEST textDocument/hover 26: [0m
2021/08/27 12:59:39 IDE --> textDocument/hover 26 [93m read-locked[0m
2021/08/27 12:59:39 --> hover(file:///d%3A/arduino%20codes/alt_gyro_datalogger/alt_gyro_datalogger/alt_gyro_datalogger.ino:49:2)
2021/08/27 12:59:39     --> hover(file:///C:/Users/Anniesh/AppData/Local/Temp/arduino-language-server270391559/sketch/alt_gyro_datalogger.ino.cpp:51:2)
2021/08/27 12:59:39 IDE --> textDocument/hover 26 sent to Clang
2021/08/27 12:59:39 [91mIDE     LS --> CL: REQUEST textDocument/hover 28: [0m
2021/08/27 12:59:39 [92mIDE     LS <-- CL: ANSWER textDocument/hover 28 (28): [0m
2021/08/27 12:59:39 IDE --> textDocument/hover 26 [93m read-unlocked[0m
2021/08/27 12:59:39 [91mIDE <-- LS     CL: ANSWER UNBOUND (26): [0m
2021/08/27 12:59:39 [92mIDE --> LS     CL: REQUEST textDocument/hover 27: [0m
2021/08/27 12:59:39 IDE --> textDocument/hover 27 [93m read-locked[0m
2021/08/27 12:59:39 --> hover(file:///d%3A/arduino%20codes/alt_gyro_datalogger/alt_gyro_datalogger/alt_gyro_datalogger.ino:49:2)
2021/08/27 12:59:39     --> hover(file:///C:/Users/Anniesh/AppData/Local/Temp/arduino-language-server270391559/sketch/alt_gyro_datalogger.ino.cpp:51:2)
2021/08/27 12:59:39 IDE --> textDocument/hover 27 sent to Clang
2021/08/27 12:59:39 [91mIDE     LS --> CL: REQUEST textDocument/hover 29: [0m
2021/08/27 12:59:39 [92mIDE     LS <-- CL: ANSWER textDocument/hover 29 (29): [0m
2021/08/27 12:59:39 IDE --> textDocument/hover 27 [93m read-unlocked[0m
2021/08/27 12:59:39 [91mIDE <-- LS     CL: ANSWER UNBOUND (27): [0m
2021/08/27 12:59:40 [92mIDE --> LS     CL: REQUEST textDocument/hover 28: [0m
2021/08/27 12:59:40 IDE --> textDocument/hover 28 [93m read-locked[0m
2021/08/27 12:59:40 --> hover(file:///d%3A/arduino%20codes/alt_gyro_datalogger/alt_gyro_datalogger/alt_gyro_datalogger.ino:49:1)
2021/08/27 12:59:40     --> hover(file:///C:/Users/Anniesh/AppData/Local/Temp/arduino-language-server270391559/sketch/alt_gyro_datalogger.ino.cpp:51:1)
2021/08/27 12:59:40 IDE --> textDocument/hover 28 sent to Clang
2021/08/27 12:59:40 [91mIDE     LS --> CL: REQUEST textDocument/hover 30: [0m
2021/08/27 12:59:40 [92mIDE     LS <-- CL: ANSWER textDocument/hover 30 (30): [0m
2021/08/27 12:59:40 IDE --> textDocument/hover 28 [93m read-unlocked[0m
2021/08/27 12:59:40 [91mIDE <-- LS     CL: ANSWER UNBOUND (28): [0m
2021/08/27 12:59:42 [92mIDE --> LS     CL: REQUEST textDocument/codeAction 29: [0m
2021/08/27 12:59:42 IDE --> textDocument/codeAction 29 [93m read-locked[0m
2021/08/27 12:59:42 --> codeAction(file:///d%3A/arduino%20codes/alt_gyro_datalogger/alt_gyro_datalogger/alt_gyro_datalogger.ino:49:1)
2021/08/27 12:59:42     --> codeAction(file:///C:/Users/Anniesh/AppData/Local/Temp/arduino-language-server270391559/sketch/alt_gyro_datalogger.ino.cpp:51:1)
2021/08/27 12:59:42 IDE --> textDocument/codeAction 29 sent to Clang
2021/08/27 12:59:42 [91mIDE     LS --> CL: REQUEST textDocument/codeAction 31: [0m
2021/08/27 12:59:42 [92mIDE     LS <-- CL: ANSWER textDocument/codeAction 31 (31): [0m
2021/08/27 12:59:42     <-- codeAction(0 elements)
2021/08/27 12:59:42 <-- codeAction(0 elements)
2021/08/27 12:59:42 IDE --> textDocument/codeAction 29 [93m read-unlocked[0m
2021/08/27 12:59:42 [91mIDE <-- LS     CL: ANSWER UNBOUND (29): [0m
2021/08/27 12:59:44 [92mIDE --> LS     CL: REQUEST textDocument/codeAction 30: [0m
2021/08/27 12:59:44 IDE --> textDocument/codeAction 30 [93m read-locked[0m
2021/08/27 12:59:44 --> codeAction(file:///d%3A/arduino%20codes/alt_gyro_datalogger/alt_gyro_datalogger/alt_gyro_datalogger.ino:49:2)
2021/08/27 12:59:44     --> codeAction(file:///C:/Users/Anniesh/AppData/Local/Temp/arduino-language-server270391559/sketch/alt_gyro_datalogger.ino.cpp:51:2)
2021/08/27 12:59:44 IDE --> textDocument/codeAction 30 sent to Clang
2021/08/27 12:59:44 [91mIDE     LS --> CL: REQUEST textDocument/codeAction 32: [0m
2021/08/27 12:59:44 [92mIDE     LS <-- CL: ANSWER textDocument/codeAction 32 (32): [0m
2021/08/27 12:59:44     <-- codeAction(0 elements)
2021/08/27 12:59:44 <-- codeAction(0 elements)
2021/08/27 12:59:44 IDE --> textDocument/codeAction 30 [93m read-unlocked[0m
2021/08/27 12:59:44 [91mIDE <-- LS     CL: ANSWER UNBOUND (30): [0m
2021/08/27 12:59:45 [92mIDE --> LS     CL: REQUEST textDocument/codeAction 31: [0m
2021/08/27 12:59:45 IDE --> textDocument/codeAction 31 [93m read-locked[0m
2021/08/27 12:59:45 --> codeAction(file:///d%3A/arduino%20codes/alt_gyro_datalogger/alt_gyro_datalogger/alt_gyro_datalogger.ino:49:2)
2021/08/27 12:59:45     --> codeAction(file:///C:/Users/Anniesh/AppData/Local/Temp/arduino-language-server270391559/sketch/alt_gyro_datalogger.ino.cpp:51:2)
2021/08/27 12:59:45 IDE --> textDocument/codeAction 31 sent to Clang
2021/08/27 12:59:45 [91mIDE     LS --> CL: REQUEST textDocument/codeAction 33: [0m
2021/08/27 12:59:45 [92mIDE     LS <-- CL: ANSWER textDocument/codeAction 33 (33): [0m
2021/08/27 12:59:45     <-- codeAction(0 elements)
2021/08/27 12:59:45 <-- codeAction(0 elements)
2021/08/27 12:59:45 IDE --> textDocument/codeAction 31 [93m read-unlocked[0m
2021/08/27 12:59:45 [91mIDE <-- LS     CL: ANSWER UNBOUND (31): [0m
2021/08/27 12:59:47 [92mIDE --> LS     CL: REQUEST textDocument/hover 32: [0m
2021/08/27 12:59:47 IDE --> textDocument/hover 32 [93m read-locked[0m
2021/08/27 12:59:47 --> hover(file:///d%3A/arduino%20codes/alt_gyro_datalogger/alt_gyro_datalogger/alt_gyro_datalogger.ino:52:26)
2021/08/27 12:59:47     --> hover(file:///C:/Users/Anniesh/AppData/Local/Temp/arduino-language-server270391559/sketch/alt_gyro_datalogger.ino.cpp:54:26)
2021/08/27 12:59:47 IDE --> textDocument/hover 32 sent to Clang
2021/08/27 12:59:47 [91mIDE     LS --> CL: REQUEST textDocument/hover 34: [0m
2021/08/27 12:59:47 [92mIDE     LS <-- CL: ANSWER textDocument/hover 34 (34): [0m
2021/08/27 12:59:47 IDE --> textDocument/hover 32 [93m read-unlocked[0m
2021/08/27 12:59:47 [91mIDE <-- LS     CL: ANSWER UNBOUND (32): [0m
2021/08/27 12:59:48 [92mIDE --> LS     CL: REQUEST textDocument/hover 33: [0m
2021/08/27 12:59:48 IDE --> textDocument/hover 33 [93m read-locked[0m
2021/08/27 12:59:48 --> hover(file:///d%3A/arduino%20codes/alt_gyro_datalogger/alt_gyro_datalogger/alt_gyro_datalogger.ino:51:14)
2021/08/27 12:59:48     --> hover(file:///C:/Users/Anniesh/AppData/Local/Temp/arduino-language-server270391559/sketch/alt_gyro_datalogger.ino.cpp:53:14)
2021/08/27 12:59:48 IDE --> textDocument/hover 33 sent to Clang
2021/08/27 12:59:48 [91mIDE     LS --> CL: REQUEST textDocument/hover 35: [0m
2021/08/27 12:59:48 [92mIDE     LS <-- CL: ANSWER textDocument/hover 35 (35): [0m
2021/08/27 12:59:48 IDE --> textDocument/hover 33 [93m read-unlocked[0m
2021/08/27 12:59:48 [91mIDE <-- LS     CL: ANSWER UNBOUND (33): [0m
2021/08/27 12:59:51 [92mIDE --> LS     CL: REQUEST textDocument/hover 34: [0m
2021/08/27 12:59:51 IDE --> textDocument/hover 34 [93m read-locked[0m
2021/08/27 12:59:51 --> hover(file:///d%3A/arduino%20codes/alt_gyro_datalogger/alt_gyro_datalogger/alt_gyro_datalogger.ino:48:22)
2021/08/27 12:59:51     --> hover(file:///C:/Users/Anniesh/AppData/Local/Temp/arduino-language-server270391559/sketch/alt_gyro_datalogger.ino.cpp:50:22)
2021/08/27 12:59:51 IDE --> textDocument/hover 34 sent to Clang
2021/08/27 12:59:51 [91mIDE     LS --> CL: REQUEST textDocument/hover 36: [0m
2021/08/27 12:59:51 [92mIDE     LS <-- CL: ANSWER textDocument/hover 36 (36): [0m
2021/08/27 12:59:51 IDE --> textDocument/hover 34 [93m read-unlocked[0m
2021/08/27 12:59:51 [91mIDE <-- LS     CL: ANSWER UNBOUND (34): [0m
2021/08/27 13:01:25 [92mIDE --> LS     CL: REQUEST textDocument/hover 35: [0m
2021/08/27 13:01:25 IDE --> textDocument/hover 35 [93m read-locked[0m
2021/08/27 13:01:25 --> hover(file:///d%3A/arduino%20codes/alt_gyro_datalogger/alt_gyro_datalogger/alt_gyro_datalogger.ino:72:24)
2021/08/27 13:01:25     --> hover(file:///C:/Users/Anniesh/AppData/Local/Temp/arduino-language-server270391559/sketch/alt_gyro_datalogger.ino.cpp:74:24)
2021/08/27 13:01:25 IDE --> textDocument/hover 35 sent to Clang
2021/08/27 13:01:25 [91mIDE     LS --> CL: REQUEST textDocument/hover 37: [0m
2021/08/27 13:01:25 [92mIDE     LS <-- CL: ANSWER textDocument/hover 37 (37): [0m
2021/08/27 13:01:25 IDE --> textDocument/hover 35 [93m read-unlocked[0m
2021/08/27 13:01:25 [91mIDE <-- LS     CL: ANSWER UNBOUND (35): [0m
2021/08/27 13:01:27 [92mIDE --> LS     CL: REQUEST textDocument/codeAction 36: [0m
2021/08/27 13:01:27 IDE --> textDocument/codeAction 36 [93m read-locked[0m
2021/08/27 13:01:27 --> codeAction(file:///d%3A/arduino%20codes/alt_gyro_datalogger/alt_gyro_datalogger/alt_gyro_datalogger.ino:73:19)
2021/08/27 13:01:27     --> codeAction(file:///C:/Users/Anniesh/AppData/Local/Temp/arduino-language-server270391559/sketch/alt_gyro_datalogger.ino.cpp:75:19)
2021/08/27 13:01:27 IDE --> textDocument/codeAction 36 sent to Clang
2021/08/27 13:01:27 [91mIDE     LS --> CL: REQUEST textDocument/codeAction 38: [0m
2021/08/27 13:01:27 [92mIDE     LS <-- CL: ANSWER textDocument/codeAction 38 (38): [0m
2021/08/27 13:01:27     <-- codeAction(0 elements)
2021/08/27 13:01:27 <-- codeAction(0 elements)
2021/08/27 13:01:27 IDE --> textDocument/codeAction 36 [93m read-unlocked[0m
2021/08/27 13:01:27 [91mIDE <-- LS     CL: ANSWER UNBOUND (36): [0m
2021/08/27 13:01:28 [92mIDE --> LS     CL: REQUEST textDocument/codeAction 37: [0m
2021/08/27 13:01:28 IDE --> textDocument/codeAction 37 [93m read-locked[0m
2021/08/27 13:01:28 --> codeAction(file:///d%3A/arduino%20codes/alt_gyro_datalogger/alt_gyro_datalogger/alt_gyro_datalogger.ino:63:3)
2021/08/27 13:01:28     --> codeAction(file:///C:/Users/Anniesh/AppData/Local/Temp/arduino-language-server270391559/sketch/alt_gyro_datalogger.ino.cpp:65:3)
2021/08/27 13:01:28 IDE --> textDocument/codeAction 37 sent to Clang
2021/08/27 13:01:28 [91mIDE     LS --> CL: REQUEST textDocument/codeAction 39: [0m
2021/08/27 13:01:28 [92mIDE     LS <-- CL: ANSWER textDocument/codeAction 39 (39): [0m
2021/08/27 13:01:28     <-- codeAction(0 elements)
2021/08/27 13:01:28 <-- codeAction(0 elements)
2021/08/27 13:01:28 IDE --> textDocument/codeAction 37 [93m read-unlocked[0m
2021/08/27 13:01:28 [91mIDE <-- LS     CL: ANSWER UNBOUND (37): [0m
2021/08/27 13:01:29 [92mIDE --> LS     CL: REQUEST textDocument/codeAction 38: [0m
2021/08/27 13:01:29 IDE --> textDocument/codeAction 38 [93m read-locked[0m
2021/08/27 13:01:29 --> codeAction(file:///d%3A/arduino%20codes/alt_gyro_datalogger/alt_gyro_datalogger/alt_gyro_datalogger.ino:63:2)
2021/08/27 13:01:29     --> codeAction(file:///C:/Users/Anniesh/AppData/Local/Temp/arduino-language-server270391559/sketch/alt_gyro_datalogger.ino.cpp:65:2)
2021/08/27 13:01:29 IDE --> textDocument/codeAction 38 sent to Clang
2021/08/27 13:01:29 [91mIDE     LS --> CL: REQUEST textDocument/codeAction 40: [0m
2021/08/27 13:01:29 [92mIDE     LS <-- CL: ANSWER textDocument/codeAction 40 (40): [0m
2021/08/27 13:01:29     <-- codeAction(0 elements)
2021/08/27 13:01:29 <-- codeAction(0 elements)
2021/08/27 13:01:29 IDE --> textDocument/codeAction 38 [93m read-unlocked[0m
2021/08/27 13:01:29 [91mIDE <-- LS     CL: ANSWER UNBOUND (38): [0m
2021/08/27 13:01:29 [92mIDE --> LS     CL: REQUEST textDocument/hover 39: [0m
2021/08/27 13:01:29 IDE --> textDocument/hover 39 [93m read-locked[0m
2021/08/27 13:01:29 --> hover(file:///d%3A/arduino%20codes/alt_gyro_datalogger/alt_gyro_datalogger/alt_gyro_datalogger.ino:63:2)
2021/08/27 13:01:29     --> hover(file:///C:/Users/Anniesh/AppData/Local/Temp/arduino-language-server270391559/sketch/alt_gyro_datalogger.ino.cpp:65:2)
2021/08/27 13:01:29 IDE --> textDocument/hover 39 sent to Clang
2021/08/27 13:01:29 [91mIDE     LS --> CL: REQUEST textDocument/hover 41: [0m
2021/08/27 13:01:29 [92mIDE     LS <-- CL: ANSWER textDocument/hover 41 (41): [0m
2021/08/27 13:01:29 IDE --> textDocument/hover 39 [93m read-unlocked[0m
2021/08/27 13:01:29 [91mIDE <-- LS     CL: ANSWER UNBOUND (39): [0m
2021/08/27 13:01:37 [92mIDE --> LS     CL: REQUEST textDocument/hover 40: [0m
2021/08/27 13:01:37 IDE --> textDocument/hover 40 [93m read-locked[0m
2021/08/27 13:01:37 --> hover(file:///d%3A/arduino%20codes/alt_gyro_datalogger/alt_gyro_datalogger/alt_gyro_datalogger.ino:72:55)
2021/08/27 13:01:37     --> hover(file:///C:/Users/Anniesh/AppData/Local/Temp/arduino-language-server270391559/sketch/alt_gyro_datalogger.ino.cpp:74:55)
2021/08/27 13:01:37 IDE --> textDocument/hover 40 sent to Clang
2021/08/27 13:01:37 [91mIDE     LS --> CL: REQUEST textDocument/hover 42: [0m
2021/08/27 13:01:37 [92mIDE     LS <-- CL: ANSWER textDocument/hover 42 (42): [0m
2021/08/27 13:01:37 IDE --> textDocument/hover 40 [93m read-unlocked[0m
2021/08/27 13:01:37 [91mIDE <-- LS     CL: ANSWER UNBOUND (40): [0m
2021/08/27 13:01:38 [92mIDE --> LS     CL: REQUEST textDocument/hover 41: [0m
2021/08/27 13:01:38 IDE --> textDocument/hover 41 [93m read-locked[0m
2021/08/27 13:01:38 --> hover(file:///d%3A/arduino%20codes/alt_gyro_datalogger/alt_gyro_datalogger/alt_gyro_datalogger.ino:69:24)
2021/08/27 13:01:38     --> hover(file:///C:/Users/Anniesh/AppData/Local/Temp/arduino-language-server270391559/sketch/alt_gyro_datalogger.ino.cpp:71:24)
2021/08/27 13:01:38 IDE --> textDocument/hover 41 sent to Clang
2021/08/27 13:01:38 [91mIDE     LS --> CL: REQUEST textDocument/hover 43: [0m
2021/08/27 13:01:38 [92mIDE     LS <-- CL: ANSWER textDocument/hover 43 (43): [0m
2021/08/27 13:01:38 IDE --> textDocument/hover 41 [93m read-unlocked[0m
2021/08/27 13:01:38 [91mIDE <-- LS     CL: ANSWER UNBOUND (41): [0m
2021/08/27 13:02:18 [92mIDE --> LS     CL: REQUEST textDocument/codeAction 42: [0m
2021/08/27 13:02:18 IDE --> textDocument/codeAction 42 [93m read-locked[0m
2021/08/27 13:02:18 --> codeAction(file:///d%3A/arduino%20codes/alt_gyro_datalogger/alt_gyro_datalogger/alt_gyro_datalogger.ino:90:32)
2021/08/27 13:02:18     --> codeAction(file:///C:/Users/Anniesh/AppData/Local/Temp/arduino-language-server270391559/sketch/alt_gyro_datalogger.ino.cpp:92:32)
2021/08/27 13:02:18 IDE --> textDocument/codeAction 42 sent to Clang
2021/08/27 13:02:18 [91mIDE     LS --> CL: REQUEST textDocument/codeAction 44: [0m
2021/08/27 13:02:18 [92mIDE     LS <-- CL: ANSWER textDocument/codeAction 44 (44): [0m
2021/08/27 13:02:18     <-- codeAction(0 elements)
2021/08/27 13:02:18 <-- codeAction(0 elements)
2021/08/27 13:02:18 IDE --> textDocument/codeAction 42 [93m read-unlocked[0m
2021/08/27 13:02:18 [91mIDE <-- LS     CL: ANSWER UNBOUND (42): [0m
2021/08/27 13:02:19 [92mIDE --> LS     CL: REQUEST textDocument/codeAction 43: [0m
2021/08/27 13:02:19 IDE --> textDocument/codeAction 43 [93m read-locked[0m
2021/08/27 13:02:19 --> codeAction(file:///d%3A/arduino%20codes/alt_gyro_datalogger/alt_gyro_datalogger/alt_gyro_datalogger.ino:87:2)
2021/08/27 13:02:19     --> codeAction(file:///C:/Users/Anniesh/AppData/Local/Temp/arduino-language-server270391559/sketch/alt_gyro_datalogger.ino.cpp:89:2)
2021/08/27 13:02:19 IDE --> textDocument/codeAction 43 sent to Clang
2021/08/27 13:02:19 [91mIDE     LS --> CL: REQUEST textDocument/codeAction 45: [0m
2021/08/27 13:02:19 [92mIDE     LS <-- CL: ANSWER textDocument/codeAction 45 (45): [0m
2021/08/27 13:02:19     <-- codeAction(0 elements)
2021/08/27 13:02:19 <-- codeAction(0 elements)
2021/08/27 13:02:19 IDE --> textDocument/codeAction 43 [93m read-unlocked[0m
2021/08/27 13:02:19 [91mIDE <-- LS     CL: ANSWER UNBOUND (43): [0m
2021/08/27 13:02:19 [92mIDE --> LS     CL: REQUEST textDocument/hover 44: [0m
2021/08/27 13:02:19 IDE --> textDocument/hover 44 [93m read-locked[0m
2021/08/27 13:02:19 --> hover(file:///d%3A/arduino%20codes/alt_gyro_datalogger/alt_gyro_datalogger/alt_gyro_datalogger.ino:87:2)
2021/08/27 13:02:19     --> hover(file:///C:/Users/Anniesh/AppData/Local/Temp/arduino-language-server270391559/sketch/alt_gyro_datalogger.ino.cpp:89:2)
2021/08/27 13:02:19 IDE --> textDocument/hover 44 sent to Clang
2021/08/27 13:02:19 [91mIDE     LS --> CL: REQUEST textDocument/hover 46: [0m
2021/08/27 13:02:19 [92mIDE     LS <-- CL: ANSWER textDocument/hover 46 (46): [0m
2021/08/27 13:02:19 IDE --> textDocument/hover 44 [93m read-unlocked[0m
2021/08/27 13:02:19 [91mIDE <-- LS     CL: ANSWER UNBOUND (44): [0m
2021/08/27 13:02:40 [92mIDE --> LS     CL: REQUEST textDocument/hover 45: [0m
2021/08/27 13:02:40 IDE --> textDocument/hover 45 [93m read-locked[0m
2021/08/27 13:02:40 --> hover(file:///d%3A/arduino%20codes/alt_gyro_datalogger/alt_gyro_datalogger/alt_gyro_datalogger.ino:106:26)
2021/08/27 13:02:40     --> hover(file:///C:/Users/Anniesh/AppData/Local/Temp/arduino-language-server270391559/sketch/alt_gyro_datalogger.ino.cpp:108:26)
2021/08/27 13:02:40 IDE --> textDocument/hover 45 sent to Clang
2021/08/27 13:02:40 [91mIDE     LS --> CL: REQUEST textDocument/hover 47: [0m
2021/08/27 13:02:40 [92mIDE     LS <-- CL: ANSWER textDocument/hover 47 (47): [0m
2021/08/27 13:02:40 IDE --> textDocument/hover 45 [93m read-unlocked[0m
2021/08/27 13:02:40 [91mIDE <-- LS     CL: ANSWER UNBOUND (45): [0m
2021/08/27 13:02:41 [92mIDE --> LS     CL: REQUEST textDocument/hover 46: [0m
2021/08/27 13:02:41 IDE --> textDocument/hover 46 [93m read-locked[0m
2021/08/27 13:02:41 --> hover(file:///d%3A/arduino%20codes/alt_gyro_datalogger/alt_gyro_datalogger/alt_gyro_datalogger.ino:107:34)
2021/08/27 13:02:41     --> hover(file:///C:/Users/Anniesh/AppData/Local/Temp/arduino-language-server270391559/sketch/alt_gyro_datalogger.ino.cpp:109:34)
2021/08/27 13:02:41 IDE --> textDocument/hover 46 sent to Clang
2021/08/27 13:02:41 [91mIDE     LS --> CL: REQUEST textDocument/hover 48: [0m
2021/08/27 13:02:41 [92mIDE     LS <-- CL: ANSWER textDocument/hover 48 (48): [0m
2021/08/27 13:02:41 IDE --> textDocument/hover 46 [93m read-unlocked[0m
2021/08/27 13:02:41 [91mIDE <-- LS     CL: ANSWER UNBOUND (46): [0m
2021/08/27 13:02:57 [92mIDE --> LS     CL: REQUEST textDocument/codeAction 47: [0m
2021/08/27 13:02:57 IDE --> textDocument/codeAction 47 [93m read-locked[0m
2021/08/27 13:02:57 --> codeAction(file:///d%3A/arduino%20codes/alt_gyro_datalogger/alt_gyro_datalogger/alt_gyro_datalogger.ino:135:1)
2021/08/27 13:02:57     --> codeAction(file:///C:/Users/Anniesh/AppData/Local/Temp/arduino-language-server270391559/sketch/alt_gyro_datalogger.ino.cpp:137:1)
2021/08/27 13:02:57 IDE --> textDocument/codeAction 47 sent to Clang
2021/08/27 13:02:57 [91mIDE     LS --> CL: REQUEST textDocument/codeAction 49: [0m
2021/08/27 13:02:57 [92mIDE     LS <-- CL: ANSWER textDocument/codeAction 49 (49): [0m
2021/08/27 13:02:57     <-- codeAction(0 elements)
2021/08/27 13:02:57 <-- codeAction(0 elements)
2021/08/27 13:02:57 IDE --> textDocument/codeAction 47 [93m read-unlocked[0m
2021/08/27 13:02:57 [91mIDE <-- LS     CL: ANSWER UNBOUND (47): [0m
2021/08/27 14:10:51 [92mIDE --> LS     CL: REQUEST shutdown 48: [0m
2021/08/27 14:10:51 IDE --> shutdown 48 [93m read-locked[0m
2021/08/27 14:10:51 IDE --> shutdown 48 sent to Clang
2021/08/27 14:10:51 [91mIDE     LS --> CL: REQUEST shutdown 50: [0m
2021/08/27 14:10:51 [92mIDE     LS <-- CL: ANSWER shutdown 50 (50): [0m
2021/08/27 14:10:51 IDE --> shutdown 48 [93m read-unlocked[0m
2021/08/27 14:10:51 [91mIDE <-- LS     CL: ANSWER UNBOUND (48): [0m
2021/08/27 14:10:51 [92mIDE --> LS     CL: NOTIFICATION exit: [0m
2021/08/27 14:10:51 IDE --> exit notif3 [93m read-locked[0m
2021/08/27 14:10:51 IDE --> exit notif3 sent to Clang
2021/08/27 14:10:51 [91mIDE     LS --> CL: NOTIFICATION exit: [0m
2021/08/27 14:10:51 IDE --> exit notif3 [93m read-unlocked[0m
2021/08/27 14:10:51 Lost connection with clangd!
2021/08/27 14:10:51 removing buildpath
